01/10/2021 11:50:34 1
01/10/2021 11:50:34 Launching the MT-DNN training
01/10/2021 11:50:34 Loading data/canonical_data/bert_base_uncased_lower/qnli_train.json as task 3
01/10/2021 11:50:38 ####################
01/10/2021 11:50:38 {'log_file': 'checkpoints/finetune-qnli-LM_entropy8-8/log.log', 'tensorboard': False, 'tensorboard_logdir': 'tensorboard_logdir', 'init_checkpoint': 'checkpoints/mtdnn-LM_entropy8/model_4.pt', 'data_dir': 'data/canonical_data/bert_base_uncased_lower', 'data_sort_on': False, 'name': 'farmer', 'task_def': 'experiments/glue/glue_task_def.yml', 'train_datasets': ['qnli'], 'test_datasets': ['qnli'], 'glue_format_on': False, 'mkd_opt': 0, 'do_padding': False, 'update_bert_opt': 0, 'multi_gpu_on': True, 'mem_cum_type': 'simple', 'answer_num_turn': 5, 'answer_mem_drop_p': 0.1, 'answer_att_hidden_size': 128, 'answer_att_type': 'bilinear', 'answer_rnn_type': 'gru', 'answer_sum_att_type': 'bilinear', 'answer_merge_opt': 1, 'answer_mem_type': 1, 'max_answer_len': 10, 'answer_dropout_p': 0.1, 'answer_weight_norm_on': False, 'dump_state_on': False, 'answer_opt': 1, 'mtl_opt': 0, 'ratio': 0, 'mix_opt': 0, 'max_seq_len': 512, 'init_ratio': 1, 'encoder_type': <EncoderModelType.BERT: 1>, 'num_hidden_layers': -1, 'bert_model_type': 'bert-base-uncased', 'do_lower_case': False, 'masked_lm_prob': 0.15, 'short_seq_prob': 0.2, 'max_predictions_per_seq': 128, 'bin_on': False, 'bin_size': 64, 'bin_grow_ratio': 0.5, 'cuda': True, 'log_per_updates': 500, 'save_per_updates': 10000, 'save_per_updates_on': False, 'epochs': 10, 'batch_size': 8, 'batch_size_eval': 8, 'optimizer': 'adamax', 'grad_clipping': 0.0, 'global_grad_clipping': 1.0, 'weight_decay': 0, 'learning_rate': 5e-05, 'momentum': 0, 'warmup': 0.1, 'warmup_schedule': 'warmup_linear', 'adam_eps': 1e-06, 'vb_dropout': True, 'dropout_p': 0.1, 'dropout_w': 0.0, 'bert_dropout_p': 0.1, 'model_ckpt': 'checkpoints/model_0.pt', 'resume': False, 'have_lr_scheduler': True, 'multi_step_lr': '10,20,30', 'lr_gamma': 0.5, 'scheduler_type': 'ms', 'output_dir': 'checkpoints/finetune-qnli-LM_entropy8-8', 'seed': 2018, 'grad_accumulation_step': 1, 'fp16': False, 'fp16_opt_level': 'O1', 'adv_train': False, 'adv_opt': 0, 'adv_norm_level': 0, 'adv_p_norm': 'inf', 'adv_alpha': 1, 'adv_k': 1, 'adv_step_size': 0.001, 'adv_noise_var': 1e-05, 'adv_epsilon': 1e-06, 'loss_pred': True, 'collect_uncertainty': None, 'collect_topk': 0.1, 'load_ranked_data': None, 'mc_dropout': 0, 'finetune': True, 'encode_mode': False, 'task_def_list': [{'self': '{}', 'label_vocab': '<data_utils.vocab.Vocabulary object at 0x7f5059e9b670>', 'n_class': '2', 'data_type': '<DataFormat.PremiseAndOneHypothesis: 2>', 'task_type': '<TaskType.Classification: 1>', 'metric_meta': '(<Metric.ACC: 0>,)', 'split_names': "['train', 'dev', 'test']", 'enable_san': 'False', 'dropout_p': 'None', 'loss': '<LossCriterion.CeCriterion: 0>', 'kd_loss': '<LossCriterion.MseCriterion: 1>', 'adv_loss': '<LossCriterion.SymKlCriterion: 7>', '__class__': "<class 'experiments.exp_def.TaskDef'>"}]}
01/10/2021 11:50:38 ####################
01/10/2021 11:50:38 ############# Gradient Accumulation Info #############
01/10/2021 11:50:38 number of step: 135550
01/10/2021 11:50:38 number of grad grad_accumulation step: 1
01/10/2021 11:50:38 adjusted number of step: 135550
01/10/2021 11:50:38 ############# Gradient Accumulation Info #############
01/10/2021 11:51:00 
############# Model Arch of MT-DNN #############
SANBertNetwork(
  (dropout_list): ModuleList(
    (0): DropoutWrapper()
    (1): DropoutWrapper()
    (2): DropoutWrapper()
    (3): DropoutWrapper()
    (4): DropoutWrapper()
    (5): DropoutWrapper()
    (6): DropoutWrapper()
    (7): DropoutWrapper()
  )
  (bert): BertModel(
    (embeddings): BertEmbeddings(
      (word_embeddings): Embedding(30522, 768, padding_idx=0)
      (position_embeddings): Embedding(512, 768)
      (token_type_embeddings): Embedding(2, 768)
      (LayerNorm): LayerNorm((768,), eps=1e-12, elementwise_affine=True)
      (dropout): Dropout(p=0.1, inplace=False)
    )
    (encoder): BertEncoder(
      (layer): ModuleList(
        (0): BertLayer(
          (attention): BertAttention(
            (self): BertSelfAttention(
              (query): Linear(in_features=768, out_features=768, bias=True)
              (key): Linear(in_features=768, out_features=768, bias=True)
              (value): Linear(in_features=768, out_features=768, bias=True)
              (dropout): Dropout(p=0.1, inplace=False)
            )
            (output): BertSelfOutput(
              (dense): Linear(in_features=768, out_features=768, bias=True)
              (LayerNorm): LayerNorm((768,), eps=1e-12, elementwise_affine=True)
              (dropout): Dropout(p=0.1, inplace=False)
            )
          )
          (intermediate): BertIntermediate(
            (dense): Linear(in_features=768, out_features=3072, bias=True)
          )
          (output): BertOutput(
            (dense): Linear(in_features=3072, out_features=768, bias=True)
            (LayerNorm): LayerNorm((768,), eps=1e-12, elementwise_affine=True)
            (dropout): Dropout(p=0.1, inplace=False)
          )
        )
        (1): BertLayer(
          (attention): BertAttention(
            (self): BertSelfAttention(
              (query): Linear(in_features=768, out_features=768, bias=True)
              (key): Linear(in_features=768, out_features=768, bias=True)
              (value): Linear(in_features=768, out_features=768, bias=True)
              (dropout): Dropout(p=0.1, inplace=False)
            )
            (output): BertSelfOutput(
              (dense): Linear(in_features=768, out_features=768, bias=True)
              (LayerNorm): LayerNorm((768,), eps=1e-12, elementwise_affine=True)
              (dropout): Dropout(p=0.1, inplace=False)
            )
          )
          (intermediate): BertIntermediate(
            (dense): Linear(in_features=768, out_features=3072, bias=True)
          )
          (output): BertOutput(
            (dense): Linear(in_features=3072, out_features=768, bias=True)
            (LayerNorm): LayerNorm((768,), eps=1e-12, elementwise_affine=True)
            (dropout): Dropout(p=0.1, inplace=False)
          )
        )
        (2): BertLayer(
          (attention): BertAttention(
            (self): BertSelfAttention(
              (query): Linear(in_features=768, out_features=768, bias=True)
              (key): Linear(in_features=768, out_features=768, bias=True)
              (value): Linear(in_features=768, out_features=768, bias=True)
              (dropout): Dropout(p=0.1, inplace=False)
            )
            (output): BertSelfOutput(
              (dense): Linear(in_features=768, out_features=768, bias=True)
              (LayerNorm): LayerNorm((768,), eps=1e-12, elementwise_affine=True)
              (dropout): Dropout(p=0.1, inplace=False)
            )
          )
          (intermediate): BertIntermediate(
            (dense): Linear(in_features=768, out_features=3072, bias=True)
          )
          (output): BertOutput(
            (dense): Linear(in_features=3072, out_features=768, bias=True)
            (LayerNorm): LayerNorm((768,), eps=1e-12, elementwise_affine=True)
            (dropout): Dropout(p=0.1, inplace=False)
          )
        )
        (3): BertLayer(
          (attention): BertAttention(
            (self): BertSelfAttention(
              (query): Linear(in_features=768, out_features=768, bias=True)
              (key): Linear(in_features=768, out_features=768, bias=True)
              (value): Linear(in_features=768, out_features=768, bias=True)
              (dropout): Dropout(p=0.1, inplace=False)
            )
            (output): BertSelfOutput(
              (dense): Linear(in_features=768, out_features=768, bias=True)
              (LayerNorm): LayerNorm((768,), eps=1e-12, elementwise_affine=True)
              (dropout): Dropout(p=0.1, inplace=False)
            )
          )
          (intermediate): BertIntermediate(
            (dense): Linear(in_features=768, out_features=3072, bias=True)
          )
          (output): BertOutput(
            (dense): Linear(in_features=3072, out_features=768, bias=True)
            (LayerNorm): LayerNorm((768,), eps=1e-12, elementwise_affine=True)
            (dropout): Dropout(p=0.1, inplace=False)
          )
        )
        (4): BertLayer(
          (attention): BertAttention(
            (self): BertSelfAttention(
              (query): Linear(in_features=768, out_features=768, bias=True)
              (key): Linear(in_features=768, out_features=768, bias=True)
              (value): Linear(in_features=768, out_features=768, bias=True)
              (dropout): Dropout(p=0.1, inplace=False)
            )
            (output): BertSelfOutput(
              (dense): Linear(in_features=768, out_features=768, bias=True)
              (LayerNorm): LayerNorm((768,), eps=1e-12, elementwise_affine=True)
              (dropout): Dropout(p=0.1, inplace=False)
            )
          )
          (intermediate): BertIntermediate(
            (dense): Linear(in_features=768, out_features=3072, bias=True)
          )
          (output): BertOutput(
            (dense): Linear(in_features=3072, out_features=768, bias=True)
            (LayerNorm): LayerNorm((768,), eps=1e-12, elementwise_affine=True)
            (dropout): Dropout(p=0.1, inplace=False)
          )
        )
        (5): BertLayer(
          (attention): BertAttention(
            (self): BertSelfAttention(
              (query): Linear(in_features=768, out_features=768, bias=True)
              (key): Linear(in_features=768, out_features=768, bias=True)
              (value): Linear(in_features=768, out_features=768, bias=True)
              (dropout): Dropout(p=0.1, inplace=False)
            )
            (output): BertSelfOutput(
              (dense): Linear(in_features=768, out_features=768, bias=True)
              (LayerNorm): LayerNorm((768,), eps=1e-12, elementwise_affine=True)
              (dropout): Dropout(p=0.1, inplace=False)
            )
          )
          (intermediate): BertIntermediate(
            (dense): Linear(in_features=768, out_features=3072, bias=True)
          )
          (output): BertOutput(
            (dense): Linear(in_features=3072, out_features=768, bias=True)
            (LayerNorm): LayerNorm((768,), eps=1e-12, elementwise_affine=True)
            (dropout): Dropout(p=0.1, inplace=False)
          )
        )
        (6): BertLayer(
          (attention): BertAttention(
            (self): BertSelfAttention(
              (query): Linear(in_features=768, out_features=768, bias=True)
              (key): Linear(in_features=768, out_features=768, bias=True)
              (value): Linear(in_features=768, out_features=768, bias=True)
              (dropout): Dropout(p=0.1, inplace=False)
            )
            (output): BertSelfOutput(
              (dense): Linear(in_features=768, out_features=768, bias=True)
              (LayerNorm): LayerNorm((768,), eps=1e-12, elementwise_affine=True)
              (dropout): Dropout(p=0.1, inplace=False)
            )
          )
          (intermediate): BertIntermediate(
            (dense): Linear(in_features=768, out_features=3072, bias=True)
          )
          (output): BertOutput(
            (dense): Linear(in_features=3072, out_features=768, bias=True)
            (LayerNorm): LayerNorm((768,), eps=1e-12, elementwise_affine=True)
            (dropout): Dropout(p=0.1, inplace=False)
          )
        )
        (7): BertLayer(
          (attention): BertAttention(
            (self): BertSelfAttention(
              (query): Linear(in_features=768, out_features=768, bias=True)
              (key): Linear(in_features=768, out_features=768, bias=True)
              (value): Linear(in_features=768, out_features=768, bias=True)
              (dropout): Dropout(p=0.1, inplace=False)
            )
            (output): BertSelfOutput(
              (dense): Linear(in_features=768, out_features=768, bias=True)
              (LayerNorm): LayerNorm((768,), eps=1e-12, elementwise_affine=True)
              (dropout): Dropout(p=0.1, inplace=False)
            )
          )
          (intermediate): BertIntermediate(
            (dense): Linear(in_features=768, out_features=3072, bias=True)
          )
          (output): BertOutput(
            (dense): Linear(in_features=3072, out_features=768, bias=True)
            (LayerNorm): LayerNorm((768,), eps=1e-12, elementwise_affine=True)
            (dropout): Dropout(p=0.1, inplace=False)
          )
        )
        (8): BertLayer(
          (attention): BertAttention(
            (self): BertSelfAttention(
              (query): Linear(in_features=768, out_features=768, bias=True)
              (key): Linear(in_features=768, out_features=768, bias=True)
              (value): Linear(in_features=768, out_features=768, bias=True)
              (dropout): Dropout(p=0.1, inplace=False)
            )
            (output): BertSelfOutput(
              (dense): Linear(in_features=768, out_features=768, bias=True)
              (LayerNorm): LayerNorm((768,), eps=1e-12, elementwise_affine=True)
              (dropout): Dropout(p=0.1, inplace=False)
            )
          )
          (intermediate): BertIntermediate(
            (dense): Linear(in_features=768, out_features=3072, bias=True)
          )
          (output): BertOutput(
            (dense): Linear(in_features=3072, out_features=768, bias=True)
            (LayerNorm): LayerNorm((768,), eps=1e-12, elementwise_affine=True)
            (dropout): Dropout(p=0.1, inplace=False)
          )
        )
        (9): BertLayer(
          (attention): BertAttention(
            (self): BertSelfAttention(
              (query): Linear(in_features=768, out_features=768, bias=True)
              (key): Linear(in_features=768, out_features=768, bias=True)
              (value): Linear(in_features=768, out_features=768, bias=True)
              (dropout): Dropout(p=0.1, inplace=False)
            )
            (output): BertSelfOutput(
              (dense): Linear(in_features=768, out_features=768, bias=True)
              (LayerNorm): LayerNorm((768,), eps=1e-12, elementwise_affine=True)
              (dropout): Dropout(p=0.1, inplace=False)
            )
          )
          (intermediate): BertIntermediate(
            (dense): Linear(in_features=768, out_features=3072, bias=True)
          )
          (output): BertOutput(
            (dense): Linear(in_features=3072, out_features=768, bias=True)
            (LayerNorm): LayerNorm((768,), eps=1e-12, elementwise_affine=True)
            (dropout): Dropout(p=0.1, inplace=False)
          )
        )
        (10): BertLayer(
          (attention): BertAttention(
            (self): BertSelfAttention(
              (query): Linear(in_features=768, out_features=768, bias=True)
              (key): Linear(in_features=768, out_features=768, bias=True)
              (value): Linear(in_features=768, out_features=768, bias=True)
              (dropout): Dropout(p=0.1, inplace=False)
            )
            (output): BertSelfOutput(
              (dense): Linear(in_features=768, out_features=768, bias=True)
              (LayerNorm): LayerNorm((768,), eps=1e-12, elementwise_affine=True)
              (dropout): Dropout(p=0.1, inplace=False)
            )
          )
          (intermediate): BertIntermediate(
            (dense): Linear(in_features=768, out_features=3072, bias=True)
          )
          (output): BertOutput(
            (dense): Linear(in_features=3072, out_features=768, bias=True)
            (LayerNorm): LayerNorm((768,), eps=1e-12, elementwise_affine=True)
            (dropout): Dropout(p=0.1, inplace=False)
          )
        )
        (11): BertLayer(
          (attention): BertAttention(
            (self): BertSelfAttention(
              (query): Linear(in_features=768, out_features=768, bias=True)
              (key): Linear(in_features=768, out_features=768, bias=True)
              (value): Linear(in_features=768, out_features=768, bias=True)
              (dropout): Dropout(p=0.1, inplace=False)
            )
            (output): BertSelfOutput(
              (dense): Linear(in_features=768, out_features=768, bias=True)
              (LayerNorm): LayerNorm((768,), eps=1e-12, elementwise_affine=True)
              (dropout): Dropout(p=0.1, inplace=False)
            )
          )
          (intermediate): BertIntermediate(
            (dense): Linear(in_features=768, out_features=3072, bias=True)
          )
          (output): BertOutput(
            (dense): Linear(in_features=3072, out_features=768, bias=True)
            (LayerNorm): LayerNorm((768,), eps=1e-12, elementwise_affine=True)
            (dropout): Dropout(p=0.1, inplace=False)
          )
        )
      )
    )
    (pooler): BertPooler(
      (dense): Linear(in_features=768, out_features=768, bias=True)
      (activation): Tanh()
    )
  )
  (loss_pred_fc): Linear(in_features=768, out_features=1, bias=True)
  (scoring_list): ModuleList(
    (0): Linear(in_features=768, out_features=3, bias=True)
    (1): Linear(in_features=768, out_features=2, bias=True)
    (2): Linear(in_features=768, out_features=2, bias=True)
    (3): Linear(in_features=768, out_features=2, bias=True)
    (4): Linear(in_features=768, out_features=2, bias=True)
    (5): Linear(in_features=768, out_features=2, bias=True)
    (6): Linear(in_features=768, out_features=2, bias=True)
    (7): Linear(in_features=768, out_features=1, bias=True)
  )
)

01/10/2021 11:51:00 Total number of params: 109495313
01/10/2021 11:51:00 At epoch 0
01/10/2021 11:51:01 Task [ 3] updates[     1] train loss[1.50865] remaining[5:57:41]
01/10/2021 11:52:08 Task [ 3] updates[   500] train loss[nan] remaining[0:29:52]
01/10/2021 11:53:11 Task [ 3] updates[  1000] train loss[nan] remaining[0:27:31]
01/10/2021 11:54:18 Task [ 3] updates[  1500] train loss[nan] remaining[0:26:31]
01/10/2021 11:55:23 Task [ 3] updates[  2000] train loss[nan] remaining[0:25:19]
01/10/2021 11:56:27 Task [ 3] updates[  2500] train loss[nan] remaining[0:24:08]
01/10/2021 11:57:32 Task [ 3] updates[  3000] train loss[nan] remaining[0:22:59]
01/10/2021 11:58:38 Task [ 3] updates[  3500] train loss[nan] remaining[0:21:55]
01/10/2021 11:59:43 Task [ 3] updates[  4000] train loss[nan] remaining[0:20:49]
01/10/2021 12:00:49 Task [ 3] updates[  4500] train loss[nan] remaining[0:19:46]
01/10/2021 12:01:55 Task [ 3] updates[  5000] train loss[nan] remaining[0:18:41]
01/10/2021 12:03:02 Task [ 3] updates[  5500] train loss[nan] remaining[0:17:37]
01/10/2021 12:04:11 Task [ 3] updates[  6000] train loss[nan] remaining[0:16:36]
01/10/2021 12:05:19 Task [ 3] updates[  6500] train loss[nan] remaining[0:15:32]
01/10/2021 12:06:27 Task [ 3] updates[  7000] train loss[nan] remaining[0:14:28]
01/10/2021 12:07:27 Task [ 3] updates[  7500] train loss[nan] remaining[0:13:17]
01/10/2021 12:08:29 Task [ 3] updates[  8000] train loss[nan] remaining[0:12:08]
01/10/2021 12:09:33 Task [ 3] updates[  8500] train loss[nan] remaining[0:11:02]
01/10/2021 12:10:39 Task [ 3] updates[  9000] train loss[nan] remaining[0:09:56]
01/10/2021 12:11:45 Task [ 3] updates[  9500] train loss[nan] remaining[0:08:51]
01/10/2021 12:12:53 Task [ 3] updates[ 10000] train loss[nan] remaining[0:07:47]
01/10/2021 12:14:10 Task [ 3] updates[ 10500] train loss[nan] remaining[0:06:44]
01/10/2021 12:15:19 Task [ 3] updates[ 11000] train loss[nan] remaining[0:05:38]
01/10/2021 12:16:25 Task [ 3] updates[ 11500] train loss[nan] remaining[0:04:32]
01/10/2021 12:17:30 Task [ 3] updates[ 12000] train loss[nan] remaining[0:03:26]
01/10/2021 12:18:38 Task [ 3] updates[ 12500] train loss[nan] remaining[0:02:19]
01/10/2021 12:19:45 Task [ 3] updates[ 13000] train loss[nan] remaining[0:01:13]
01/10/2021 12:20:53 Task [ 3] updates[ 13500] train loss[nan] remaining[0:00:07]
01/10/2021 12:21:15 Task qnli -- epoch 0 -- Dev ACC: 50.000
01/10/2021 12:21:32 [new test scores saved.]
01/10/2021 12:21:37 At epoch 1
01/10/2021 12:22:37 Task [ 3] updates[ 14000] train loss[nan] remaining[0:29:18]
01/10/2021 12:23:45 Task [ 3] updates[ 14500] train loss[nan] remaining[0:28:29]
01/10/2021 12:24:53 Task [ 3] updates[ 15000] train loss[nan] remaining[0:27:20]
01/10/2021 12:26:00 Task [ 3] updates[ 15500] train loss[nan] remaining[0:26:07]
01/10/2021 12:27:05 Task [ 3] updates[ 16000] train loss[nan] remaining[0:24:49]
01/10/2021 12:28:11 Task [ 3] updates[ 16500] train loss[nan] remaining[0:23:38]
01/10/2021 12:29:16 Task [ 3] updates[ 17000] train loss[nan] remaining[0:22:26]
01/10/2021 12:30:20 Task [ 3] updates[ 17500] train loss[nan] remaining[0:21:13]
01/10/2021 12:31:26 Task [ 3] updates[ 18000] train loss[nan] remaining[0:20:06]
01/10/2021 12:32:32 Task [ 3] updates[ 18500] train loss[nan] remaining[0:19:00]
01/10/2021 12:33:39 Task [ 3] updates[ 19000] train loss[nan] remaining[0:17:54]
01/10/2021 12:34:46 Task [ 3] updates[ 19500] train loss[nan] remaining[0:16:49]
01/10/2021 12:35:52 Task [ 3] updates[ 20000] train loss[nan] remaining[0:15:42]
01/10/2021 12:36:58 Task [ 3] updates[ 20500] train loss[nan] remaining[0:14:36]
01/10/2021 12:38:05 Task [ 3] updates[ 21000] train loss[nan] remaining[0:13:30]
01/10/2021 12:39:10 Task [ 3] updates[ 21500] train loss[nan] remaining[0:12:23]
01/10/2021 12:40:16 Task [ 3] updates[ 22000] train loss[nan] remaining[0:11:17]
01/10/2021 12:41:22 Task [ 3] updates[ 22500] train loss[nan] remaining[0:10:10]
01/10/2021 12:42:29 Task [ 3] updates[ 23000] train loss[nan] remaining[0:09:04]
01/10/2021 12:43:36 Task [ 3] updates[ 23500] train loss[nan] remaining[0:07:58]
01/10/2021 12:44:42 Task [ 3] updates[ 24000] train loss[nan] remaining[0:06:52]
01/10/2021 12:45:48 Task [ 3] updates[ 24500] train loss[nan] remaining[0:05:45]
01/10/2021 12:46:51 Task [ 3] updates[ 25000] train loss[nan] remaining[0:04:39]
01/10/2021 12:47:54 Task [ 3] updates[ 25500] train loss[nan] remaining[0:03:32]
01/10/2021 12:49:01 Task [ 3] updates[ 26000] train loss[nan] remaining[0:02:26]
01/10/2021 12:50:08 Task [ 3] updates[ 26500] train loss[nan] remaining[0:01:20]
01/10/2021 12:51:15 Task [ 3] updates[ 27000] train loss[nan] remaining[0:00:14]
01/10/2021 12:51:45 Task qnli -- epoch 1 -- Dev ACC: 50.000
01/10/2021 12:52:02 [new test scores saved.]
01/10/2021 12:52:08 At epoch 2
01/10/2021 12:53:00 Task [ 3] updates[ 27500] train loss[nan] remaining[0:29:27]
01/10/2021 12:54:07 Task [ 3] updates[ 28000] train loss[nan] remaining[0:28:18]
01/10/2021 12:55:16 Task [ 3] updates[ 28500] train loss[nan] remaining[0:27:25]
01/10/2021 12:56:22 Task [ 3] updates[ 29000] train loss[nan] remaining[0:26:07]
01/10/2021 12:57:26 Task [ 3] updates[ 29500] train loss[nan] remaining[0:24:48]
01/10/2021 12:58:34 Task [ 3] updates[ 30000] train loss[nan] remaining[0:23:45]
01/10/2021 12:59:41 Task [ 3] updates[ 30500] train loss[nan] remaining[0:22:39]
01/10/2021 01:00:49 Task [ 3] updates[ 31000] train loss[nan] remaining[0:21:35]
01/10/2021 01:01:55 Task [ 3] updates[ 31500] train loss[nan] remaining[0:20:26]
01/10/2021 01:03:03 Task [ 3] updates[ 32000] train loss[nan] remaining[0:19:20]
01/10/2021 01:04:07 Task [ 3] updates[ 32500] train loss[nan] remaining[0:18:09]
01/10/2021 01:05:10 Task [ 3] updates[ 33000] train loss[nan] remaining[0:16:57]
01/10/2021 01:06:15 Task [ 3] updates[ 33500] train loss[nan] remaining[0:15:50]
01/10/2021 01:07:22 Task [ 3] updates[ 34000] train loss[nan] remaining[0:14:44]
01/10/2021 01:08:31 Task [ 3] updates[ 34500] train loss[nan] remaining[0:13:40]
01/10/2021 01:09:38 Task [ 3] updates[ 35000] train loss[nan] remaining[0:12:33]
01/10/2021 01:10:44 Task [ 3] updates[ 35500] train loss[nan] remaining[0:11:27]
01/10/2021 01:11:52 Task [ 3] updates[ 36000] train loss[nan] remaining[0:10:21]
01/10/2021 01:12:59 Task [ 3] updates[ 36500] train loss[nan] remaining[0:09:14]
01/10/2021 01:14:03 Task [ 3] updates[ 37000] train loss[nan] remaining[0:08:07]
01/10/2021 01:15:10 Task [ 3] updates[ 37500] train loss[nan] remaining[0:07:00]
01/10/2021 01:16:15 Task [ 3] updates[ 38000] train loss[nan] remaining[0:05:54]
01/10/2021 01:17:20 Task [ 3] updates[ 38500] train loss[nan] remaining[0:04:47]
01/10/2021 01:18:27 Task [ 3] updates[ 39000] train loss[nan] remaining[0:03:41]
01/10/2021 01:19:33 Task [ 3] updates[ 39500] train loss[nan] remaining[0:02:34]
01/10/2021 01:20:38 Task [ 3] updates[ 40000] train loss[nan] remaining[0:01:28]
01/10/2021 01:21:44 Task [ 3] updates[ 40500] train loss[nan] remaining[0:00:21]
01/10/2021 01:22:19 Task qnli -- epoch 2 -- Dev ACC: 50.000
01/10/2021 01:22:35 [new test scores saved.]
01/10/2021 01:22:40 At epoch 3
01/10/2021 01:23:23 Task [ 3] updates[ 41000] train loss[nan] remaining[0:28:34]
01/10/2021 01:24:30 Task [ 3] updates[ 41500] train loss[nan] remaining[0:28:02]
01/10/2021 01:25:37 Task [ 3] updates[ 42000] train loss[nan] remaining[0:27:06]
01/10/2021 01:26:44 Task [ 3] updates[ 42500] train loss[nan] remaining[0:25:58]
01/10/2021 01:27:52 Task [ 3] updates[ 43000] train loss[nan] remaining[0:24:59]
01/10/2021 01:28:58 Task [ 3] updates[ 43500] train loss[nan] remaining[0:23:51]
01/10/2021 01:30:06 Task [ 3] updates[ 44000] train loss[nan] remaining[0:22:46]
01/10/2021 01:31:12 Task [ 3] updates[ 44500] train loss[nan] remaining[0:21:37]
01/10/2021 01:32:19 Task [ 3] updates[ 45000] train loss[nan] remaining[0:20:32]
01/10/2021 01:33:25 Task [ 3] updates[ 45500] train loss[nan] remaining[0:19:23]
01/10/2021 01:34:30 Task [ 3] updates[ 46000] train loss[nan] remaining[0:18:14]
01/10/2021 01:35:37 Task [ 3] updates[ 46500] train loss[nan] remaining[0:17:07]
01/10/2021 01:36:43 Task [ 3] updates[ 47000] train loss[nan] remaining[0:16:00]
01/10/2021 01:37:49 Task [ 3] updates[ 47500] train loss[nan] remaining[0:14:53]
01/10/2021 01:38:56 Task [ 3] updates[ 48000] train loss[nan] remaining[0:13:47]
01/10/2021 01:39:57 Task [ 3] updates[ 48500] train loss[nan] remaining[0:12:36]
01/10/2021 01:41:01 Task [ 3] updates[ 49000] train loss[nan] remaining[0:11:29]
01/10/2021 01:42:09 Task [ 3] updates[ 49500] train loss[nan] remaining[0:10:24]
01/10/2021 01:43:16 Task [ 3] updates[ 50000] train loss[nan] remaining[0:09:18]
01/10/2021 01:44:23 Task [ 3] updates[ 50500] train loss[nan] remaining[0:08:12]
01/10/2021 01:45:30 Task [ 3] updates[ 51000] train loss[nan] remaining[0:07:06]
01/10/2021 01:46:36 Task [ 3] updates[ 51500] train loss[nan] remaining[0:06:00]
01/10/2021 01:47:44 Task [ 3] updates[ 52000] train loss[nan] remaining[0:04:54]
01/10/2021 01:48:47 Task [ 3] updates[ 52500] train loss[nan] remaining[0:03:47]
01/10/2021 01:49:52 Task [ 3] updates[ 53000] train loss[nan] remaining[0:02:41]
01/10/2021 01:51:00 Task [ 3] updates[ 53500] train loss[nan] remaining[0:01:35]
01/10/2021 01:52:06 Task [ 3] updates[ 54000] train loss[nan] remaining[0:00:29]
01/10/2021 01:52:51 Task qnli -- epoch 3 -- Dev ACC: 50.000
01/10/2021 01:53:08 [new test scores saved.]
01/10/2021 01:53:13 At epoch 4
01/10/2021 01:53:52 Task [ 3] updates[ 54500] train loss[nan] remaining[0:30:50]
01/10/2021 01:55:08 Task [ 3] updates[ 55000] train loss[nan] remaining[0:31:14]
01/10/2021 01:56:19 Task [ 3] updates[ 55500] train loss[nan] remaining[0:29:45]
01/10/2021 01:57:24 Task [ 3] updates[ 56000] train loss[nan] remaining[0:27:37]
01/10/2021 01:58:35 Task [ 3] updates[ 56500] train loss[nan] remaining[0:26:33]
01/10/2021 01:59:48 Task [ 3] updates[ 57000] train loss[nan] remaining[0:25:31]
01/10/2021 02:00:55 Task [ 3] updates[ 57500] train loss[nan] remaining[0:24:07]
01/10/2021 02:02:02 Task [ 3] updates[ 58000] train loss[nan] remaining[0:22:48]
01/10/2021 02:03:09 Task [ 3] updates[ 58500] train loss[nan] remaining[0:21:30]
01/10/2021 02:04:16 Task [ 3] updates[ 59000] train loss[nan] remaining[0:20:16]
01/10/2021 02:05:22 Task [ 3] updates[ 59500] train loss[nan] remaining[0:19:03]
01/10/2021 02:06:27 Task [ 3] updates[ 60000] train loss[nan] remaining[0:17:48]
01/10/2021 02:07:33 Task [ 3] updates[ 60500] train loss[nan] remaining[0:16:35]
01/10/2021 02:08:39 Task [ 3] updates[ 61000] train loss[nan] remaining[0:15:25]
01/10/2021 02:09:45 Task [ 3] updates[ 61500] train loss[nan] remaining[0:14:15]
01/10/2021 02:10:52 Task [ 3] updates[ 62000] train loss[nan] remaining[0:13:05]
01/10/2021 02:11:59 Task [ 3] updates[ 62500] train loss[nan] remaining[0:11:57]
01/10/2021 02:13:07 Task [ 3] updates[ 63000] train loss[nan] remaining[0:10:49]
01/10/2021 02:14:13 Task [ 3] updates[ 63500] train loss[nan] remaining[0:09:40]
01/10/2021 02:15:12 Task [ 3] updates[ 64000] train loss[nan] remaining[0:08:29]
01/10/2021 02:16:14 Task [ 3] updates[ 64500] train loss[nan] remaining[0:07:19]
01/10/2021 02:17:20 Task [ 3] updates[ 65000] train loss[nan] remaining[0:06:12]
01/10/2021 02:18:26 Task [ 3] updates[ 65500] train loss[nan] remaining[0:05:05]
01/10/2021 02:19:33 Task [ 3] updates[ 66000] train loss[nan] remaining[0:03:58]
01/10/2021 02:20:39 Task [ 3] updates[ 66500] train loss[nan] remaining[0:02:50]
01/10/2021 02:21:45 Task [ 3] updates[ 67000] train loss[nan] remaining[0:01:43]
01/10/2021 02:22:51 Task [ 3] updates[ 67500] train loss[nan] remaining[0:00:36]
01/10/2021 02:23:43 Task qnli -- epoch 4 -- Dev ACC: 50.000
01/10/2021 02:24:00 [new test scores saved.]
01/10/2021 02:24:05 At epoch 5
01/10/2021 02:24:34 Task [ 3] updates[ 68000] train loss[nan] remaining[0:28:46]
01/10/2021 02:25:39 Task [ 3] updates[ 68500] train loss[nan] remaining[0:27:54]
01/10/2021 02:26:46 Task [ 3] updates[ 69000] train loss[nan] remaining[0:27:03]
01/10/2021 02:27:53 Task [ 3] updates[ 69500] train loss[nan] remaining[0:26:08]
01/10/2021 02:29:00 Task [ 3] updates[ 70000] train loss[nan] remaining[0:25:06]
01/10/2021 02:30:06 Task [ 3] updates[ 70500] train loss[nan] remaining[0:23:58]
01/10/2021 02:31:12 Task [ 3] updates[ 71000] train loss[nan] remaining[0:22:50]
01/10/2021 02:32:20 Task [ 3] updates[ 71500] train loss[nan] remaining[0:21:47]
01/10/2021 02:33:21 Task [ 3] updates[ 72000] train loss[nan] remaining[0:20:29]
01/10/2021 02:34:24 Task [ 3] updates[ 72500] train loss[nan] remaining[0:19:18]
01/10/2021 02:35:31 Task [ 3] updates[ 73000] train loss[nan] remaining[0:18:14]
01/10/2021 02:36:39 Task [ 3] updates[ 73500] train loss[nan] remaining[0:17:11]
01/10/2021 02:37:45 Task [ 3] updates[ 74000] train loss[nan] remaining[0:16:06]
01/10/2021 02:38:52 Task [ 3] updates[ 74500] train loss[nan] remaining[0:15:01]
01/10/2021 02:40:00 Task [ 3] updates[ 75000] train loss[nan] remaining[0:13:56]
01/10/2021 02:41:06 Task [ 3] updates[ 75500] train loss[nan] remaining[0:12:51]
01/10/2021 02:42:12 Task [ 3] updates[ 76000] train loss[nan] remaining[0:11:44]
01/10/2021 02:43:16 Task [ 3] updates[ 76500] train loss[nan] remaining[0:10:37]
01/10/2021 02:44:24 Task [ 3] updates[ 77000] train loss[nan] remaining[0:09:32]
01/10/2021 02:45:31 Task [ 3] updates[ 77500] train loss[nan] remaining[0:08:26]
01/10/2021 02:46:37 Task [ 3] updates[ 78000] train loss[nan] remaining[0:07:20]
01/10/2021 02:47:43 Task [ 3] updates[ 78500] train loss[nan] remaining[0:06:14]
01/10/2021 02:48:49 Task [ 3] updates[ 79000] train loss[nan] remaining[0:05:08]
01/10/2021 02:49:55 Task [ 3] updates[ 79500] train loss[nan] remaining[0:04:02]
01/10/2021 02:50:58 Task [ 3] updates[ 80000] train loss[nan] remaining[0:02:55]
01/10/2021 02:52:01 Task [ 3] updates[ 80500] train loss[nan] remaining[0:01:49]
01/10/2021 02:53:07 Task [ 3] updates[ 81000] train loss[nan] remaining[0:00:43]
01/10/2021 02:54:07 Task qnli -- epoch 5 -- Dev ACC: 50.000
01/10/2021 02:54:23 [new test scores saved.]
01/10/2021 02:54:29 At epoch 6
01/10/2021 02:54:52 Task [ 3] updates[ 81500] train loss[nan] remaining[0:30:00]
01/10/2021 02:55:58 Task [ 3] updates[ 82000] train loss[nan] remaining[0:28:36]
01/10/2021 02:57:04 Task [ 3] updates[ 82500] train loss[nan] remaining[0:27:25]
01/10/2021 02:58:12 Task [ 3] updates[ 83000] train loss[nan] remaining[0:26:24]
01/10/2021 02:59:17 Task [ 3] updates[ 83500] train loss[nan] remaining[0:25:13]
01/10/2021 03:00:22 Task [ 3] updates[ 84000] train loss[nan] remaining[0:24:00]
01/10/2021 03:01:28 Task [ 3] updates[ 84500] train loss[nan] remaining[0:22:53]
01/10/2021 03:02:33 Task [ 3] updates[ 85000] train loss[nan] remaining[0:21:45]
01/10/2021 03:03:40 Task [ 3] updates[ 85500] train loss[nan] remaining[0:20:39]
01/10/2021 03:04:45 Task [ 3] updates[ 86000] train loss[nan] remaining[0:19:32]
01/10/2021 03:05:51 Task [ 3] updates[ 86500] train loss[nan] remaining[0:18:26]
01/10/2021 03:06:56 Task [ 3] updates[ 87000] train loss[nan] remaining[0:17:19]
01/10/2021 03:08:02 Task [ 3] updates[ 87500] train loss[nan] remaining[0:16:13]
01/10/2021 03:09:05 Task [ 3] updates[ 88000] train loss[nan] remaining[0:15:04]
01/10/2021 03:10:10 Task [ 3] updates[ 88500] train loss[nan] remaining[0:13:58]
01/10/2021 03:11:18 Task [ 3] updates[ 89000] train loss[nan] remaining[0:12:53]
01/10/2021 03:12:24 Task [ 3] updates[ 89500] train loss[nan] remaining[0:11:48]
01/10/2021 03:13:31 Task [ 3] updates[ 90000] train loss[nan] remaining[0:10:43]
01/10/2021 03:14:37 Task [ 3] updates[ 90500] train loss[nan] remaining[0:09:37]
01/10/2021 03:15:44 Task [ 3] updates[ 91000] train loss[nan] remaining[0:08:32]
01/10/2021 03:16:50 Task [ 3] updates[ 91500] train loss[nan] remaining[0:07:26]
01/10/2021 03:17:55 Task [ 3] updates[ 92000] train loss[nan] remaining[0:06:20]
01/10/2021 03:19:01 Task [ 3] updates[ 92500] train loss[nan] remaining[0:05:14]
01/10/2021 03:20:07 Task [ 3] updates[ 93000] train loss[nan] remaining[0:04:08]
01/10/2021 03:21:14 Task [ 3] updates[ 93500] train loss[nan] remaining[0:03:02]
01/10/2021 03:22:20 Task [ 3] updates[ 94000] train loss[nan] remaining[0:01:56]
01/10/2021 03:23:27 Task [ 3] updates[ 94500] train loss[nan] remaining[0:00:50]
01/10/2021 03:24:33 Task qnli -- epoch 6 -- Dev ACC: 50.000
01/10/2021 03:24:50 [new test scores saved.]
01/10/2021 03:24:55 At epoch 7
01/10/2021 03:25:11 Task [ 3] updates[ 95000] train loss[nan] remaining[0:29:55]
01/10/2021 03:26:13 Task [ 3] updates[ 95500] train loss[nan] remaining[0:27:16]
01/10/2021 03:27:17 Task [ 3] updates[ 96000] train loss[nan] remaining[0:26:27]
01/10/2021 03:28:24 Task [ 3] updates[ 96500] train loss[nan] remaining[0:25:42]
01/10/2021 03:29:31 Task [ 3] updates[ 97000] train loss[nan] remaining[0:24:51]
01/10/2021 03:30:37 Task [ 3] updates[ 97500] train loss[nan] remaining[0:23:50]
01/10/2021 03:31:43 Task [ 3] updates[ 98000] train loss[nan] remaining[0:22:46]
01/10/2021 03:32:50 Task [ 3] updates[ 98500] train loss[nan] remaining[0:21:44]
01/10/2021 03:33:56 Task [ 3] updates[ 99000] train loss[nan] remaining[0:20:39]
01/10/2021 03:35:02 Task [ 3] updates[ 99500] train loss[nan] remaining[0:19:34]
01/10/2021 03:36:06 Task [ 3] updates[100000] train loss[nan] remaining[0:18:26]
01/10/2021 03:37:12 Task [ 3] updates[100500] train loss[nan] remaining[0:17:22]
01/10/2021 03:38:18 Task [ 3] updates[101000] train loss[nan] remaining[0:16:16]
01/10/2021 03:39:24 Task [ 3] updates[101500] train loss[nan] remaining[0:15:11]
01/10/2021 03:40:30 Task [ 3] updates[102000] train loss[nan] remaining[0:14:06]
01/10/2021 03:41:36 Task [ 3] updates[102500] train loss[nan] remaining[0:13:00]
01/10/2021 03:42:42 Task [ 3] updates[103000] train loss[nan] remaining[0:11:55]
01/10/2021 03:43:45 Task [ 3] updates[103500] train loss[nan] remaining[0:10:47]
01/10/2021 03:44:50 Task [ 3] updates[104000] train loss[nan] remaining[0:09:41]
01/10/2021 03:45:56 Task [ 3] updates[104500] train loss[nan] remaining[0:08:36]
01/10/2021 03:47:02 Task [ 3] updates[105000] train loss[nan] remaining[0:07:31]
01/10/2021 03:48:08 Task [ 3] updates[105500] train loss[nan] remaining[0:06:25]
01/10/2021 03:49:15 Task [ 3] updates[106000] train loss[nan] remaining[0:05:20]
01/10/2021 03:50:23 Task [ 3] updates[106500] train loss[nan] remaining[0:04:15]
01/10/2021 03:51:30 Task [ 3] updates[107000] train loss[nan] remaining[0:03:09]
01/10/2021 03:52:36 Task [ 3] updates[107500] train loss[nan] remaining[0:02:03]
01/10/2021 03:53:40 Task [ 3] updates[108000] train loss[nan] remaining[0:00:57]
01/10/2021 03:54:53 Task qnli -- epoch 7 -- Dev ACC: 50.000
01/10/2021 03:55:10 [new test scores saved.]
01/10/2021 03:55:16 At epoch 8
01/10/2021 03:55:24 Task [ 3] updates[108500] train loss[nan] remaining[0:29:35]
01/10/2021 03:56:31 Task [ 3] updates[109000] train loss[nan] remaining[0:29:05]
01/10/2021 03:57:38 Task [ 3] updates[109500] train loss[nan] remaining[0:27:56]
01/10/2021 03:58:45 Task [ 3] updates[110000] train loss[nan] remaining[0:26:47]
01/10/2021 03:59:51 Task [ 3] updates[110500] train loss[nan] remaining[0:25:36]
01/10/2021 04:00:56 Task [ 3] updates[111000] train loss[nan] remaining[0:24:22]
01/10/2021 04:01:56 Task [ 3] updates[111500] train loss[nan] remaining[0:22:53]
01/10/2021 04:03:03 Task [ 3] updates[112000] train loss[nan] remaining[0:21:49]
01/10/2021 04:04:07 Task [ 3] updates[112500] train loss[nan] remaining[0:20:42]
01/10/2021 04:05:13 Task [ 3] updates[113000] train loss[nan] remaining[0:19:38]
01/10/2021 04:06:18 Task [ 3] updates[113500] train loss[nan] remaining[0:18:31]
01/10/2021 04:07:23 Task [ 3] updates[114000] train loss[nan] remaining[0:17:25]
01/10/2021 04:08:29 Task [ 3] updates[114500] train loss[nan] remaining[0:16:20]
01/10/2021 04:09:35 Task [ 3] updates[115000] train loss[nan] remaining[0:15:16]
01/10/2021 04:10:38 Task [ 3] updates[115500] train loss[nan] remaining[0:14:08]
01/10/2021 04:11:44 Task [ 3] updates[116000] train loss[nan] remaining[0:13:03]
01/10/2021 04:12:51 Task [ 3] updates[116500] train loss[nan] remaining[0:11:58]
01/10/2021 04:13:58 Task [ 3] updates[117000] train loss[nan] remaining[0:10:54]
01/10/2021 04:15:04 Task [ 3] updates[117500] train loss[nan] remaining[0:09:49]
01/10/2021 04:16:10 Task [ 3] updates[118000] train loss[nan] remaining[0:08:44]
01/10/2021 04:17:15 Task [ 3] updates[118500] train loss[nan] remaining[0:07:38]
01/10/2021 04:18:21 Task [ 3] updates[119000] train loss[nan] remaining[0:06:32]
01/10/2021 04:19:21 Task [ 3] updates[119500] train loss[nan] remaining[0:05:26]
01/10/2021 04:20:25 Task [ 3] updates[120000] train loss[nan] remaining[0:04:20]
01/10/2021 04:21:33 Task [ 3] updates[120500] train loss[nan] remaining[0:03:15]
01/10/2021 04:22:40 Task [ 3] updates[121000] train loss[nan] remaining[0:02:10]
01/10/2021 04:23:46 Task [ 3] updates[121500] train loss[nan] remaining[0:01:04]
01/10/2021 04:25:11 Task qnli -- epoch 8 -- Dev ACC: 50.000
