01/10/2021 11:02:17 1
01/10/2021 11:02:17 Launching the MT-DNN training
01/10/2021 11:02:17 Loading data/canonical_data/bert_base_uncased_lower/rte_train.json as task 1
01/10/2021 11:02:17 ####################
01/10/2021 11:02:17 {'log_file': 'checkpoints/finetune-rte-full8-$/log.log', 'tensorboard': False, 'tensorboard_logdir': 'tensorboard_logdir', 'init_checkpoint': 'checkpoints/mtdnn-full8/model_4.pt', 'data_dir': 'data/canonical_data/bert_base_uncased_lower', 'data_sort_on': False, 'name': 'farmer', 'task_def': 'experiments/glue/glue_task_def.yml', 'train_datasets': ['rte'], 'test_datasets': ['rte'], 'glue_format_on': False, 'mkd_opt': 0, 'do_padding': False, 'update_bert_opt': 0, 'multi_gpu_on': True, 'mem_cum_type': 'simple', 'answer_num_turn': 5, 'answer_mem_drop_p': 0.1, 'answer_att_hidden_size': 128, 'answer_att_type': 'bilinear', 'answer_rnn_type': 'gru', 'answer_sum_att_type': 'bilinear', 'answer_merge_opt': 1, 'answer_mem_type': 1, 'max_answer_len': 10, 'answer_dropout_p': 0.1, 'answer_weight_norm_on': False, 'dump_state_on': False, 'answer_opt': 1, 'mtl_opt': 0, 'ratio': 0, 'mix_opt': 0, 'max_seq_len': 512, 'init_ratio': 1, 'encoder_type': <EncoderModelType.BERT: 1>, 'num_hidden_layers': -1, 'bert_model_type': 'bert-base-uncased', 'do_lower_case': False, 'masked_lm_prob': 0.15, 'short_seq_prob': 0.2, 'max_predictions_per_seq': 128, 'bin_on': False, 'bin_size': 64, 'bin_grow_ratio': 0.5, 'cuda': True, 'log_per_updates': 500, 'save_per_updates': 10000, 'save_per_updates_on': False, 'epochs': 30, 'batch_size': 8, 'batch_size_eval': 8, 'optimizer': 'adamax', 'grad_clipping': 0.0, 'global_grad_clipping': 1.0, 'weight_decay': 0, 'learning_rate': 5e-05, 'momentum': 0, 'warmup': 0.1, 'warmup_schedule': 'warmup_linear', 'adam_eps': 1e-06, 'vb_dropout': True, 'dropout_p': 0.1, 'dropout_w': 0.0, 'bert_dropout_p': 0.1, 'model_ckpt': 'checkpoints/model_0.pt', 'resume': False, 'have_lr_scheduler': True, 'multi_step_lr': '10,20,30', 'lr_gamma': 0.5, 'scheduler_type': 'ms', 'output_dir': 'checkpoints/finetune-rte-full8-$', 'seed': 2018, 'grad_accumulation_step': 1, 'fp16': False, 'fp16_opt_level': 'O1', 'adv_train': False, 'adv_opt': 0, 'adv_norm_level': 0, 'adv_p_norm': 'inf', 'adv_alpha': 1, 'adv_k': 1, 'adv_step_size': 0.001, 'adv_noise_var': 1e-05, 'adv_epsilon': 1e-06, 'loss_pred': True, 'collect_uncertainty': None, 'collect_topk': 0.1, 'load_ranked_data': None, 'mc_dropout': 0, 'finetune': True, 'encode_mode': False, 'task_def_list': [{'self': '{}', 'label_vocab': '<data_utils.vocab.Vocabulary object at 0x7fb17ac8f6a0>', 'n_class': '2', 'data_type': '<DataFormat.PremiseAndOneHypothesis: 2>', 'task_type': '<TaskType.Classification: 1>', 'metric_meta': '(<Metric.ACC: 0>,)', 'split_names': "['train', 'dev', 'test']", 'enable_san': 'False', 'dropout_p': 'None', 'loss': '<LossCriterion.CeCriterion: 0>', 'kd_loss': '<LossCriterion.MseCriterion: 1>', 'adv_loss': '<LossCriterion.SymKlCriterion: 7>', '__class__': "<class 'experiments.exp_def.TaskDef'>"}]}
01/10/2021 11:02:17 ####################
01/10/2021 11:02:17 ############# Gradient Accumulation Info #############
01/10/2021 11:02:17 number of step: 9360
01/10/2021 11:02:17 number of grad grad_accumulation step: 1
01/10/2021 11:02:17 adjusted number of step: 9360
01/10/2021 11:02:17 ############# Gradient Accumulation Info #############
01/10/2021 11:02:27 
############# Model Arch of MT-DNN #############
SANBertNetwork(
  (dropout_list): ModuleList(
    (0): DropoutWrapper()
    (1): DropoutWrapper()
    (2): DropoutWrapper()
    (3): DropoutWrapper()
    (4): DropoutWrapper()
    (5): DropoutWrapper()
    (6): DropoutWrapper()
    (7): DropoutWrapper()
  )
  (bert): BertModel(
    (embeddings): BertEmbeddings(
      (word_embeddings): Embedding(30522, 768, padding_idx=0)
      (position_embeddings): Embedding(512, 768)
      (token_type_embeddings): Embedding(2, 768)
      (LayerNorm): LayerNorm((768,), eps=1e-12, elementwise_affine=True)
      (dropout): Dropout(p=0.1, inplace=False)
    )
    (encoder): BertEncoder(
      (layer): ModuleList(
        (0): BertLayer(
          (attention): BertAttention(
            (self): BertSelfAttention(
              (query): Linear(in_features=768, out_features=768, bias=True)
              (key): Linear(in_features=768, out_features=768, bias=True)
              (value): Linear(in_features=768, out_features=768, bias=True)
              (dropout): Dropout(p=0.1, inplace=False)
            )
            (output): BertSelfOutput(
              (dense): Linear(in_features=768, out_features=768, bias=True)
              (LayerNorm): LayerNorm((768,), eps=1e-12, elementwise_affine=True)
              (dropout): Dropout(p=0.1, inplace=False)
            )
          )
          (intermediate): BertIntermediate(
            (dense): Linear(in_features=768, out_features=3072, bias=True)
          )
          (output): BertOutput(
            (dense): Linear(in_features=3072, out_features=768, bias=True)
            (LayerNorm): LayerNorm((768,), eps=1e-12, elementwise_affine=True)
            (dropout): Dropout(p=0.1, inplace=False)
          )
        )
        (1): BertLayer(
          (attention): BertAttention(
            (self): BertSelfAttention(
              (query): Linear(in_features=768, out_features=768, bias=True)
              (key): Linear(in_features=768, out_features=768, bias=True)
              (value): Linear(in_features=768, out_features=768, bias=True)
              (dropout): Dropout(p=0.1, inplace=False)
            )
            (output): BertSelfOutput(
              (dense): Linear(in_features=768, out_features=768, bias=True)
              (LayerNorm): LayerNorm((768,), eps=1e-12, elementwise_affine=True)
              (dropout): Dropout(p=0.1, inplace=False)
            )
          )
          (intermediate): BertIntermediate(
            (dense): Linear(in_features=768, out_features=3072, bias=True)
          )
          (output): BertOutput(
            (dense): Linear(in_features=3072, out_features=768, bias=True)
            (LayerNorm): LayerNorm((768,), eps=1e-12, elementwise_affine=True)
            (dropout): Dropout(p=0.1, inplace=False)
          )
        )
        (2): BertLayer(
          (attention): BertAttention(
            (self): BertSelfAttention(
              (query): Linear(in_features=768, out_features=768, bias=True)
              (key): Linear(in_features=768, out_features=768, bias=True)
              (value): Linear(in_features=768, out_features=768, bias=True)
              (dropout): Dropout(p=0.1, inplace=False)
            )
            (output): BertSelfOutput(
              (dense): Linear(in_features=768, out_features=768, bias=True)
              (LayerNorm): LayerNorm((768,), eps=1e-12, elementwise_affine=True)
              (dropout): Dropout(p=0.1, inplace=False)
            )
          )
          (intermediate): BertIntermediate(
            (dense): Linear(in_features=768, out_features=3072, bias=True)
          )
          (output): BertOutput(
            (dense): Linear(in_features=3072, out_features=768, bias=True)
            (LayerNorm): LayerNorm((768,), eps=1e-12, elementwise_affine=True)
            (dropout): Dropout(p=0.1, inplace=False)
          )
        )
        (3): BertLayer(
          (attention): BertAttention(
            (self): BertSelfAttention(
              (query): Linear(in_features=768, out_features=768, bias=True)
              (key): Linear(in_features=768, out_features=768, bias=True)
              (value): Linear(in_features=768, out_features=768, bias=True)
              (dropout): Dropout(p=0.1, inplace=False)
            )
            (output): BertSelfOutput(
              (dense): Linear(in_features=768, out_features=768, bias=True)
              (LayerNorm): LayerNorm((768,), eps=1e-12, elementwise_affine=True)
              (dropout): Dropout(p=0.1, inplace=False)
            )
          )
          (intermediate): BertIntermediate(
            (dense): Linear(in_features=768, out_features=3072, bias=True)
          )
          (output): BertOutput(
            (dense): Linear(in_features=3072, out_features=768, bias=True)
            (LayerNorm): LayerNorm((768,), eps=1e-12, elementwise_affine=True)
            (dropout): Dropout(p=0.1, inplace=False)
          )
        )
        (4): BertLayer(
          (attention): BertAttention(
            (self): BertSelfAttention(
              (query): Linear(in_features=768, out_features=768, bias=True)
              (key): Linear(in_features=768, out_features=768, bias=True)
              (value): Linear(in_features=768, out_features=768, bias=True)
              (dropout): Dropout(p=0.1, inplace=False)
            )
            (output): BertSelfOutput(
              (dense): Linear(in_features=768, out_features=768, bias=True)
              (LayerNorm): LayerNorm((768,), eps=1e-12, elementwise_affine=True)
              (dropout): Dropout(p=0.1, inplace=False)
            )
          )
          (intermediate): BertIntermediate(
            (dense): Linear(in_features=768, out_features=3072, bias=True)
          )
          (output): BertOutput(
            (dense): Linear(in_features=3072, out_features=768, bias=True)
            (LayerNorm): LayerNorm((768,), eps=1e-12, elementwise_affine=True)
            (dropout): Dropout(p=0.1, inplace=False)
          )
        )
        (5): BertLayer(
          (attention): BertAttention(
            (self): BertSelfAttention(
              (query): Linear(in_features=768, out_features=768, bias=True)
              (key): Linear(in_features=768, out_features=768, bias=True)
              (value): Linear(in_features=768, out_features=768, bias=True)
              (dropout): Dropout(p=0.1, inplace=False)
            )
            (output): BertSelfOutput(
              (dense): Linear(in_features=768, out_features=768, bias=True)
              (LayerNorm): LayerNorm((768,), eps=1e-12, elementwise_affine=True)
              (dropout): Dropout(p=0.1, inplace=False)
            )
          )
          (intermediate): BertIntermediate(
            (dense): Linear(in_features=768, out_features=3072, bias=True)
          )
          (output): BertOutput(
            (dense): Linear(in_features=3072, out_features=768, bias=True)
            (LayerNorm): LayerNorm((768,), eps=1e-12, elementwise_affine=True)
            (dropout): Dropout(p=0.1, inplace=False)
          )
        )
        (6): BertLayer(
          (attention): BertAttention(
            (self): BertSelfAttention(
              (query): Linear(in_features=768, out_features=768, bias=True)
              (key): Linear(in_features=768, out_features=768, bias=True)
              (value): Linear(in_features=768, out_features=768, bias=True)
              (dropout): Dropout(p=0.1, inplace=False)
            )
            (output): BertSelfOutput(
              (dense): Linear(in_features=768, out_features=768, bias=True)
              (LayerNorm): LayerNorm((768,), eps=1e-12, elementwise_affine=True)
              (dropout): Dropout(p=0.1, inplace=False)
            )
          )
          (intermediate): BertIntermediate(
            (dense): Linear(in_features=768, out_features=3072, bias=True)
          )
          (output): BertOutput(
            (dense): Linear(in_features=3072, out_features=768, bias=True)
            (LayerNorm): LayerNorm((768,), eps=1e-12, elementwise_affine=True)
            (dropout): Dropout(p=0.1, inplace=False)
          )
        )
        (7): BertLayer(
          (attention): BertAttention(
            (self): BertSelfAttention(
              (query): Linear(in_features=768, out_features=768, bias=True)
              (key): Linear(in_features=768, out_features=768, bias=True)
              (value): Linear(in_features=768, out_features=768, bias=True)
              (dropout): Dropout(p=0.1, inplace=False)
            )
            (output): BertSelfOutput(
              (dense): Linear(in_features=768, out_features=768, bias=True)
              (LayerNorm): LayerNorm((768,), eps=1e-12, elementwise_affine=True)
              (dropout): Dropout(p=0.1, inplace=False)
            )
          )
          (intermediate): BertIntermediate(
            (dense): Linear(in_features=768, out_features=3072, bias=True)
          )
          (output): BertOutput(
            (dense): Linear(in_features=3072, out_features=768, bias=True)
            (LayerNorm): LayerNorm((768,), eps=1e-12, elementwise_affine=True)
            (dropout): Dropout(p=0.1, inplace=False)
          )
        )
        (8): BertLayer(
          (attention): BertAttention(
            (self): BertSelfAttention(
              (query): Linear(in_features=768, out_features=768, bias=True)
              (key): Linear(in_features=768, out_features=768, bias=True)
              (value): Linear(in_features=768, out_features=768, bias=True)
              (dropout): Dropout(p=0.1, inplace=False)
            )
            (output): BertSelfOutput(
              (dense): Linear(in_features=768, out_features=768, bias=True)
              (LayerNorm): LayerNorm((768,), eps=1e-12, elementwise_affine=True)
              (dropout): Dropout(p=0.1, inplace=False)
            )
          )
          (intermediate): BertIntermediate(
            (dense): Linear(in_features=768, out_features=3072, bias=True)
          )
          (output): BertOutput(
            (dense): Linear(in_features=3072, out_features=768, bias=True)
            (LayerNorm): LayerNorm((768,), eps=1e-12, elementwise_affine=True)
            (dropout): Dropout(p=0.1, inplace=False)
          )
        )
        (9): BertLayer(
          (attention): BertAttention(
            (self): BertSelfAttention(
              (query): Linear(in_features=768, out_features=768, bias=True)
              (key): Linear(in_features=768, out_features=768, bias=True)
              (value): Linear(in_features=768, out_features=768, bias=True)
              (dropout): Dropout(p=0.1, inplace=False)
            )
            (output): BertSelfOutput(
              (dense): Linear(in_features=768, out_features=768, bias=True)
              (LayerNorm): LayerNorm((768,), eps=1e-12, elementwise_affine=True)
              (dropout): Dropout(p=0.1, inplace=False)
            )
          )
          (intermediate): BertIntermediate(
            (dense): Linear(in_features=768, out_features=3072, bias=True)
          )
          (output): BertOutput(
            (dense): Linear(in_features=3072, out_features=768, bias=True)
            (LayerNorm): LayerNorm((768,), eps=1e-12, elementwise_affine=True)
            (dropout): Dropout(p=0.1, inplace=False)
          )
        )
        (10): BertLayer(
          (attention): BertAttention(
            (self): BertSelfAttention(
              (query): Linear(in_features=768, out_features=768, bias=True)
              (key): Linear(in_features=768, out_features=768, bias=True)
              (value): Linear(in_features=768, out_features=768, bias=True)
              (dropout): Dropout(p=0.1, inplace=False)
            )
            (output): BertSelfOutput(
              (dense): Linear(in_features=768, out_features=768, bias=True)
              (LayerNorm): LayerNorm((768,), eps=1e-12, elementwise_affine=True)
              (dropout): Dropout(p=0.1, inplace=False)
            )
          )
          (intermediate): BertIntermediate(
            (dense): Linear(in_features=768, out_features=3072, bias=True)
          )
          (output): BertOutput(
            (dense): Linear(in_features=3072, out_features=768, bias=True)
            (LayerNorm): LayerNorm((768,), eps=1e-12, elementwise_affine=True)
            (dropout): Dropout(p=0.1, inplace=False)
          )
        )
        (11): BertLayer(
          (attention): BertAttention(
            (self): BertSelfAttention(
              (query): Linear(in_features=768, out_features=768, bias=True)
              (key): Linear(in_features=768, out_features=768, bias=True)
              (value): Linear(in_features=768, out_features=768, bias=True)
              (dropout): Dropout(p=0.1, inplace=False)
            )
            (output): BertSelfOutput(
              (dense): Linear(in_features=768, out_features=768, bias=True)
              (LayerNorm): LayerNorm((768,), eps=1e-12, elementwise_affine=True)
              (dropout): Dropout(p=0.1, inplace=False)
            )
          )
          (intermediate): BertIntermediate(
            (dense): Linear(in_features=768, out_features=3072, bias=True)
          )
          (output): BertOutput(
            (dense): Linear(in_features=3072, out_features=768, bias=True)
            (LayerNorm): LayerNorm((768,), eps=1e-12, elementwise_affine=True)
            (dropout): Dropout(p=0.1, inplace=False)
          )
        )
      )
    )
    (pooler): BertPooler(
      (dense): Linear(in_features=768, out_features=768, bias=True)
      (activation): Tanh()
    )
  )
  (loss_pred_fc): Linear(in_features=768, out_features=1, bias=True)
  (scoring_list): ModuleList(
    (0): Linear(in_features=768, out_features=3, bias=True)
    (1): Linear(in_features=768, out_features=2, bias=True)
    (2): Linear(in_features=768, out_features=2, bias=True)
    (3): Linear(in_features=768, out_features=2, bias=True)
    (4): Linear(in_features=768, out_features=2, bias=True)
    (5): Linear(in_features=768, out_features=2, bias=True)
    (6): Linear(in_features=768, out_features=2, bias=True)
    (7): Linear(in_features=768, out_features=1, bias=True)
  )
)

01/10/2021 11:02:27 Total number of params: 109495313
01/10/2021 11:02:27 At epoch 0
01/10/2021 11:02:27 Task [ 1] updates[     1] train loss[0.01546] remaining[0:01:19]
01/10/2021 11:03:14 Task rte -- epoch 0 -- Dev ACC: 80.144
01/10/2021 11:03:23 [new test scores saved.]
01/10/2021 11:03:28 At epoch 1
01/10/2021 11:03:55 Task [ 1] updates[   500] train loss[0.19174] remaining[0:00:18]
01/10/2021 11:04:15 Task rte -- epoch 1 -- Dev ACC: 79.783
01/10/2021 11:04:23 [new test scores saved.]
01/10/2021 11:04:28 At epoch 2
01/10/2021 11:05:18 Task rte -- epoch 2 -- Dev ACC: 81.588
01/10/2021 11:05:28 [new test scores saved.]
01/10/2021 11:05:34 At epoch 3
01/10/2021 11:05:44 Task [ 1] updates[  1000] train loss[0.15679] remaining[0:00:39]
01/10/2021 11:06:24 Task rte -- epoch 3 -- Dev ACC: 80.505
01/10/2021 11:06:33 [new test scores saved.]
01/10/2021 11:06:38 At epoch 4
01/10/2021 11:07:17 Task [ 1] updates[  1500] train loss[0.12984] remaining[0:00:09]
01/10/2021 11:07:28 Task rte -- epoch 4 -- Dev ACC: 80.144
01/10/2021 11:07:37 [new test scores saved.]
01/10/2021 11:07:43 At epoch 5
01/10/2021 11:08:34 Task rte -- epoch 5 -- Dev ACC: 82.310
01/10/2021 11:08:43 [new test scores saved.]
01/10/2021 11:08:48 At epoch 6
01/10/2021 11:09:09 Task [ 1] updates[  2000] train loss[0.10577] remaining[0:00:29]
01/10/2021 11:09:40 Task rte -- epoch 6 -- Dev ACC: 81.588
01/10/2021 11:09:50 [new test scores saved.]
01/10/2021 11:09:56 At epoch 7
01/10/2021 11:10:47 Task rte -- epoch 7 -- Dev ACC: 81.949
01/10/2021 11:10:56 [new test scores saved.]
01/10/2021 11:11:04 At epoch 8
01/10/2021 11:11:05 Task [ 1] updates[  2500] train loss[0.08949] remaining[0:00:53]
01/10/2021 11:11:54 Task rte -- epoch 8 -- Dev ACC: 80.505
01/10/2021 11:12:02 [new test scores saved.]
01/10/2021 11:12:09 At epoch 9
01/10/2021 11:12:40 Task [ 1] updates[  3000] train loss[0.07876] remaining[0:00:19]
01/10/2021 11:13:01 Task rte -- epoch 9 -- Dev ACC: 83.394
01/10/2021 11:13:11 [new test scores saved.]
01/10/2021 11:13:19 At epoch 10
01/10/2021 11:14:14 Task rte -- epoch 10 -- Dev ACC: 80.866
01/10/2021 11:14:24 [new test scores saved.]
01/10/2021 11:14:32 At epoch 11
01/10/2021 11:14:43 Task [ 1] updates[  3500] train loss[0.06905] remaining[0:00:39]
01/10/2021 11:15:24 Task rte -- epoch 11 -- Dev ACC: 81.588
01/10/2021 11:15:33 [new test scores saved.]
01/10/2021 11:15:39 At epoch 12
01/10/2021 11:16:19 Task [ 1] updates[  4000] train loss[0.06132] remaining[0:00:08]
01/10/2021 11:16:29 Task rte -- epoch 12 -- Dev ACC: 82.310
01/10/2021 11:16:38 [new test scores saved.]
01/10/2021 11:16:45 At epoch 13
01/10/2021 11:17:36 Task rte -- epoch 13 -- Dev ACC: 81.227
01/10/2021 11:17:45 [new test scores saved.]
01/10/2021 11:17:55 At epoch 14
01/10/2021 11:18:17 Task [ 1] updates[  4500] train loss[0.05506] remaining[0:00:29]
01/10/2021 11:18:47 Task rte -- epoch 14 -- Dev ACC: 83.394
01/10/2021 11:18:56 [new test scores saved.]
01/10/2021 11:19:02 At epoch 15
01/10/2021 11:19:55 Task rte -- epoch 15 -- Dev ACC: 82.671
01/10/2021 11:20:04 [new test scores saved.]
01/10/2021 11:20:11 At epoch 16
01/10/2021 11:20:12 Task [ 1] updates[  5000] train loss[0.05029] remaining[0:00:55]
01/10/2021 11:21:03 Task rte -- epoch 16 -- Dev ACC: 83.394
01/10/2021 11:21:12 [new test scores saved.]
01/10/2021 11:21:19 At epoch 17
01/10/2021 11:21:52 Task [ 1] updates[  5500] train loss[0.04611] remaining[0:00:19]
01/10/2021 11:22:13 Task rte -- epoch 17 -- Dev ACC: 82.310
01/10/2021 11:22:23 [new test scores saved.]
01/10/2021 11:22:28 At epoch 18
01/10/2021 11:23:20 Task rte -- epoch 18 -- Dev ACC: 83.394
01/10/2021 11:23:29 [new test scores saved.]
01/10/2021 11:23:36 At epoch 19
01/10/2021 11:23:48 Task [ 1] updates[  6000] train loss[0.04317] remaining[0:00:40]
01/10/2021 11:24:27 Task rte -- epoch 19 -- Dev ACC: 82.671
01/10/2021 11:24:35 [new test scores saved.]
01/10/2021 11:24:41 At epoch 20
01/10/2021 11:25:22 Task [ 1] updates[  6500] train loss[0.04038] remaining[0:00:08]
01/10/2021 11:25:32 Task rte -- epoch 20 -- Dev ACC: 83.755
01/10/2021 11:25:40 [new test scores saved.]
01/10/2021 11:25:45 At epoch 21
01/10/2021 11:26:36 Task rte -- epoch 21 -- Dev ACC: 82.671
01/10/2021 11:26:45 [new test scores saved.]
01/10/2021 11:26:55 At epoch 22
01/10/2021 11:27:17 Task [ 1] updates[  7000] train loss[0.03804] remaining[0:00:28]
01/10/2021 11:27:48 Task rte -- epoch 22 -- Dev ACC: 82.671
01/10/2021 11:27:57 [new test scores saved.]
01/10/2021 11:28:08 At epoch 23
01/10/2021 11:29:01 Task rte -- epoch 23 -- Dev ACC: 82.310
01/10/2021 11:29:11 [new test scores saved.]
01/10/2021 11:29:19 At epoch 24
01/10/2021 11:29:21 Task [ 1] updates[  7500] train loss[0.03607] remaining[0:00:52]
01/10/2021 11:30:12 Task rte -- epoch 24 -- Dev ACC: 82.310
01/10/2021 11:30:21 [new test scores saved.]
01/10/2021 11:30:27 At epoch 25
01/10/2021 11:30:59 Task [ 1] updates[  8000] train loss[0.03401] remaining[0:00:17]
01/10/2021 11:31:17 Task rte -- epoch 25 -- Dev ACC: 82.310
01/10/2021 11:31:26 [new test scores saved.]
01/10/2021 11:31:33 At epoch 26
01/10/2021 11:32:21 Task rte -- epoch 26 -- Dev ACC: 82.671
01/10/2021 11:32:30 [new test scores saved.]
01/10/2021 11:32:39 At epoch 27
01/10/2021 11:32:51 Task [ 1] updates[  8500] train loss[0.03225] remaining[0:00:38]
01/10/2021 11:33:31 Task rte -- epoch 27 -- Dev ACC: 81.949
01/10/2021 11:33:40 [new test scores saved.]
01/10/2021 11:33:45 At epoch 28
01/10/2021 11:34:28 Task [ 1] updates[  9000] train loss[0.03056] remaining[0:00:07]
01/10/2021 11:34:37 Task rte -- epoch 28 -- Dev ACC: 81.949
01/10/2021 11:34:46 [new test scores saved.]
01/10/2021 11:34:52 At epoch 29
01/10/2021 11:35:43 Task rte -- epoch 29 -- Dev ACC: 81.949
01/10/2021 11:35:53 [new test scores saved.]
