01/05/2021 11:23:21 1
01/05/2021 11:23:21 Launching the MT-DNN training
01/05/2021 11:23:21 Loading data/canonical_data/bert_base_uncased_lower/mnli_train.json as task 0
01/05/2021 11:25:35 Loading data/canonical_data/bert_base_uncased_lower/rte_train.json as task 1
01/05/2021 11:25:35 Loading data/canonical_data/bert_base_uncased_lower/qqp_train.json as task 2
01/05/2021 11:27:31 Loading data/canonical_data/bert_base_uncased_lower/qnli_train.json as task 3
01/05/2021 11:27:43 Loading data/canonical_data/bert_base_uncased_lower/mrpc_train.json as task 4
01/05/2021 11:27:43 Loading data/canonical_data/bert_base_uncased_lower/sst_train.json as task 5
01/05/2021 11:27:48 Loading data/canonical_data/bert_base_uncased_lower/cola_train.json as task 6
01/05/2021 11:27:48 Loading data/canonical_data/bert_base_uncased_lower/stsb_train.json as task 7
01/05/2021 11:27:57 ####################
01/05/2021 11:27:57 {'log_file': 'checkpoints/2021-01-05T2323_entropy_MTDNN_5%/log.log', 'tensorboard': False, 'tensorboard_logdir': 'tensorboard_logdir', 'init_checkpoint': 'bert-base-uncased', 'data_dir': 'data/canonical_data/bert_base_uncased_lower', 'data_sort_on': False, 'name': 'farmer', 'task_def': 'experiments/glue/glue_task_def.yml', 'train_datasets': ['mnli', 'rte', 'qqp', 'qnli', 'mrpc', 'sst', 'cola', 'stsb'], 'test_datasets': ['mnli_matched', 'mnli_mismatched', 'rte', 'qqp', 'qnli', 'mrpc', 'sst', 'cola', 'stsb'], 'glue_format_on': False, 'mkd_opt': 0, 'do_padding': False, 'update_bert_opt': 0, 'multi_gpu_on': True, 'mem_cum_type': 'simple', 'answer_num_turn': 5, 'answer_mem_drop_p': 0.1, 'answer_att_hidden_size': 128, 'answer_att_type': 'bilinear', 'answer_rnn_type': 'gru', 'answer_sum_att_type': 'bilinear', 'answer_merge_opt': 1, 'answer_mem_type': 1, 'max_answer_len': 10, 'answer_dropout_p': 0.1, 'answer_weight_norm_on': False, 'dump_state_on': False, 'answer_opt': 1, 'mtl_opt': 0, 'ratio': 0, 'mix_opt': 0, 'max_seq_len': 512, 'init_ratio': 1, 'encoder_type': <EncoderModelType.BERT: 1>, 'num_hidden_layers': -1, 'bert_model_type': 'bert-base-uncased', 'do_lower_case': False, 'masked_lm_prob': 0.15, 'short_seq_prob': 0.2, 'max_predictions_per_seq': 128, 'bin_on': False, 'bin_size': 64, 'bin_grow_ratio': 0.5, 'cuda': True, 'log_per_updates': 500, 'save_per_updates': 10000, 'save_per_updates_on': False, 'epochs': 20, 'batch_size': 16, 'batch_size_eval': 8, 'optimizer': 'adamax', 'grad_clipping': 0.0, 'global_grad_clipping': 1.0, 'weight_decay': 0, 'learning_rate': 5e-05, 'momentum': 0, 'warmup': 0.1, 'warmup_schedule': 'warmup_linear', 'adam_eps': 1e-06, 'vb_dropout': True, 'dropout_p': 0.1, 'dropout_w': 0.0, 'bert_dropout_p': 0.1, 'model_ckpt': 'checkpoints/model_0.pt', 'resume': False, 'have_lr_scheduler': True, 'multi_step_lr': '10,20,30', 'lr_gamma': 0.5, 'scheduler_type': 'ms', 'output_dir': 'checkpoints/2021-01-05T2323_entropy_MTDNN_5%', 'seed': 2018, 'grad_accumulation_step': 1, 'fp16': False, 'fp16_opt_level': 'O1', 'adv_train': False, 'adv_opt': 0, 'adv_norm_level': 0, 'adv_p_norm': 'inf', 'adv_alpha': 1, 'adv_k': 1, 'adv_step_size': 0.001, 'adv_noise_var': 1e-05, 'adv_epsilon': 1e-06, 'loss_pred': True, 'collect_uncertainty': None, 'collect_topk': 0.1, 'load_ranked_data': 'model_3_entropy_0.05.pkl', 'mc_dropout': 0, 'finetune': False, 'encode_mode': False, 'task_def_list': [{'self': '{}', 'label_vocab': '<data_utils.vocab.Vocabulary object at 0x7eff99d7b3a0>', 'n_class': '3', 'data_type': '<DataFormat.PremiseAndOneHypothesis: 2>', 'task_type': '<TaskType.Classification: 1>', 'metric_meta': '(<Metric.ACC: 0>,)', 'split_names': "['train', 'matched_dev', 'mismatched_dev', 'matched_test', 'mismatched_test']", 'enable_san': 'False', 'dropout_p': '0.1', 'loss': '<LossCriterion.CeCriterion: 0>', 'kd_loss': '<LossCriterion.MseCriterion: 1>', 'adv_loss': '<LossCriterion.SymKlCriterion: 7>', '__class__': "<class 'experiments.exp_def.TaskDef'>"}, {'self': '{}', 'label_vocab': '<data_utils.vocab.Vocabulary object at 0x7eff99d7bd30>', 'n_class': '2', 'data_type': '<DataFormat.PremiseAndOneHypothesis: 2>', 'task_type': '<TaskType.Classification: 1>', 'metric_meta': '(<Metric.ACC: 0>,)', 'split_names': "['train', 'dev', 'test']", 'enable_san': 'False', 'dropout_p': 'None', 'loss': '<LossCriterion.CeCriterion: 0>', 'kd_loss': '<LossCriterion.MseCriterion: 1>', 'adv_loss': '<LossCriterion.SymKlCriterion: 7>', '__class__': "<class 'experiments.exp_def.TaskDef'>"}, {'self': '{}', 'label_vocab': 'None', 'n_class': '2', 'data_type': '<DataFormat.PremiseAndOneHypothesis: 2>', 'task_type': '<TaskType.Classification: 1>', 'metric_meta': '(<Metric.ACC: 0>, <Metric.F1: 1>)', 'split_names': "['train', 'dev', 'test']", 'enable_san': 'False', 'dropout_p': 'None', 'loss': '<LossCriterion.CeCriterion: 0>', 'kd_loss': '<LossCriterion.MseCriterion: 1>', 'adv_loss': '<LossCriterion.SymKlCriterion: 7>', '__class__': "<class 'experiments.exp_def.TaskDef'>"}, {'self': '{}', 'label_vocab': '<data_utils.vocab.Vocabulary object at 0x7eff99d7beb0>', 'n_class': '2', 'data_type': '<DataFormat.PremiseAndOneHypothesis: 2>', 'task_type': '<TaskType.Classification: 1>', 'metric_meta': '(<Metric.ACC: 0>,)', 'split_names': "['train', 'dev', 'test']", 'enable_san': 'False', 'dropout_p': 'None', 'loss': '<LossCriterion.CeCriterion: 0>', 'kd_loss': '<LossCriterion.MseCriterion: 1>', 'adv_loss': '<LossCriterion.SymKlCriterion: 7>', '__class__': "<class 'experiments.exp_def.TaskDef'>"}, {'self': '{}', 'label_vocab': 'None', 'n_class': '2', 'data_type': '<DataFormat.PremiseAndOneHypothesis: 2>', 'task_type': '<TaskType.Classification: 1>', 'metric_meta': '(<Metric.ACC: 0>, <Metric.F1: 1>)', 'split_names': "['train', 'dev', 'test']", 'enable_san': 'False', 'dropout_p': 'None', 'loss': '<LossCriterion.CeCriterion: 0>', 'kd_loss': '<LossCriterion.MseCriterion: 1>', 'adv_loss': '<LossCriterion.SymKlCriterion: 7>', '__class__': "<class 'experiments.exp_def.TaskDef'>"}, {'self': '{}', 'label_vocab': 'None', 'n_class': '2', 'data_type': '<DataFormat.PremiseOnly: 1>', 'task_type': '<TaskType.Classification: 1>', 'metric_meta': '(<Metric.ACC: 0>,)', 'split_names': "['train', 'dev', 'test']", 'enable_san': 'False', 'dropout_p': 'None', 'loss': '<LossCriterion.CeCriterion: 0>', 'kd_loss': '<LossCriterion.MseCriterion: 1>', 'adv_loss': '<LossCriterion.SymKlCriterion: 7>', '__class__': "<class 'experiments.exp_def.TaskDef'>"}, {'self': '{}', 'label_vocab': 'None', 'n_class': '2', 'data_type': '<DataFormat.PremiseOnly: 1>', 'task_type': '<TaskType.Classification: 1>', 'metric_meta': '(<Metric.ACC: 0>, <Metric.MCC: 2>)', 'split_names': "['train', 'dev', 'test']", 'enable_san': 'False', 'dropout_p': '0.05', 'loss': '<LossCriterion.CeCriterion: 0>', 'kd_loss': '<LossCriterion.MseCriterion: 1>', 'adv_loss': '<LossCriterion.SymKlCriterion: 7>', '__class__': "<class 'experiments.exp_def.TaskDef'>"}, {'self': '{}', 'label_vocab': 'None', 'n_class': '1', 'data_type': '<DataFormat.PremiseAndOneHypothesis: 2>', 'task_type': '<TaskType.Regression: 2>', 'metric_meta': '(<Metric.Pearson: 3>, <Metric.Spearman: 4>)', 'split_names': "['train', 'dev', 'test']", 'enable_san': 'False', 'dropout_p': 'None', 'loss': '<LossCriterion.MseCriterion: 1>', 'kd_loss': '<LossCriterion.MseCriterion: 1>', 'adv_loss': '<LossCriterion.MseCriterion: 1>', '__class__': "<class 'experiments.exp_def.TaskDef'>"}]}
01/05/2021 11:27:57 ####################
01/05/2021 11:27:57 ############# Gradient Accumulation Info #############
01/05/2021 11:27:57 number of step: 59600
01/05/2021 11:27:57 number of grad grad_accumulation step: 1
01/05/2021 11:27:57 adjusted number of step: 59600
01/05/2021 11:27:57 ############# Gradient Accumulation Info #############
01/05/2021 11:28:10 
############# Model Arch of MT-DNN #############
SANBertNetwork(
  (dropout_list): ModuleList(
    (0): DropoutWrapper()
    (1): DropoutWrapper()
    (2): DropoutWrapper()
    (3): DropoutWrapper()
    (4): DropoutWrapper()
    (5): DropoutWrapper()
    (6): DropoutWrapper()
    (7): DropoutWrapper()
  )
  (bert): BertModel(
    (embeddings): BertEmbeddings(
      (word_embeddings): Embedding(30522, 768, padding_idx=0)
      (position_embeddings): Embedding(512, 768)
      (token_type_embeddings): Embedding(2, 768)
      (LayerNorm): LayerNorm((768,), eps=1e-12, elementwise_affine=True)
      (dropout): Dropout(p=0.1, inplace=False)
    )
    (encoder): BertEncoder(
      (layer): ModuleList(
        (0): BertLayer(
          (attention): BertAttention(
            (self): BertSelfAttention(
              (query): Linear(in_features=768, out_features=768, bias=True)
              (key): Linear(in_features=768, out_features=768, bias=True)
              (value): Linear(in_features=768, out_features=768, bias=True)
              (dropout): Dropout(p=0.1, inplace=False)
            )
            (output): BertSelfOutput(
              (dense): Linear(in_features=768, out_features=768, bias=True)
              (LayerNorm): LayerNorm((768,), eps=1e-12, elementwise_affine=True)
              (dropout): Dropout(p=0.1, inplace=False)
            )
          )
          (intermediate): BertIntermediate(
            (dense): Linear(in_features=768, out_features=3072, bias=True)
          )
          (output): BertOutput(
            (dense): Linear(in_features=3072, out_features=768, bias=True)
            (LayerNorm): LayerNorm((768,), eps=1e-12, elementwise_affine=True)
            (dropout): Dropout(p=0.1, inplace=False)
          )
        )
        (1): BertLayer(
          (attention): BertAttention(
            (self): BertSelfAttention(
              (query): Linear(in_features=768, out_features=768, bias=True)
              (key): Linear(in_features=768, out_features=768, bias=True)
              (value): Linear(in_features=768, out_features=768, bias=True)
              (dropout): Dropout(p=0.1, inplace=False)
            )
            (output): BertSelfOutput(
              (dense): Linear(in_features=768, out_features=768, bias=True)
              (LayerNorm): LayerNorm((768,), eps=1e-12, elementwise_affine=True)
              (dropout): Dropout(p=0.1, inplace=False)
            )
          )
          (intermediate): BertIntermediate(
            (dense): Linear(in_features=768, out_features=3072, bias=True)
          )
          (output): BertOutput(
            (dense): Linear(in_features=3072, out_features=768, bias=True)
            (LayerNorm): LayerNorm((768,), eps=1e-12, elementwise_affine=True)
            (dropout): Dropout(p=0.1, inplace=False)
          )
        )
        (2): BertLayer(
          (attention): BertAttention(
            (self): BertSelfAttention(
              (query): Linear(in_features=768, out_features=768, bias=True)
              (key): Linear(in_features=768, out_features=768, bias=True)
              (value): Linear(in_features=768, out_features=768, bias=True)
              (dropout): Dropout(p=0.1, inplace=False)
            )
            (output): BertSelfOutput(
              (dense): Linear(in_features=768, out_features=768, bias=True)
              (LayerNorm): LayerNorm((768,), eps=1e-12, elementwise_affine=True)
              (dropout): Dropout(p=0.1, inplace=False)
            )
          )
          (intermediate): BertIntermediate(
            (dense): Linear(in_features=768, out_features=3072, bias=True)
          )
          (output): BertOutput(
            (dense): Linear(in_features=3072, out_features=768, bias=True)
            (LayerNorm): LayerNorm((768,), eps=1e-12, elementwise_affine=True)
            (dropout): Dropout(p=0.1, inplace=False)
          )
        )
        (3): BertLayer(
          (attention): BertAttention(
            (self): BertSelfAttention(
              (query): Linear(in_features=768, out_features=768, bias=True)
              (key): Linear(in_features=768, out_features=768, bias=True)
              (value): Linear(in_features=768, out_features=768, bias=True)
              (dropout): Dropout(p=0.1, inplace=False)
            )
            (output): BertSelfOutput(
              (dense): Linear(in_features=768, out_features=768, bias=True)
              (LayerNorm): LayerNorm((768,), eps=1e-12, elementwise_affine=True)
              (dropout): Dropout(p=0.1, inplace=False)
            )
          )
          (intermediate): BertIntermediate(
            (dense): Linear(in_features=768, out_features=3072, bias=True)
          )
          (output): BertOutput(
            (dense): Linear(in_features=3072, out_features=768, bias=True)
            (LayerNorm): LayerNorm((768,), eps=1e-12, elementwise_affine=True)
            (dropout): Dropout(p=0.1, inplace=False)
          )
        )
        (4): BertLayer(
          (attention): BertAttention(
            (self): BertSelfAttention(
              (query): Linear(in_features=768, out_features=768, bias=True)
              (key): Linear(in_features=768, out_features=768, bias=True)
              (value): Linear(in_features=768, out_features=768, bias=True)
              (dropout): Dropout(p=0.1, inplace=False)
            )
            (output): BertSelfOutput(
              (dense): Linear(in_features=768, out_features=768, bias=True)
              (LayerNorm): LayerNorm((768,), eps=1e-12, elementwise_affine=True)
              (dropout): Dropout(p=0.1, inplace=False)
            )
          )
          (intermediate): BertIntermediate(
            (dense): Linear(in_features=768, out_features=3072, bias=True)
          )
          (output): BertOutput(
            (dense): Linear(in_features=3072, out_features=768, bias=True)
            (LayerNorm): LayerNorm((768,), eps=1e-12, elementwise_affine=True)
            (dropout): Dropout(p=0.1, inplace=False)
          )
        )
        (5): BertLayer(
          (attention): BertAttention(
            (self): BertSelfAttention(
              (query): Linear(in_features=768, out_features=768, bias=True)
              (key): Linear(in_features=768, out_features=768, bias=True)
              (value): Linear(in_features=768, out_features=768, bias=True)
              (dropout): Dropout(p=0.1, inplace=False)
            )
            (output): BertSelfOutput(
              (dense): Linear(in_features=768, out_features=768, bias=True)
              (LayerNorm): LayerNorm((768,), eps=1e-12, elementwise_affine=True)
              (dropout): Dropout(p=0.1, inplace=False)
            )
          )
          (intermediate): BertIntermediate(
            (dense): Linear(in_features=768, out_features=3072, bias=True)
          )
          (output): BertOutput(
            (dense): Linear(in_features=3072, out_features=768, bias=True)
            (LayerNorm): LayerNorm((768,), eps=1e-12, elementwise_affine=True)
            (dropout): Dropout(p=0.1, inplace=False)
          )
        )
        (6): BertLayer(
          (attention): BertAttention(
            (self): BertSelfAttention(
              (query): Linear(in_features=768, out_features=768, bias=True)
              (key): Linear(in_features=768, out_features=768, bias=True)
              (value): Linear(in_features=768, out_features=768, bias=True)
              (dropout): Dropout(p=0.1, inplace=False)
            )
            (output): BertSelfOutput(
              (dense): Linear(in_features=768, out_features=768, bias=True)
              (LayerNorm): LayerNorm((768,), eps=1e-12, elementwise_affine=True)
              (dropout): Dropout(p=0.1, inplace=False)
            )
          )
          (intermediate): BertIntermediate(
            (dense): Linear(in_features=768, out_features=3072, bias=True)
          )
          (output): BertOutput(
            (dense): Linear(in_features=3072, out_features=768, bias=True)
            (LayerNorm): LayerNorm((768,), eps=1e-12, elementwise_affine=True)
            (dropout): Dropout(p=0.1, inplace=False)
          )
        )
        (7): BertLayer(
          (attention): BertAttention(
            (self): BertSelfAttention(
              (query): Linear(in_features=768, out_features=768, bias=True)
              (key): Linear(in_features=768, out_features=768, bias=True)
              (value): Linear(in_features=768, out_features=768, bias=True)
              (dropout): Dropout(p=0.1, inplace=False)
            )
            (output): BertSelfOutput(
              (dense): Linear(in_features=768, out_features=768, bias=True)
              (LayerNorm): LayerNorm((768,), eps=1e-12, elementwise_affine=True)
              (dropout): Dropout(p=0.1, inplace=False)
            )
          )
          (intermediate): BertIntermediate(
            (dense): Linear(in_features=768, out_features=3072, bias=True)
          )
          (output): BertOutput(
            (dense): Linear(in_features=3072, out_features=768, bias=True)
            (LayerNorm): LayerNorm((768,), eps=1e-12, elementwise_affine=True)
            (dropout): Dropout(p=0.1, inplace=False)
          )
        )
        (8): BertLayer(
          (attention): BertAttention(
            (self): BertSelfAttention(
              (query): Linear(in_features=768, out_features=768, bias=True)
              (key): Linear(in_features=768, out_features=768, bias=True)
              (value): Linear(in_features=768, out_features=768, bias=True)
              (dropout): Dropout(p=0.1, inplace=False)
            )
            (output): BertSelfOutput(
              (dense): Linear(in_features=768, out_features=768, bias=True)
              (LayerNorm): LayerNorm((768,), eps=1e-12, elementwise_affine=True)
              (dropout): Dropout(p=0.1, inplace=False)
            )
          )
          (intermediate): BertIntermediate(
            (dense): Linear(in_features=768, out_features=3072, bias=True)
          )
          (output): BertOutput(
            (dense): Linear(in_features=3072, out_features=768, bias=True)
            (LayerNorm): LayerNorm((768,), eps=1e-12, elementwise_affine=True)
            (dropout): Dropout(p=0.1, inplace=False)
          )
        )
        (9): BertLayer(
          (attention): BertAttention(
            (self): BertSelfAttention(
              (query): Linear(in_features=768, out_features=768, bias=True)
              (key): Linear(in_features=768, out_features=768, bias=True)
              (value): Linear(in_features=768, out_features=768, bias=True)
              (dropout): Dropout(p=0.1, inplace=False)
            )
            (output): BertSelfOutput(
              (dense): Linear(in_features=768, out_features=768, bias=True)
              (LayerNorm): LayerNorm((768,), eps=1e-12, elementwise_affine=True)
              (dropout): Dropout(p=0.1, inplace=False)
            )
          )
          (intermediate): BertIntermediate(
            (dense): Linear(in_features=768, out_features=3072, bias=True)
          )
          (output): BertOutput(
            (dense): Linear(in_features=3072, out_features=768, bias=True)
            (LayerNorm): LayerNorm((768,), eps=1e-12, elementwise_affine=True)
            (dropout): Dropout(p=0.1, inplace=False)
          )
        )
        (10): BertLayer(
          (attention): BertAttention(
            (self): BertSelfAttention(
              (query): Linear(in_features=768, out_features=768, bias=True)
              (key): Linear(in_features=768, out_features=768, bias=True)
              (value): Linear(in_features=768, out_features=768, bias=True)
              (dropout): Dropout(p=0.1, inplace=False)
            )
            (output): BertSelfOutput(
              (dense): Linear(in_features=768, out_features=768, bias=True)
              (LayerNorm): LayerNorm((768,), eps=1e-12, elementwise_affine=True)
              (dropout): Dropout(p=0.1, inplace=False)
            )
          )
          (intermediate): BertIntermediate(
            (dense): Linear(in_features=768, out_features=3072, bias=True)
          )
          (output): BertOutput(
            (dense): Linear(in_features=3072, out_features=768, bias=True)
            (LayerNorm): LayerNorm((768,), eps=1e-12, elementwise_affine=True)
            (dropout): Dropout(p=0.1, inplace=False)
          )
        )
        (11): BertLayer(
          (attention): BertAttention(
            (self): BertSelfAttention(
              (query): Linear(in_features=768, out_features=768, bias=True)
              (key): Linear(in_features=768, out_features=768, bias=True)
              (value): Linear(in_features=768, out_features=768, bias=True)
              (dropout): Dropout(p=0.1, inplace=False)
            )
            (output): BertSelfOutput(
              (dense): Linear(in_features=768, out_features=768, bias=True)
              (LayerNorm): LayerNorm((768,), eps=1e-12, elementwise_affine=True)
              (dropout): Dropout(p=0.1, inplace=False)
            )
          )
          (intermediate): BertIntermediate(
            (dense): Linear(in_features=768, out_features=3072, bias=True)
          )
          (output): BertOutput(
            (dense): Linear(in_features=3072, out_features=768, bias=True)
            (LayerNorm): LayerNorm((768,), eps=1e-12, elementwise_affine=True)
            (dropout): Dropout(p=0.1, inplace=False)
          )
        )
      )
    )
    (pooler): BertPooler(
      (dense): Linear(in_features=768, out_features=768, bias=True)
      (activation): Tanh()
    )
  )
  (loss_pred_fc): Linear(in_features=768, out_features=1, bias=True)
  (scoring_list): ModuleList(
    (0): Linear(in_features=768, out_features=3, bias=True)
    (1): Linear(in_features=768, out_features=2, bias=True)
    (2): Linear(in_features=768, out_features=2, bias=True)
    (3): Linear(in_features=768, out_features=2, bias=True)
    (4): Linear(in_features=768, out_features=2, bias=True)
    (5): Linear(in_features=768, out_features=2, bias=True)
    (6): Linear(in_features=768, out_features=2, bias=True)
    (7): Linear(in_features=768, out_features=1, bias=True)
  )
)

01/05/2021 11:28:10 Total number of params: 109495313
01/05/2021 11:28:10 At epoch 0
01/05/2021 11:28:12 Task [ 2] updates[     1] train loss[0.79376] remaining[0:57:10]
01/05/2021 11:29:23 Task [ 3] updates[   500] train loss[0.95581] remaining[0:06:01]
01/05/2021 11:30:40 Task [ 3] updates[  1000] train loss[0.93623] remaining[0:04:55]
01/05/2021 11:31:57 Task [ 0] updates[  1500] train loss[0.93848] remaining[0:03:43]
01/05/2021 11:33:13 Task [ 2] updates[  2000] train loss[0.96041] remaining[0:02:28]
01/05/2021 11:34:26 Task [ 3] updates[  2500] train loss[0.94244] remaining[0:01:12]
01/05/2021 11:36:00 Task mnli_matched -- epoch 0 -- Dev ACC: 34.019
01/05/2021 11:36:24 [new test scores saved.]
01/05/2021 11:36:49 Task mnli_mismatched -- epoch 0 -- Dev ACC: 33.777
01/05/2021 11:37:13 [new test scores saved.]
01/05/2021 11:37:14 Task rte -- epoch 0 -- Dev ACC: 47.292
01/05/2021 11:37:22 [new test scores saved.]
01/05/2021 11:38:50 Task qqp -- epoch 0 -- Dev ACC: 60.190
01/05/2021 11:38:50 Task qqp -- epoch 0 -- Dev F1: 13.714
01/05/2021 11:51:23 [new test scores saved.]
01/05/2021 11:51:34 Task qnli -- epoch 0 -- Dev ACC: 49.738
01/05/2021 11:51:44 [new test scores saved.]
01/05/2021 11:51:45 Task mrpc -- epoch 0 -- Dev ACC: 50.000
01/05/2021 11:51:45 Task mrpc -- epoch 0 -- Dev F1: 52.113
01/05/2021 11:51:48 [new test scores saved.]
01/05/2021 11:51:50 Task sst -- epoch 0 -- Dev ACC: 50.917
01/05/2021 11:51:52 [new test scores saved.]
01/05/2021 11:51:54 Task cola -- epoch 0 -- Dev ACC: 69.128
01/05/2021 11:51:54 Task cola -- epoch 0 -- Dev MCC: 0.000
01/05/2021 11:51:56 [new test scores saved.]
01/05/2021 11:51:58 Task stsb -- epoch 0 -- Dev Pearson: 2.701
01/05/2021 11:51:58 Task stsb -- epoch 0 -- Dev Spearman: 4.476
01/05/2021 11:52:01 [new test scores saved.]
01/05/2021 11:52:04 At epoch 1
01/05/2021 11:52:07 Task [ 0] updates[  3000] train loss[0.93839] remaining[0:05:39]
01/05/2021 11:53:05 Task [ 0] updates[  3500] train loss[0.93165] remaining[0:04:47]
01/05/2021 11:54:04 Task [ 0] updates[  4000] train loss[0.92378] remaining[0:03:50]
01/05/2021 11:55:04 Task [ 2] updates[  4500] train loss[0.92668] remaining[0:02:52]
01/05/2021 11:56:03 Task [ 0] updates[  5000] train loss[0.92172] remaining[0:01:53]
01/05/2021 11:57:03 Task [ 3] updates[  5500] train loss[0.91966] remaining[0:00:54]
01/05/2021 11:58:14 Task mnli_matched -- epoch 1 -- Dev ACC: 37.667
01/05/2021 11:58:31 [new test scores saved.]
01/05/2021 11:58:47 Task mnli_mismatched -- epoch 1 -- Dev ACC: 38.537
01/05/2021 11:59:04 [new test scores saved.]
01/05/2021 11:59:04 Task rte -- epoch 1 -- Dev ACC: 46.931
01/05/2021 11:59:10 [new test scores saved.]
01/06/2021 12:00:17 Task qqp -- epoch 1 -- Dev ACC: 58.719
01/06/2021 12:00:17 Task qqp -- epoch 1 -- Dev F1: 26.268
01/06/2021 12:11:13 [new test scores saved.]
01/06/2021 12:11:23 Task qnli -- epoch 1 -- Dev ACC: 46.598
01/06/2021 12:11:34 [new test scores saved.]
01/06/2021 12:11:35 Task mrpc -- epoch 1 -- Dev ACC: 41.422
01/06/2021 12:11:35 Task mrpc -- epoch 1 -- Dev F1: 31.909
01/06/2021 12:11:38 [new test scores saved.]
01/06/2021 12:11:39 Task sst -- epoch 1 -- Dev ACC: 51.376
01/06/2021 12:11:42 [new test scores saved.]
01/06/2021 12:11:44 Task cola -- epoch 1 -- Dev ACC: 69.128
01/06/2021 12:11:44 Task cola -- epoch 1 -- Dev MCC: 0.000
01/06/2021 12:11:45 [new test scores saved.]
01/06/2021 12:11:48 Task stsb -- epoch 1 -- Dev Pearson: 36.231
01/06/2021 12:11:48 Task stsb -- epoch 1 -- Dev Spearman: 35.073
01/06/2021 12:11:50 [new test scores saved.]
01/06/2021 12:11:54 At epoch 2
01/06/2021 12:11:58 Task [ 0] updates[  6000] train loss[0.91853] remaining[0:04:58]
01/06/2021 12:12:49 Task [ 0] updates[  6500] train loss[0.91640] remaining[0:04:09]
01/06/2021 12:13:47 Task [ 0] updates[  7000] train loss[0.91283] remaining[0:03:30]
01/06/2021 12:14:45 Task [ 0] updates[  7500] train loss[0.90800] remaining[0:02:39]
01/06/2021 12:15:45 Task [ 2] updates[  8000] train loss[0.90491] remaining[0:01:46]
01/06/2021 12:16:43 Task [ 2] updates[  8500] train loss[0.90010] remaining[0:00:50]
01/06/2021 12:17:52 Task mnli_matched -- epoch 2 -- Dev ACC: 39.256
01/06/2021 12:18:09 [new test scores saved.]
01/06/2021 12:18:25 Task mnli_mismatched -- epoch 2 -- Dev ACC: 40.572
01/06/2021 12:18:42 [new test scores saved.]
01/06/2021 12:18:43 Task rte -- epoch 2 -- Dev ACC: 48.736
01/06/2021 12:18:48 [new test scores saved.]
01/06/2021 12:19:56 Task qqp -- epoch 2 -- Dev ACC: 56.302
01/06/2021 12:19:56 Task qqp -- epoch 2 -- Dev F1: 29.555
01/06/2021 12:33:18 [new test scores saved.]
01/06/2021 12:33:33 Task qnli -- epoch 2 -- Dev ACC: 48.517
01/06/2021 12:33:50 [new test scores saved.]
01/06/2021 12:33:51 Task mrpc -- epoch 2 -- Dev ACC: 47.059
01/06/2021 12:33:51 Task mrpc -- epoch 2 -- Dev F1: 50.000
01/06/2021 12:33:55 [new test scores saved.]
01/06/2021 12:33:57 Task sst -- epoch 2 -- Dev ACC: 53.326
01/06/2021 12:34:00 [new test scores saved.]
01/06/2021 12:34:02 Task cola -- epoch 2 -- Dev ACC: 69.128
01/06/2021 12:34:02 Task cola -- epoch 2 -- Dev MCC: 2.569
01/06/2021 12:34:04 [new test scores saved.]
01/06/2021 12:34:07 Task stsb -- epoch 2 -- Dev Pearson: 39.975
01/06/2021 12:34:07 Task stsb -- epoch 2 -- Dev Spearman: 36.311
01/06/2021 12:34:10 [new test scores saved.]
01/06/2021 12:34:14 At epoch 3
01/06/2021 12:34:22 Task [ 2] updates[  9000] train loss[0.89366] remaining[0:06:49]
01/06/2021 12:35:36 Task [ 0] updates[  9500] train loss[0.88845] remaining[0:05:54]
01/06/2021 12:36:44 Task [ 0] updates[ 10000] train loss[0.88117] remaining[0:04:32]
01/06/2021 12:37:59 Task [ 3] updates[ 10500] train loss[0.87636] remaining[0:03:24]
01/06/2021 12:39:12 Task [ 2] updates[ 11000] train loss[0.87054] remaining[0:02:13]
01/06/2021 12:40:21 Task [ 4] updates[ 11500] train loss[0.86366] remaining[0:01:00]
01/06/2021 12:41:40 Task mnli_matched -- epoch 3 -- Dev ACC: 38.767
01/06/2021 12:42:04 [new test scores saved.]
01/06/2021 12:42:29 Task mnli_mismatched -- epoch 3 -- Dev ACC: 39.605
01/06/2021 12:42:53 [new test scores saved.]
01/06/2021 12:42:54 Task rte -- epoch 3 -- Dev ACC: 51.264
01/06/2021 12:43:02 [new test scores saved.]
01/06/2021 12:44:30 Task qqp -- epoch 3 -- Dev ACC: 54.415
01/06/2021 12:44:30 Task qqp -- epoch 3 -- Dev F1: 33.900
01/06/2021 12:58:47 [new test scores saved.]
01/06/2021 12:59:03 Task qnli -- epoch 3 -- Dev ACC: 48.011
01/06/2021 12:59:19 [new test scores saved.]
01/06/2021 12:59:20 Task mrpc -- epoch 3 -- Dev ACC: 38.480
01/06/2021 12:59:20 Task mrpc -- epoch 3 -- Dev F1: 31.978
01/06/2021 12:59:25 [new test scores saved.]
01/06/2021 12:59:26 Task sst -- epoch 3 -- Dev ACC: 50.573
01/06/2021 12:59:30 [new test scores saved.]
01/06/2021 12:59:31 Task cola -- epoch 3 -- Dev ACC: 69.799
01/06/2021 12:59:31 Task cola -- epoch 3 -- Dev MCC: 14.858
01/06/2021 12:59:33 [new test scores saved.]
01/06/2021 12:59:36 Task stsb -- epoch 3 -- Dev Pearson: 43.292
01/06/2021 12:59:36 Task stsb -- epoch 3 -- Dev Spearman: 40.630
01/06/2021 12:59:39 [new test scores saved.]
01/06/2021 12:59:45 At epoch 4
01/06/2021 12:59:57 Task [ 2] updates[ 12000] train loss[0.85462] remaining[0:07:13]
01/06/2021 01:01:12 Task [ 0] updates[ 12500] train loss[0.84597] remaining[0:05:59]
01/06/2021 01:02:26 Task [ 0] updates[ 13000] train loss[0.83773] remaining[0:04:42]
01/06/2021 01:03:40 Task [ 0] updates[ 13500] train loss[0.83060] remaining[0:03:28]
01/06/2021 01:04:56 Task [ 2] updates[ 14000] train loss[0.82291] remaining[0:02:14]
01/06/2021 01:06:10 Task [ 5] updates[ 14500] train loss[0.81330] remaining[0:00:59]
01/06/2021 01:07:34 Task mnli_matched -- epoch 4 -- Dev ACC: 37.382
01/06/2021 01:07:58 [new test scores saved.]
01/06/2021 01:08:22 Task mnli_mismatched -- epoch 4 -- Dev ACC: 37.642
01/06/2021 01:08:46 [new test scores saved.]
01/06/2021 01:08:47 Task rte -- epoch 4 -- Dev ACC: 53.791
01/06/2021 01:08:55 [new test scores saved.]
01/06/2021 01:10:22 Task qqp -- epoch 4 -- Dev ACC: 52.607
01/06/2021 01:10:22 Task qqp -- epoch 4 -- Dev F1: 41.114
01/06/2021 01:24:31 [new test scores saved.]
01/06/2021 01:24:46 Task qnli -- epoch 4 -- Dev ACC: 47.784
01/06/2021 01:25:02 [new test scores saved.]
01/06/2021 01:25:03 Task mrpc -- epoch 4 -- Dev ACC: 37.010
01/06/2021 01:25:03 Task mrpc -- epoch 4 -- Dev F1: 28.809
01/06/2021 01:25:07 [new test scores saved.]
01/06/2021 01:25:09 Task sst -- epoch 4 -- Dev ACC: 52.179
01/06/2021 01:25:12 [new test scores saved.]
01/06/2021 01:25:14 Task cola -- epoch 4 -- Dev ACC: 66.539
01/06/2021 01:25:14 Task cola -- epoch 4 -- Dev MCC: 13.876
01/06/2021 01:25:16 [new test scores saved.]
01/06/2021 01:25:19 Task stsb -- epoch 4 -- Dev Pearson: 54.652
01/06/2021 01:25:19 Task stsb -- epoch 4 -- Dev Spearman: 54.832
01/06/2021 01:25:22 [new test scores saved.]
01/06/2021 01:25:26 At epoch 5
01/06/2021 01:25:41 Task [ 2] updates[ 15000] train loss[0.80343] remaining[0:06:55]
01/06/2021 01:26:55 Task [ 0] updates[ 15500] train loss[0.79410] remaining[0:05:53]
01/06/2021 01:28:10 Task [ 3] updates[ 16000] train loss[0.78513] remaining[0:04:38]
01/06/2021 01:29:23 Task [ 2] updates[ 16500] train loss[0.77643] remaining[0:03:24]
01/06/2021 01:30:38 Task [ 0] updates[ 17000] train loss[0.76735] remaining[0:02:10]
01/06/2021 01:31:53 Task [ 3] updates[ 17500] train loss[0.75686] remaining[0:00:56]
01/06/2021 01:33:01 Task mnli_matched -- epoch 5 -- Dev ACC: 38.604
01/06/2021 01:33:18 [new test scores saved.]
01/06/2021 01:33:34 Task mnli_mismatched -- epoch 5 -- Dev ACC: 38.141
01/06/2021 01:33:51 [new test scores saved.]
01/06/2021 01:33:52 Task rte -- epoch 5 -- Dev ACC: 54.513
01/06/2021 01:33:57 [new test scores saved.]
01/06/2021 01:35:06 Task qqp -- epoch 5 -- Dev ACC: 53.525
01/06/2021 01:35:06 Task qqp -- epoch 5 -- Dev F1: 43.776
01/06/2021 01:45:59 [new test scores saved.]
01/06/2021 01:46:09 Task qnli -- epoch 5 -- Dev ACC: 46.127
01/06/2021 01:46:20 [new test scores saved.]
01/06/2021 01:46:21 Task mrpc -- epoch 5 -- Dev ACC: 42.157
01/06/2021 01:46:21 Task mrpc -- epoch 5 -- Dev F1: 41.872
01/06/2021 01:46:24 [new test scores saved.]
01/06/2021 01:46:25 Task sst -- epoch 5 -- Dev ACC: 50.688
01/06/2021 01:46:28 [new test scores saved.]
01/06/2021 01:46:30 Task cola -- epoch 5 -- Dev ACC: 68.648
01/06/2021 01:46:30 Task cola -- epoch 5 -- Dev MCC: 17.336
01/06/2021 01:46:31 [new test scores saved.]
01/06/2021 01:46:34 Task stsb -- epoch 5 -- Dev Pearson: 56.018
01/06/2021 01:46:34 Task stsb -- epoch 5 -- Dev Spearman: 55.303
01/06/2021 01:46:36 [new test scores saved.]
01/06/2021 01:46:40 At epoch 6
01/06/2021 01:46:53 Task [ 3] updates[ 18000] train loss[0.74724] remaining[0:05:09]
01/06/2021 01:47:53 Task [ 0] updates[ 18500] train loss[0.73749] remaining[0:04:36]
01/06/2021 01:48:52 Task [ 5] updates[ 19000] train loss[0.72834] remaining[0:03:38]
01/06/2021 01:49:50 Task [ 0] updates[ 19500] train loss[0.71984] remaining[0:02:39]
01/06/2021 01:50:49 Task [ 5] updates[ 20000] train loss[0.71081] remaining[0:01:40]
01/06/2021 01:51:48 Task [ 0] updates[ 20500] train loss[0.70128] remaining[0:00:42]
01/06/2021 01:52:46 Task mnli_matched -- epoch 6 -- Dev ACC: 37.168
01/06/2021 01:53:03 [new test scores saved.]
01/06/2021 01:53:19 Task mnli_mismatched -- epoch 6 -- Dev ACC: 37.063
01/06/2021 01:53:36 [new test scores saved.]
01/06/2021 01:53:36 Task rte -- epoch 6 -- Dev ACC: 55.235
01/06/2021 01:53:42 [new test scores saved.]
01/06/2021 01:54:49 Task qqp -- epoch 6 -- Dev ACC: 52.093
01/06/2021 01:54:49 Task qqp -- epoch 6 -- Dev F1: 46.422
01/06/2021 02:05:42 [new test scores saved.]
01/06/2021 02:05:52 Task qnli -- epoch 6 -- Dev ACC: 46.110
01/06/2021 02:06:03 [new test scores saved.]
01/06/2021 02:06:04 Task mrpc -- epoch 6 -- Dev ACC: 39.461
01/06/2021 02:06:04 Task mrpc -- epoch 6 -- Dev F1: 33.062
01/06/2021 02:06:07 [new test scores saved.]
01/06/2021 02:06:08 Task sst -- epoch 6 -- Dev ACC: 49.427
01/06/2021 02:06:11 [new test scores saved.]
01/06/2021 02:06:12 Task cola -- epoch 6 -- Dev ACC: 66.635
01/06/2021 02:06:12 Task cola -- epoch 6 -- Dev MCC: 14.648
01/06/2021 02:06:14 [new test scores saved.]
01/06/2021 02:06:17 Task stsb -- epoch 6 -- Dev Pearson: 60.486
01/06/2021 02:06:17 Task stsb -- epoch 6 -- Dev Spearman: 59.998
01/06/2021 02:06:19 [new test scores saved.]
01/06/2021 02:06:23 At epoch 7
01/06/2021 02:06:39 Task [ 0] updates[ 21000] train loss[0.69251] remaining[0:05:26]
01/06/2021 02:07:38 Task [ 0] updates[ 21500] train loss[0.68363] remaining[0:04:33]
01/06/2021 02:08:37 Task [ 2] updates[ 22000] train loss[0.67482] remaining[0:03:36]
01/06/2021 02:09:36 Task [ 0] updates[ 22500] train loss[0.66698] remaining[0:02:37]
01/06/2021 02:10:34 Task [ 0] updates[ 23000] train loss[0.65817] remaining[0:01:38]
01/06/2021 02:11:32 Task [ 2] updates[ 23500] train loss[0.64956] remaining[0:00:39]
01/06/2021 02:12:28 Task mnli_matched -- epoch 7 -- Dev ACC: 36.312
01/06/2021 02:12:44 [new test scores saved.]
01/06/2021 02:13:01 Task mnli_mismatched -- epoch 7 -- Dev ACC: 35.527
01/06/2021 02:13:17 [new test scores saved.]
01/06/2021 02:13:18 Task rte -- epoch 7 -- Dev ACC: 54.513
01/06/2021 02:13:23 [new test scores saved.]
01/06/2021 02:14:30 Task qqp -- epoch 7 -- Dev ACC: 51.551
01/06/2021 02:14:30 Task qqp -- epoch 7 -- Dev F1: 46.568
01/06/2021 02:25:19 [new test scores saved.]
01/06/2021 02:25:30 Task qnli -- epoch 7 -- Dev ACC: 46.895
01/06/2021 02:25:41 [new test scores saved.]
01/06/2021 02:25:42 Task mrpc -- epoch 7 -- Dev ACC: 38.235
01/06/2021 02:25:42 Task mrpc -- epoch 7 -- Dev F1: 30.387
01/06/2021 02:25:45 [new test scores saved.]
01/06/2021 02:25:46 Task sst -- epoch 7 -- Dev ACC: 51.491
01/06/2021 02:25:49 [new test scores saved.]
01/06/2021 02:25:51 Task cola -- epoch 7 -- Dev ACC: 63.183
01/06/2021 02:25:51 Task cola -- epoch 7 -- Dev MCC: 15.215
01/06/2021 02:25:52 [new test scores saved.]
01/06/2021 02:25:55 Task stsb -- epoch 7 -- Dev Pearson: 62.952
01/06/2021 02:25:55 Task stsb -- epoch 7 -- Dev Spearman: 62.325
01/06/2021 02:25:57 [new test scores saved.]
01/06/2021 02:26:01 At epoch 8
01/06/2021 02:26:20 Task [ 0] updates[ 24000] train loss[0.64131] remaining[0:05:35]
01/06/2021 02:27:22 Task [ 0] updates[ 24500] train loss[0.63304] remaining[0:04:44]
01/06/2021 02:28:23 Task [ 3] updates[ 25000] train loss[0.62507] remaining[0:03:42]
01/06/2021 02:29:23 Task [ 0] updates[ 25500] train loss[0.61749] remaining[0:02:40]
01/06/2021 02:30:23 Task [ 0] updates[ 26000] train loss[0.60970] remaining[0:01:39]
01/06/2021 02:31:22 Task [ 0] updates[ 26500] train loss[0.60197] remaining[0:00:38]
01/06/2021 02:32:17 Task mnli_matched -- epoch 8 -- Dev ACC: 36.026
01/06/2021 02:32:33 [new test scores saved.]
01/06/2021 02:32:50 Task mnli_mismatched -- epoch 8 -- Dev ACC: 35.862
01/06/2021 02:33:07 [new test scores saved.]
01/06/2021 02:33:07 Task rte -- epoch 8 -- Dev ACC: 52.347
01/06/2021 02:33:13 [new test scores saved.]
01/06/2021 02:34:20 Task qqp -- epoch 8 -- Dev ACC: 53.084
01/06/2021 02:34:20 Task qqp -- epoch 8 -- Dev F1: 47.893
01/06/2021 02:45:12 [new test scores saved.]
01/06/2021 02:45:23 Task qnli -- epoch 8 -- Dev ACC: 45.569
01/06/2021 02:45:34 [new test scores saved.]
01/06/2021 02:45:35 Task mrpc -- epoch 8 -- Dev ACC: 40.931
01/06/2021 02:45:35 Task mrpc -- epoch 8 -- Dev F1: 38.363
01/06/2021 02:45:38 [new test scores saved.]
01/06/2021 02:45:39 Task sst -- epoch 8 -- Dev ACC: 50.000
01/06/2021 02:45:42 [new test scores saved.]
01/06/2021 02:45:44 Task cola -- epoch 8 -- Dev ACC: 61.937
01/06/2021 02:45:44 Task cola -- epoch 8 -- Dev MCC: 14.062
01/06/2021 02:45:45 [new test scores saved.]
01/06/2021 02:45:48 Task stsb -- epoch 8 -- Dev Pearson: 66.023
01/06/2021 02:45:48 Task stsb -- epoch 8 -- Dev Spearman: 66.040
01/06/2021 02:45:50 [new test scores saved.]
01/06/2021 02:45:54 At epoch 9
01/06/2021 02:46:15 Task [ 0] updates[ 27000] train loss[0.59452] remaining[0:05:28]
01/06/2021 02:47:14 Task [ 2] updates[ 27500] train loss[0.58735] remaining[0:04:30]
01/06/2021 02:48:09 Task [ 0] updates[ 28000] train loss[0.58045] remaining[0:03:25]
01/06/2021 02:49:08 Task [ 0] updates[ 28500] train loss[0.57377] remaining[0:02:29]
01/06/2021 02:50:06 Task [ 0] updates[ 29000] train loss[0.56682] remaining[0:01:32]
01/06/2021 02:51:05 Task [ 2] updates[ 29500] train loss[0.56006] remaining[0:00:34]
01/06/2021 02:51:56 Task mnli_matched -- epoch 9 -- Dev ACC: 36.842
01/06/2021 02:52:12 [new test scores saved.]
01/06/2021 02:52:29 Task mnli_mismatched -- epoch 9 -- Dev ACC: 37.083
01/06/2021 02:52:46 [new test scores saved.]
01/06/2021 02:52:46 Task rte -- epoch 9 -- Dev ACC: 52.708
01/06/2021 02:52:52 [new test scores saved.]
01/06/2021 02:54:00 Task qqp -- epoch 9 -- Dev ACC: 52.703
01/06/2021 02:54:00 Task qqp -- epoch 9 -- Dev F1: 47.473
01/06/2021 03:04:57 [new test scores saved.]
01/06/2021 03:05:07 Task qnli -- epoch 9 -- Dev ACC: 46.354
01/06/2021 03:05:18 [new test scores saved.]
01/06/2021 03:05:19 Task mrpc -- epoch 9 -- Dev ACC: 41.176
01/06/2021 03:05:19 Task mrpc -- epoch 9 -- Dev F1: 38.776
01/06/2021 03:05:22 [new test scores saved.]
01/06/2021 03:05:23 Task sst -- epoch 9 -- Dev ACC: 50.459
01/06/2021 03:05:26 [new test scores saved.]
01/06/2021 03:05:28 Task cola -- epoch 9 -- Dev ACC: 61.266
01/06/2021 03:05:28 Task cola -- epoch 9 -- Dev MCC: 10.794
01/06/2021 03:05:30 [new test scores saved.]
01/06/2021 03:05:32 Task stsb -- epoch 9 -- Dev Pearson: 67.106
01/06/2021 03:05:32 Task stsb -- epoch 9 -- Dev Spearman: 67.133
01/06/2021 03:05:35 [new test scores saved.]
01/06/2021 03:05:39 At epoch 10
01/06/2021 03:06:03 Task [ 2] updates[ 30000] train loss[0.55376] remaining[0:05:32]
01/06/2021 03:07:01 Task [ 2] updates[ 30500] train loss[0.54742] remaining[0:04:28]
01/06/2021 03:08:00 Task [ 0] updates[ 31000] train loss[0.54122] remaining[0:03:29]
01/06/2021 03:08:57 Task [ 0] updates[ 31500] train loss[0.53528] remaining[0:02:29]
01/06/2021 03:09:56 Task [ 0] updates[ 32000] train loss[0.52904] remaining[0:01:31]
01/06/2021 03:10:54 Task [ 2] updates[ 32500] train loss[0.52307] remaining[0:00:32]
01/06/2021 03:11:43 Task mnli_matched -- epoch 10 -- Dev ACC: 36.363
01/06/2021 03:11:59 [new test scores saved.]
01/06/2021 03:12:16 Task mnli_mismatched -- epoch 10 -- Dev ACC: 37.449
01/06/2021 03:12:32 [new test scores saved.]
01/06/2021 03:12:33 Task rte -- epoch 10 -- Dev ACC: 51.625
01/06/2021 03:12:38 [new test scores saved.]
01/06/2021 03:13:45 Task qqp -- epoch 10 -- Dev ACC: 55.778
01/06/2021 03:13:45 Task qqp -- epoch 10 -- Dev F1: 44.959
01/06/2021 03:24:31 [new test scores saved.]
01/06/2021 03:24:41 Task qnli -- epoch 10 -- Dev ACC: 46.389
01/06/2021 03:24:52 [new test scores saved.]
01/06/2021 03:24:52 Task mrpc -- epoch 10 -- Dev ACC: 40.196
01/06/2021 03:24:52 Task mrpc -- epoch 10 -- Dev F1: 37.755
01/06/2021 03:24:55 [new test scores saved.]
01/06/2021 03:24:57 Task sst -- epoch 10 -- Dev ACC: 51.032
01/06/2021 03:25:00 [new test scores saved.]
01/06/2021 03:25:01 Task cola -- epoch 10 -- Dev ACC: 58.965
01/06/2021 03:25:01 Task cola -- epoch 10 -- Dev MCC: 10.496
01/06/2021 03:25:03 [new test scores saved.]
01/06/2021 03:25:05 Task stsb -- epoch 10 -- Dev Pearson: 66.805
01/06/2021 03:25:05 Task stsb -- epoch 10 -- Dev Spearman: 66.611
01/06/2021 03:25:08 [new test scores saved.]
01/06/2021 03:25:12 At epoch 11
01/06/2021 03:25:38 Task [ 0] updates[ 33000] train loss[0.51708] remaining[0:05:24]
01/06/2021 03:26:38 Task [ 4] updates[ 33500] train loss[0.51153] remaining[0:04:30]
01/06/2021 03:27:38 Task [ 0] updates[ 34000] train loss[0.50593] remaining[0:03:30]
01/06/2021 03:28:36 Task [ 2] updates[ 34500] train loss[0.50068] remaining[0:02:29]
01/06/2021 03:29:35 Task [ 0] updates[ 35000] train loss[0.49523] remaining[0:01:29]
01/06/2021 03:30:33 Task [ 2] updates[ 35500] train loss[0.48978] remaining[0:00:30]
01/06/2021 03:31:20 Task mnli_matched -- epoch 11 -- Dev ACC: 36.281
01/06/2021 03:31:36 [new test scores saved.]
01/06/2021 03:31:53 Task mnli_mismatched -- epoch 11 -- Dev ACC: 36.147
01/06/2021 03:32:09 [new test scores saved.]
01/06/2021 03:32:10 Task rte -- epoch 11 -- Dev ACC: 54.152
01/06/2021 03:32:15 [new test scores saved.]
01/06/2021 03:33:22 Task qqp -- epoch 11 -- Dev ACC: 54.507
01/06/2021 03:33:22 Task qqp -- epoch 11 -- Dev F1: 44.450
01/06/2021 03:44:10 [new test scores saved.]
01/06/2021 03:44:20 Task qnli -- epoch 11 -- Dev ACC: 46.738
01/06/2021 03:44:31 [new test scores saved.]
01/06/2021 03:44:31 Task mrpc -- epoch 11 -- Dev ACC: 43.627
01/06/2021 03:44:31 Task mrpc -- epoch 11 -- Dev F1: 42.211
01/06/2021 03:44:34 [new test scores saved.]
01/06/2021 03:44:36 Task sst -- epoch 11 -- Dev ACC: 49.771
01/06/2021 03:44:38 [new test scores saved.]
01/06/2021 03:44:40 Task cola -- epoch 11 -- Dev ACC: 58.389
01/06/2021 03:44:40 Task cola -- epoch 11 -- Dev MCC: 9.219
01/06/2021 03:44:42 [new test scores saved.]
01/06/2021 03:44:44 Task stsb -- epoch 11 -- Dev Pearson: 64.966
01/06/2021 03:44:44 Task stsb -- epoch 11 -- Dev Spearman: 64.719
01/06/2021 03:44:47 [new test scores saved.]
01/06/2021 03:44:50 At epoch 12
01/06/2021 03:45:18 Task [ 3] updates[ 36000] train loss[0.48471] remaining[0:05:10]
01/06/2021 03:46:15 Task [ 2] updates[ 36500] train loss[0.47976] remaining[0:04:16]
01/06/2021 03:47:13 Task [ 0] updates[ 37000] train loss[0.47493] remaining[0:03:20]
01/06/2021 03:48:07 Task [ 5] updates[ 37500] train loss[0.47023] remaining[0:02:19]
01/06/2021 03:49:02 Task [ 2] updates[ 38000] train loss[0.46536] remaining[0:01:23]
01/06/2021 03:50:00 Task [ 0] updates[ 38500] train loss[0.46062] remaining[0:00:27]
01/06/2021 03:50:45 Task mnli_matched -- epoch 12 -- Dev ACC: 36.740
01/06/2021 03:51:02 [new test scores saved.]
01/06/2021 03:51:18 Task mnli_mismatched -- epoch 12 -- Dev ACC: 36.737
01/06/2021 03:51:35 [new test scores saved.]
01/06/2021 03:51:35 Task rte -- epoch 12 -- Dev ACC: 51.986
01/06/2021 03:51:40 [new test scores saved.]
01/06/2021 03:52:47 Task qqp -- epoch 12 -- Dev ACC: 53.230
01/06/2021 03:52:47 Task qqp -- epoch 12 -- Dev F1: 45.524
01/06/2021 04:03:33 [new test scores saved.]
01/06/2021 04:03:44 Task qnli -- epoch 12 -- Dev ACC: 47.034
01/06/2021 04:03:54 [new test scores saved.]
01/06/2021 04:03:55 Task mrpc -- epoch 12 -- Dev ACC: 40.931
01/06/2021 04:03:55 Task mrpc -- epoch 12 -- Dev F1: 36.074
01/06/2021 04:03:58 [new test scores saved.]
01/06/2021 04:03:59 Task sst -- epoch 12 -- Dev ACC: 51.147
01/06/2021 04:04:02 [new test scores saved.]
01/06/2021 04:04:04 Task cola -- epoch 12 -- Dev ACC: 59.636
01/06/2021 04:04:04 Task cola -- epoch 12 -- Dev MCC: 11.452
01/06/2021 04:04:06 [new test scores saved.]
01/06/2021 04:04:08 Task stsb -- epoch 12 -- Dev Pearson: 66.333
01/06/2021 04:04:08 Task stsb -- epoch 12 -- Dev Spearman: 66.518
01/06/2021 04:04:10 [new test scores saved.]
01/06/2021 04:04:14 At epoch 13
01/06/2021 04:04:44 Task [ 3] updates[ 39000] train loss[0.45596] remaining[0:05:08]
01/06/2021 04:05:42 Task [ 2] updates[ 39500] train loss[0.45158] remaining[0:04:15]
01/06/2021 04:06:40 Task [ 0] updates[ 40000] train loss[0.44722] remaining[0:03:19]
01/06/2021 04:07:39 Task [ 0] updates[ 40500] train loss[0.44305] remaining[0:02:21]
01/06/2021 04:08:37 Task [ 0] updates[ 41000] train loss[0.43877] remaining[0:01:23]
01/06/2021 04:09:35 Task [ 2] updates[ 41500] train loss[0.43455] remaining[0:00:25]
01/06/2021 04:10:18 Task mnli_matched -- epoch 13 -- Dev ACC: 36.444
01/06/2021 04:10:35 [new test scores saved.]
01/06/2021 04:10:51 Task mnli_mismatched -- epoch 13 -- Dev ACC: 36.686
01/06/2021 04:11:08 [new test scores saved.]
01/06/2021 04:11:09 Task rte -- epoch 13 -- Dev ACC: 52.708
01/06/2021 04:11:14 [new test scores saved.]
01/06/2021 04:12:22 Task qqp -- epoch 13 -- Dev ACC: 54.029
01/06/2021 04:12:22 Task qqp -- epoch 13 -- Dev F1: 46.711
01/06/2021 04:23:12 [new test scores saved.]
01/06/2021 04:23:23 Task qnli -- epoch 13 -- Dev ACC: 46.615
01/06/2021 04:23:33 [new test scores saved.]
01/06/2021 04:23:34 Task mrpc -- epoch 13 -- Dev ACC: 41.422
01/06/2021 04:23:34 Task mrpc -- epoch 13 -- Dev F1: 37.270
01/06/2021 04:23:37 [new test scores saved.]
01/06/2021 04:23:38 Task sst -- epoch 13 -- Dev ACC: 49.771
01/06/2021 04:23:41 [new test scores saved.]
01/06/2021 04:23:43 Task cola -- epoch 13 -- Dev ACC: 60.115
01/06/2021 04:23:43 Task cola -- epoch 13 -- Dev MCC: 11.838
01/06/2021 04:23:44 [new test scores saved.]
01/06/2021 04:23:47 Task stsb -- epoch 13 -- Dev Pearson: 64.962
01/06/2021 04:23:47 Task stsb -- epoch 13 -- Dev Spearman: 64.813
01/06/2021 04:23:49 [new test scores saved.]
01/06/2021 04:23:53 At epoch 14
01/06/2021 04:24:25 Task [ 2] updates[ 42000] train loss[0.43033] remaining[0:05:08]
01/06/2021 04:25:24 Task [ 2] updates[ 42500] train loss[0.42648] remaining[0:04:15]
01/06/2021 04:26:21 Task [ 0] updates[ 43000] train loss[0.42259] remaining[0:03:16]
01/06/2021 04:27:18 Task [ 3] updates[ 43500] train loss[0.41879] remaining[0:02:18]
01/06/2021 04:28:16 Task [ 0] updates[ 44000] train loss[0.41494] remaining[0:01:20]
01/06/2021 04:29:13 Task [ 3] updates[ 44500] train loss[0.41104] remaining[0:00:23]
01/06/2021 04:29:53 Task mnli_matched -- epoch 14 -- Dev ACC: 36.882
01/06/2021 04:30:09 [new test scores saved.]
01/06/2021 04:30:26 Task mnli_mismatched -- epoch 14 -- Dev ACC: 36.971
01/06/2021 04:30:43 [new test scores saved.]
01/06/2021 04:30:43 Task rte -- epoch 14 -- Dev ACC: 53.791
01/06/2021 04:30:49 [new test scores saved.]
01/06/2021 04:31:55 Task qqp -- epoch 14 -- Dev ACC: 54.855
01/06/2021 04:31:55 Task qqp -- epoch 14 -- Dev F1: 45.775
01/06/2021 04:42:43 [new test scores saved.]
01/06/2021 04:42:53 Task qnli -- epoch 14 -- Dev ACC: 46.738
01/06/2021 04:43:04 [new test scores saved.]
01/06/2021 04:43:05 Task mrpc -- epoch 14 -- Dev ACC: 41.422
01/06/2021 04:43:05 Task mrpc -- epoch 14 -- Dev F1: 35.230
01/06/2021 04:43:08 [new test scores saved.]
01/06/2021 04:43:09 Task sst -- epoch 14 -- Dev ACC: 51.376
01/06/2021 04:43:12 [new test scores saved.]
01/06/2021 04:43:13 Task cola -- epoch 14 -- Dev ACC: 57.239
01/06/2021 04:43:13 Task cola -- epoch 14 -- Dev MCC: 9.933
01/06/2021 04:43:15 [new test scores saved.]
01/06/2021 04:43:18 Task stsb -- epoch 14 -- Dev Pearson: 64.060
01/06/2021 04:43:18 Task stsb -- epoch 14 -- Dev Spearman: 63.930
01/06/2021 04:43:20 [new test scores saved.]
01/06/2021 04:43:24 At epoch 15
01/06/2021 04:43:58 Task [ 2] updates[ 45000] train loss[0.40724] remaining[0:05:07]
01/06/2021 04:44:56 Task [ 2] updates[ 45500] train loss[0.40370] remaining[0:04:11]
01/06/2021 04:45:54 Task [ 2] updates[ 46000] train loss[0.40034] remaining[0:03:13]
01/06/2021 04:46:50 Task [ 2] updates[ 46500] train loss[0.39696] remaining[0:02:15]
01/06/2021 04:47:47 Task [ 0] updates[ 47000] train loss[0.39342] remaining[0:01:17]
01/06/2021 04:48:44 Task [ 2] updates[ 47500] train loss[0.38999] remaining[0:00:20]
01/06/2021 04:49:21 Task mnli_matched -- epoch 15 -- Dev ACC: 36.057
01/06/2021 04:49:38 [new test scores saved.]
01/06/2021 04:49:54 Task mnli_mismatched -- epoch 15 -- Dev ACC: 35.629
01/06/2021 04:50:11 [new test scores saved.]
01/06/2021 04:50:11 Task rte -- epoch 15 -- Dev ACC: 54.513
01/06/2021 04:50:17 [new test scores saved.]
01/06/2021 04:51:24 Task qqp -- epoch 15 -- Dev ACC: 54.277
01/06/2021 04:51:24 Task qqp -- epoch 15 -- Dev F1: 46.615
01/06/2021 05:02:11 [new test scores saved.]
01/06/2021 05:02:22 Task qnli -- epoch 15 -- Dev ACC: 46.110
01/06/2021 05:02:32 [new test scores saved.]
01/06/2021 05:02:33 Task mrpc -- epoch 15 -- Dev ACC: 37.500
01/06/2021 05:02:33 Task mrpc -- epoch 15 -- Dev F1: 26.934
01/06/2021 05:02:36 [new test scores saved.]
01/06/2021 05:02:37 Task sst -- epoch 15 -- Dev ACC: 50.803
01/06/2021 05:02:40 [new test scores saved.]
01/06/2021 05:02:42 Task cola -- epoch 15 -- Dev ACC: 56.663
01/06/2021 05:02:42 Task cola -- epoch 15 -- Dev MCC: 9.453
01/06/2021 05:02:43 [new test scores saved.]
01/06/2021 05:02:46 Task stsb -- epoch 15 -- Dev Pearson: 66.121
01/06/2021 05:02:46 Task stsb -- epoch 15 -- Dev Spearman: 66.065
01/06/2021 05:02:48 [new test scores saved.]
01/06/2021 05:02:52 At epoch 16
01/06/2021 05:03:28 Task [ 2] updates[ 48000] train loss[0.38665] remaining[0:04:57]
01/06/2021 05:04:26 Task [ 0] updates[ 48500] train loss[0.38345] remaining[0:04:06]
01/06/2021 05:05:24 Task [ 5] updates[ 49000] train loss[0.38041] remaining[0:03:10]
01/06/2021 05:06:21 Task [ 0] updates[ 49500] train loss[0.37742] remaining[0:02:13]
01/06/2021 05:07:19 Task [ 0] updates[ 50000] train loss[0.37432] remaining[0:01:15]
01/06/2021 05:08:18 Task [ 0] updates[ 50500] train loss[0.37120] remaining[0:00:18]
01/06/2021 05:08:52 Task mnli_matched -- epoch 16 -- Dev ACC: 36.679
01/06/2021 05:09:09 [new test scores saved.]
01/06/2021 05:09:25 Task mnli_mismatched -- epoch 16 -- Dev ACC: 36.452
01/06/2021 05:09:42 [new test scores saved.]
01/06/2021 05:09:42 Task rte -- epoch 16 -- Dev ACC: 52.708
01/06/2021 05:09:48 [new test scores saved.]
01/06/2021 05:10:55 Task qqp -- epoch 16 -- Dev ACC: 55.157
01/06/2021 05:10:55 Task qqp -- epoch 16 -- Dev F1: 44.940
01/06/2021 05:21:42 [new test scores saved.]
01/06/2021 05:21:53 Task qnli -- epoch 16 -- Dev ACC: 46.546
01/06/2021 05:22:03 [new test scores saved.]
01/06/2021 05:22:04 Task mrpc -- epoch 16 -- Dev ACC: 41.912
01/06/2021 05:22:04 Task mrpc -- epoch 16 -- Dev F1: 38.120
01/06/2021 05:22:07 [new test scores saved.]
01/06/2021 05:22:08 Task sst -- epoch 16 -- Dev ACC: 51.032
01/06/2021 05:22:11 [new test scores saved.]
01/06/2021 05:22:13 Task cola -- epoch 16 -- Dev ACC: 59.732
01/06/2021 05:22:13 Task cola -- epoch 16 -- Dev MCC: 12.350
01/06/2021 05:22:14 [new test scores saved.]
01/06/2021 05:22:17 Task stsb -- epoch 16 -- Dev Pearson: 65.627
01/06/2021 05:22:17 Task stsb -- epoch 16 -- Dev Spearman: 65.696
01/06/2021 05:22:19 [new test scores saved.]
01/06/2021 05:22:23 At epoch 17
01/06/2021 05:23:03 Task [ 0] updates[ 51000] train loss[0.36829] remaining[0:05:11]
01/06/2021 05:24:05 Task [ 3] updates[ 51500] train loss[0.36542] remaining[0:04:19]
01/06/2021 05:25:03 Task [ 0] updates[ 52000] train loss[0.36269] remaining[0:03:15]
01/06/2021 05:26:03 Task [ 0] updates[ 52500] train loss[0.35981] remaining[0:02:15]
01/06/2021 05:27:01 Task [ 0] updates[ 53000] train loss[0.35695] remaining[0:01:15]
01/06/2021 05:28:01 Task [ 0] updates[ 53500] train loss[0.35418] remaining[0:00:16]
01/06/2021 05:28:34 Task mnli_matched -- epoch 17 -- Dev ACC: 36.200
01/06/2021 05:28:51 [new test scores saved.]
01/06/2021 05:29:07 Task mnli_mismatched -- epoch 17 -- Dev ACC: 35.985
01/06/2021 05:29:24 [new test scores saved.]
01/06/2021 05:29:24 Task rte -- epoch 17 -- Dev ACC: 54.513
01/06/2021 05:29:30 [new test scores saved.]
01/06/2021 05:30:37 Task qqp -- epoch 17 -- Dev ACC: 55.266
01/06/2021 05:30:37 Task qqp -- epoch 17 -- Dev F1: 46.115
01/06/2021 05:41:29 [new test scores saved.]
01/06/2021 05:41:40 Task qnli -- epoch 17 -- Dev ACC: 46.581
01/06/2021 05:41:50 [new test scores saved.]
01/06/2021 05:41:51 Task mrpc -- epoch 17 -- Dev ACC: 42.402
01/06/2021 05:41:51 Task mrpc -- epoch 17 -- Dev F1: 37.995
01/06/2021 05:41:54 [new test scores saved.]
01/06/2021 05:41:55 Task sst -- epoch 17 -- Dev ACC: 50.000
01/06/2021 05:41:58 [new test scores saved.]
01/06/2021 05:42:00 Task cola -- epoch 17 -- Dev ACC: 60.594
01/06/2021 05:42:00 Task cola -- epoch 17 -- Dev MCC: 10.251
01/06/2021 05:42:01 [new test scores saved.]
01/06/2021 05:42:04 Task stsb -- epoch 17 -- Dev Pearson: 65.406
01/06/2021 05:42:04 Task stsb -- epoch 17 -- Dev Spearman: 65.397
01/06/2021 05:42:06 [new test scores saved.]
01/06/2021 05:42:10 At epoch 18
01/06/2021 05:42:53 Task [ 2] updates[ 54000] train loss[0.35141] remaining[0:05:08]
01/06/2021 05:43:52 Task [ 2] updates[ 54500] train loss[0.34892] remaining[0:04:10]
01/06/2021 05:44:50 Task [ 0] updates[ 55000] train loss[0.34639] remaining[0:03:10]
01/06/2021 05:45:48 Task [ 2] updates[ 55500] train loss[0.34393] remaining[0:02:11]
01/06/2021 05:46:45 Task [ 0] updates[ 56000] train loss[0.34133] remaining[0:01:12]
01/06/2021 05:47:43 Task [ 2] updates[ 56500] train loss[0.33878] remaining[0:00:13]
01/06/2021 05:48:13 Task mnli_matched -- epoch 18 -- Dev ACC: 36.536
01/06/2021 05:48:29 [new test scores saved.]
01/06/2021 05:48:46 Task mnli_mismatched -- epoch 18 -- Dev ACC: 36.310
01/06/2021 05:49:02 [new test scores saved.]
01/06/2021 05:49:03 Task rte -- epoch 18 -- Dev ACC: 55.596
01/06/2021 05:49:08 [new test scores saved.]
01/06/2021 05:50:15 Task qqp -- epoch 18 -- Dev ACC: 55.298
01/06/2021 05:50:15 Task qqp -- epoch 18 -- Dev F1: 46.270
01/06/2021 06:01:04 [new test scores saved.]
01/06/2021 06:01:14 Task qnli -- epoch 18 -- Dev ACC: 46.458
01/06/2021 06:01:25 [new test scores saved.]
01/06/2021 06:01:26 Task mrpc -- epoch 18 -- Dev ACC: 41.667
01/06/2021 06:01:26 Task mrpc -- epoch 18 -- Dev F1: 37.368
01/06/2021 06:01:29 [new test scores saved.]
01/06/2021 06:01:30 Task sst -- epoch 18 -- Dev ACC: 50.688
01/06/2021 06:01:33 [new test scores saved.]
01/06/2021 06:01:35 Task cola -- epoch 18 -- Dev ACC: 60.403
01/06/2021 06:01:35 Task cola -- epoch 18 -- Dev MCC: 9.967
01/06/2021 06:01:36 [new test scores saved.]
01/06/2021 06:01:39 Task stsb -- epoch 18 -- Dev Pearson: 66.235
01/06/2021 06:01:39 Task stsb -- epoch 18 -- Dev Spearman: 66.274
01/06/2021 06:01:41 [new test scores saved.]
01/06/2021 06:01:45 At epoch 19
01/06/2021 06:02:28 Task [ 2] updates[ 57000] train loss[0.33637] remaining[0:04:51]
01/06/2021 06:03:26 Task [ 2] updates[ 57500] train loss[0.33397] remaining[0:04:00]
01/06/2021 06:04:23 Task [ 2] updates[ 58000] train loss[0.33163] remaining[0:03:02]
01/06/2021 06:05:20 Task [ 0] updates[ 58500] train loss[0.32949] remaining[0:02:05]
01/06/2021 06:06:18 Task [ 3] updates[ 59000] train loss[0.32715] remaining[0:01:08]
01/06/2021 06:07:17 Task [ 2] updates[ 59500] train loss[0.32485] remaining[0:00:11]
01/06/2021 06:07:45 Task mnli_matched -- epoch 19 -- Dev ACC: 36.699
01/06/2021 06:08:01 [new test scores saved.]
01/06/2021 06:08:18 Task mnli_mismatched -- epoch 19 -- Dev ACC: 37.012
01/06/2021 06:08:34 [new test scores saved.]
01/06/2021 06:08:35 Task rte -- epoch 19 -- Dev ACC: 53.430
01/06/2021 06:08:40 [new test scores saved.]
01/06/2021 06:09:47 Task qqp -- epoch 19 -- Dev ACC: 55.924
01/06/2021 06:09:47 Task qqp -- epoch 19 -- Dev F1: 47.012
01/06/2021 06:20:39 [new test scores saved.]
01/06/2021 06:20:50 Task qnli -- epoch 19 -- Dev ACC: 46.371
01/06/2021 06:21:01 [new test scores saved.]
01/06/2021 06:21:01 Task mrpc -- epoch 19 -- Dev ACC: 42.647
01/06/2021 06:21:01 Task mrpc -- epoch 19 -- Dev F1: 41.791
01/06/2021 06:21:04 [new test scores saved.]
01/06/2021 06:21:06 Task sst -- epoch 19 -- Dev ACC: 50.688
01/06/2021 06:21:09 [new test scores saved.]
01/06/2021 06:21:10 Task cola -- epoch 19 -- Dev ACC: 59.060
01/06/2021 06:21:10 Task cola -- epoch 19 -- Dev MCC: 8.004
01/06/2021 06:21:12 [new test scores saved.]
01/06/2021 06:21:15 Task stsb -- epoch 19 -- Dev Pearson: 65.516
01/06/2021 06:21:15 Task stsb -- epoch 19 -- Dev Spearman: 65.526
01/06/2021 06:21:17 [new test scores saved.]
