01/07/2021 04:01:42 1
01/07/2021 04:01:42 Launching the MT-DNN training
01/07/2021 04:01:42 Loading data/canonical_data/bert_base_uncased_lower/mnli_train.json as task 0
01/07/2021 04:01:52 ####################
01/07/2021 04:01:52 {'log_file': 'checkpoints/2021-01-07T0401_bert-base-uncased_mnli_cont/log.log', 'tensorboard': False, 'tensorboard_logdir': 'tensorboard_logdir', 'init_checkpoint': 'checkpoints/2021-01-06T1921_bert-base-uncased_mnli/model_7.pt', 'data_dir': 'data/canonical_data/bert_base_uncased_lower', 'data_sort_on': False, 'name': 'farmer', 'task_def': 'experiments/glue/glue_task_def.yml', 'train_datasets': ['mnli'], 'test_datasets': ['mnli_matched', 'mnli_mismatched'], 'glue_format_on': False, 'mkd_opt': 0, 'do_padding': False, 'update_bert_opt': 0, 'multi_gpu_on': True, 'mem_cum_type': 'simple', 'answer_num_turn': 5, 'answer_mem_drop_p': 0.1, 'answer_att_hidden_size': 128, 'answer_att_type': 'bilinear', 'answer_rnn_type': 'gru', 'answer_sum_att_type': 'bilinear', 'answer_merge_opt': 1, 'answer_mem_type': 1, 'max_answer_len': 10, 'answer_dropout_p': 0.1, 'answer_weight_norm_on': False, 'dump_state_on': False, 'answer_opt': 1, 'mtl_opt': 0, 'ratio': 0, 'mix_opt': 0, 'max_seq_len': 512, 'init_ratio': 1, 'encoder_type': <EncoderModelType.BERT: 1>, 'num_hidden_layers': -1, 'bert_model_type': 'bert-base-uncased', 'do_lower_case': False, 'masked_lm_prob': 0.15, 'short_seq_prob': 0.2, 'max_predictions_per_seq': 128, 'bin_on': False, 'bin_size': 64, 'bin_grow_ratio': 0.5, 'cuda': True, 'log_per_updates': 500, 'save_per_updates': 10000, 'save_per_updates_on': False, 'epochs': 20, 'batch_size': 16, 'batch_size_eval': 8, 'optimizer': 'adamax', 'grad_clipping': 0.0, 'global_grad_clipping': 1.0, 'weight_decay': 0, 'learning_rate': 5e-05, 'momentum': 0, 'warmup': 0.1, 'warmup_schedule': 'warmup_linear', 'adam_eps': 1e-06, 'vb_dropout': True, 'dropout_p': 0.1, 'dropout_w': 0.0, 'bert_dropout_p': 0.1, 'model_ckpt': 'checkpoints/model_0.pt', 'resume': False, 'have_lr_scheduler': True, 'multi_step_lr': '10,20,30', 'lr_gamma': 0.5, 'scheduler_type': 'ms', 'output_dir': 'checkpoints/2021-01-07T0401_bert-base-uncased_mnli_cont', 'seed': 2018, 'grad_accumulation_step': 1, 'fp16': False, 'fp16_opt_level': 'O1', 'adv_train': False, 'adv_opt': 0, 'adv_norm_level': 0, 'adv_p_norm': 'inf', 'adv_alpha': 1, 'adv_k': 1, 'adv_step_size': 0.001, 'adv_noise_var': 1e-05, 'adv_epsilon': 1e-06, 'loss_pred': True, 'collect_uncertainty': None, 'collect_topk': 0.1, 'load_ranked_data': None, 'mc_dropout': 0, 'finetune': True, 'encode_mode': False, 'task_def_list': [{'self': '{}', 'label_vocab': '<data_utils.vocab.Vocabulary object at 0x7f815f2e4e20>', 'n_class': '3', 'data_type': '<DataFormat.PremiseAndOneHypothesis: 2>', 'task_type': '<TaskType.Classification: 1>', 'metric_meta': '(<Metric.ACC: 0>,)', 'split_names': "['train', 'matched_dev', 'mismatched_dev', 'matched_test', 'mismatched_test']", 'enable_san': 'False', 'dropout_p': '0.1', 'loss': '<LossCriterion.CeCriterion: 0>', 'kd_loss': '<LossCriterion.MseCriterion: 1>', 'adv_loss': '<LossCriterion.SymKlCriterion: 7>', '__class__': "<class 'experiments.exp_def.TaskDef'>"}]}
01/07/2021 04:01:52 ####################
01/07/2021 04:01:52 ############# Gradient Accumulation Info #############
01/07/2021 04:01:52 number of step: 490880
01/07/2021 04:01:52 number of grad grad_accumulation step: 1
01/07/2021 04:01:52 adjusted number of step: 490880
01/07/2021 04:01:52 ############# Gradient Accumulation Info #############
01/07/2021 04:02:00 
############# Model Arch of MT-DNN #############
SANBertNetwork(
  (dropout_list): ModuleList(
    (0): DropoutWrapper()
  )
  (bert): BertModel(
    (embeddings): BertEmbeddings(
      (word_embeddings): Embedding(30522, 768, padding_idx=0)
      (position_embeddings): Embedding(512, 768)
      (token_type_embeddings): Embedding(2, 768)
      (LayerNorm): LayerNorm((768,), eps=1e-12, elementwise_affine=True)
      (dropout): Dropout(p=0.1, inplace=False)
    )
    (encoder): BertEncoder(
      (layer): ModuleList(
        (0): BertLayer(
          (attention): BertAttention(
            (self): BertSelfAttention(
              (query): Linear(in_features=768, out_features=768, bias=True)
              (key): Linear(in_features=768, out_features=768, bias=True)
              (value): Linear(in_features=768, out_features=768, bias=True)
              (dropout): Dropout(p=0.1, inplace=False)
            )
            (output): BertSelfOutput(
              (dense): Linear(in_features=768, out_features=768, bias=True)
              (LayerNorm): LayerNorm((768,), eps=1e-12, elementwise_affine=True)
              (dropout): Dropout(p=0.1, inplace=False)
            )
          )
          (intermediate): BertIntermediate(
            (dense): Linear(in_features=768, out_features=3072, bias=True)
          )
          (output): BertOutput(
            (dense): Linear(in_features=3072, out_features=768, bias=True)
            (LayerNorm): LayerNorm((768,), eps=1e-12, elementwise_affine=True)
            (dropout): Dropout(p=0.1, inplace=False)
          )
        )
        (1): BertLayer(
          (attention): BertAttention(
            (self): BertSelfAttention(
              (query): Linear(in_features=768, out_features=768, bias=True)
              (key): Linear(in_features=768, out_features=768, bias=True)
              (value): Linear(in_features=768, out_features=768, bias=True)
              (dropout): Dropout(p=0.1, inplace=False)
            )
            (output): BertSelfOutput(
              (dense): Linear(in_features=768, out_features=768, bias=True)
              (LayerNorm): LayerNorm((768,), eps=1e-12, elementwise_affine=True)
              (dropout): Dropout(p=0.1, inplace=False)
            )
          )
          (intermediate): BertIntermediate(
            (dense): Linear(in_features=768, out_features=3072, bias=True)
          )
          (output): BertOutput(
            (dense): Linear(in_features=3072, out_features=768, bias=True)
            (LayerNorm): LayerNorm((768,), eps=1e-12, elementwise_affine=True)
            (dropout): Dropout(p=0.1, inplace=False)
          )
        )
        (2): BertLayer(
          (attention): BertAttention(
            (self): BertSelfAttention(
              (query): Linear(in_features=768, out_features=768, bias=True)
              (key): Linear(in_features=768, out_features=768, bias=True)
              (value): Linear(in_features=768, out_features=768, bias=True)
              (dropout): Dropout(p=0.1, inplace=False)
            )
            (output): BertSelfOutput(
              (dense): Linear(in_features=768, out_features=768, bias=True)
              (LayerNorm): LayerNorm((768,), eps=1e-12, elementwise_affine=True)
              (dropout): Dropout(p=0.1, inplace=False)
            )
          )
          (intermediate): BertIntermediate(
            (dense): Linear(in_features=768, out_features=3072, bias=True)
          )
          (output): BertOutput(
            (dense): Linear(in_features=3072, out_features=768, bias=True)
            (LayerNorm): LayerNorm((768,), eps=1e-12, elementwise_affine=True)
            (dropout): Dropout(p=0.1, inplace=False)
          )
        )
        (3): BertLayer(
          (attention): BertAttention(
            (self): BertSelfAttention(
              (query): Linear(in_features=768, out_features=768, bias=True)
              (key): Linear(in_features=768, out_features=768, bias=True)
              (value): Linear(in_features=768, out_features=768, bias=True)
              (dropout): Dropout(p=0.1, inplace=False)
            )
            (output): BertSelfOutput(
              (dense): Linear(in_features=768, out_features=768, bias=True)
              (LayerNorm): LayerNorm((768,), eps=1e-12, elementwise_affine=True)
              (dropout): Dropout(p=0.1, inplace=False)
            )
          )
          (intermediate): BertIntermediate(
            (dense): Linear(in_features=768, out_features=3072, bias=True)
          )
          (output): BertOutput(
            (dense): Linear(in_features=3072, out_features=768, bias=True)
            (LayerNorm): LayerNorm((768,), eps=1e-12, elementwise_affine=True)
            (dropout): Dropout(p=0.1, inplace=False)
          )
        )
        (4): BertLayer(
          (attention): BertAttention(
            (self): BertSelfAttention(
              (query): Linear(in_features=768, out_features=768, bias=True)
              (key): Linear(in_features=768, out_features=768, bias=True)
              (value): Linear(in_features=768, out_features=768, bias=True)
              (dropout): Dropout(p=0.1, inplace=False)
            )
            (output): BertSelfOutput(
              (dense): Linear(in_features=768, out_features=768, bias=True)
              (LayerNorm): LayerNorm((768,), eps=1e-12, elementwise_affine=True)
              (dropout): Dropout(p=0.1, inplace=False)
            )
          )
          (intermediate): BertIntermediate(
            (dense): Linear(in_features=768, out_features=3072, bias=True)
          )
          (output): BertOutput(
            (dense): Linear(in_features=3072, out_features=768, bias=True)
            (LayerNorm): LayerNorm((768,), eps=1e-12, elementwise_affine=True)
            (dropout): Dropout(p=0.1, inplace=False)
          )
        )
        (5): BertLayer(
          (attention): BertAttention(
            (self): BertSelfAttention(
              (query): Linear(in_features=768, out_features=768, bias=True)
              (key): Linear(in_features=768, out_features=768, bias=True)
              (value): Linear(in_features=768, out_features=768, bias=True)
              (dropout): Dropout(p=0.1, inplace=False)
            )
            (output): BertSelfOutput(
              (dense): Linear(in_features=768, out_features=768, bias=True)
              (LayerNorm): LayerNorm((768,), eps=1e-12, elementwise_affine=True)
              (dropout): Dropout(p=0.1, inplace=False)
            )
          )
          (intermediate): BertIntermediate(
            (dense): Linear(in_features=768, out_features=3072, bias=True)
          )
          (output): BertOutput(
            (dense): Linear(in_features=3072, out_features=768, bias=True)
            (LayerNorm): LayerNorm((768,), eps=1e-12, elementwise_affine=True)
            (dropout): Dropout(p=0.1, inplace=False)
          )
        )
        (6): BertLayer(
          (attention): BertAttention(
            (self): BertSelfAttention(
              (query): Linear(in_features=768, out_features=768, bias=True)
              (key): Linear(in_features=768, out_features=768, bias=True)
              (value): Linear(in_features=768, out_features=768, bias=True)
              (dropout): Dropout(p=0.1, inplace=False)
            )
            (output): BertSelfOutput(
              (dense): Linear(in_features=768, out_features=768, bias=True)
              (LayerNorm): LayerNorm((768,), eps=1e-12, elementwise_affine=True)
              (dropout): Dropout(p=0.1, inplace=False)
            )
          )
          (intermediate): BertIntermediate(
            (dense): Linear(in_features=768, out_features=3072, bias=True)
          )
          (output): BertOutput(
            (dense): Linear(in_features=3072, out_features=768, bias=True)
            (LayerNorm): LayerNorm((768,), eps=1e-12, elementwise_affine=True)
            (dropout): Dropout(p=0.1, inplace=False)
          )
        )
        (7): BertLayer(
          (attention): BertAttention(
            (self): BertSelfAttention(
              (query): Linear(in_features=768, out_features=768, bias=True)
              (key): Linear(in_features=768, out_features=768, bias=True)
              (value): Linear(in_features=768, out_features=768, bias=True)
              (dropout): Dropout(p=0.1, inplace=False)
            )
            (output): BertSelfOutput(
              (dense): Linear(in_features=768, out_features=768, bias=True)
              (LayerNorm): LayerNorm((768,), eps=1e-12, elementwise_affine=True)
              (dropout): Dropout(p=0.1, inplace=False)
            )
          )
          (intermediate): BertIntermediate(
            (dense): Linear(in_features=768, out_features=3072, bias=True)
          )
          (output): BertOutput(
            (dense): Linear(in_features=3072, out_features=768, bias=True)
            (LayerNorm): LayerNorm((768,), eps=1e-12, elementwise_affine=True)
            (dropout): Dropout(p=0.1, inplace=False)
          )
        )
        (8): BertLayer(
          (attention): BertAttention(
            (self): BertSelfAttention(
              (query): Linear(in_features=768, out_features=768, bias=True)
              (key): Linear(in_features=768, out_features=768, bias=True)
              (value): Linear(in_features=768, out_features=768, bias=True)
              (dropout): Dropout(p=0.1, inplace=False)
            )
            (output): BertSelfOutput(
              (dense): Linear(in_features=768, out_features=768, bias=True)
              (LayerNorm): LayerNorm((768,), eps=1e-12, elementwise_affine=True)
              (dropout): Dropout(p=0.1, inplace=False)
            )
          )
          (intermediate): BertIntermediate(
            (dense): Linear(in_features=768, out_features=3072, bias=True)
          )
          (output): BertOutput(
            (dense): Linear(in_features=3072, out_features=768, bias=True)
            (LayerNorm): LayerNorm((768,), eps=1e-12, elementwise_affine=True)
            (dropout): Dropout(p=0.1, inplace=False)
          )
        )
        (9): BertLayer(
          (attention): BertAttention(
            (self): BertSelfAttention(
              (query): Linear(in_features=768, out_features=768, bias=True)
              (key): Linear(in_features=768, out_features=768, bias=True)
              (value): Linear(in_features=768, out_features=768, bias=True)
              (dropout): Dropout(p=0.1, inplace=False)
            )
            (output): BertSelfOutput(
              (dense): Linear(in_features=768, out_features=768, bias=True)
              (LayerNorm): LayerNorm((768,), eps=1e-12, elementwise_affine=True)
              (dropout): Dropout(p=0.1, inplace=False)
            )
          )
          (intermediate): BertIntermediate(
            (dense): Linear(in_features=768, out_features=3072, bias=True)
          )
          (output): BertOutput(
            (dense): Linear(in_features=3072, out_features=768, bias=True)
            (LayerNorm): LayerNorm((768,), eps=1e-12, elementwise_affine=True)
            (dropout): Dropout(p=0.1, inplace=False)
          )
        )
        (10): BertLayer(
          (attention): BertAttention(
            (self): BertSelfAttention(
              (query): Linear(in_features=768, out_features=768, bias=True)
              (key): Linear(in_features=768, out_features=768, bias=True)
              (value): Linear(in_features=768, out_features=768, bias=True)
              (dropout): Dropout(p=0.1, inplace=False)
            )
            (output): BertSelfOutput(
              (dense): Linear(in_features=768, out_features=768, bias=True)
              (LayerNorm): LayerNorm((768,), eps=1e-12, elementwise_affine=True)
              (dropout): Dropout(p=0.1, inplace=False)
            )
          )
          (intermediate): BertIntermediate(
            (dense): Linear(in_features=768, out_features=3072, bias=True)
          )
          (output): BertOutput(
            (dense): Linear(in_features=3072, out_features=768, bias=True)
            (LayerNorm): LayerNorm((768,), eps=1e-12, elementwise_affine=True)
            (dropout): Dropout(p=0.1, inplace=False)
          )
        )
        (11): BertLayer(
          (attention): BertAttention(
            (self): BertSelfAttention(
              (query): Linear(in_features=768, out_features=768, bias=True)
              (key): Linear(in_features=768, out_features=768, bias=True)
              (value): Linear(in_features=768, out_features=768, bias=True)
              (dropout): Dropout(p=0.1, inplace=False)
            )
            (output): BertSelfOutput(
              (dense): Linear(in_features=768, out_features=768, bias=True)
              (LayerNorm): LayerNorm((768,), eps=1e-12, elementwise_affine=True)
              (dropout): Dropout(p=0.1, inplace=False)
            )
          )
          (intermediate): BertIntermediate(
            (dense): Linear(in_features=768, out_features=3072, bias=True)
          )
          (output): BertOutput(
            (dense): Linear(in_features=3072, out_features=768, bias=True)
            (LayerNorm): LayerNorm((768,), eps=1e-12, elementwise_affine=True)
            (dropout): Dropout(p=0.1, inplace=False)
          )
        )
      )
    )
    (pooler): BertPooler(
      (dense): Linear(in_features=768, out_features=768, bias=True)
      (activation): Tanh()
    )
  )
  (loss_pred_fc): Linear(in_features=768, out_features=1, bias=True)
  (scoring_list): ModuleList(
    (0): Linear(in_features=768, out_features=3, bias=True)
  )
)

01/07/2021 04:02:00 Total number of params: 109485316
01/07/2021 04:02:00 At epoch 0
01/07/2021 04:02:01 Task [ 0] updates[     1] train loss[0.00124] remaining[7:22:36]
01/07/2021 04:03:25 Task [ 0] updates[   500] train loss[0.13082] remaining[1:08:00]
01/07/2021 04:04:49 Task [ 0] updates[  1000] train loss[0.12702] remaining[1:06:20]
01/07/2021 04:06:09 Task [ 0] updates[  1500] train loss[0.12763] remaining[1:03:50]
01/07/2021 04:07:33 Task [ 0] updates[  2000] train loss[0.13090] remaining[1:02:30]
01/07/2021 04:08:47 Task [ 0] updates[  2500] train loss[0.12771] remaining[0:59:47]
01/07/2021 04:10:11 Task [ 0] updates[  3000] train loss[0.12825] remaining[0:58:44]
01/07/2021 04:11:33 Task [ 0] updates[  3500] train loss[0.12724] remaining[0:57:26]
01/07/2021 04:12:57 Task [ 0] updates[  4000] train loss[0.12826] remaining[0:56:12]
01/07/2021 04:14:20 Task [ 0] updates[  4500] train loss[0.12799] remaining[0:54:57]
01/07/2021 04:15:41 Task [ 0] updates[  5000] train loss[0.12659] remaining[0:53:30]
01/07/2021 04:16:55 Task [ 0] updates[  5500] train loss[0.12627] remaining[0:51:39]
01/07/2021 04:18:18 Task [ 0] updates[  6000] train loss[0.12751] remaining[0:50:22]
01/07/2021 04:19:41 Task [ 0] updates[  6500] train loss[0.12689] remaining[0:49:05]
01/07/2021 04:21:02 Task [ 0] updates[  7000] train loss[0.12611] remaining[0:47:42]
01/07/2021 04:22:25 Task [ 0] updates[  7500] train loss[0.12537] remaining[0:46:24]
01/07/2021 04:23:46 Task [ 0] updates[  8000] train loss[0.12508] remaining[0:45:00]
01/07/2021 04:25:02 Task [ 0] updates[  8500] train loss[0.12462] remaining[0:43:28]
01/07/2021 04:26:27 Task [ 0] updates[  9000] train loss[0.12396] remaining[0:42:13]
01/07/2021 04:27:44 Task [ 0] updates[  9500] train loss[0.12370] remaining[0:40:45]
01/07/2021 04:29:02 Task [ 0] updates[ 10000] train loss[0.12368] remaining[0:39:19]
01/07/2021 04:30:25 Task [ 0] updates[ 10500] train loss[0.12357] remaining[0:38:00]
01/07/2021 04:31:45 Task [ 0] updates[ 11000] train loss[0.12342] remaining[0:36:37]
01/07/2021 04:33:03 Task [ 0] updates[ 11500] train loss[0.12295] remaining[0:35:13]
01/07/2021 04:34:26 Task [ 0] updates[ 12000] train loss[0.12245] remaining[0:33:54]
01/07/2021 04:35:48 Task [ 0] updates[ 12500] train loss[0.12166] remaining[0:32:34]
01/07/2021 04:37:10 Task [ 0] updates[ 13000] train loss[0.12153] remaining[0:31:14]
01/07/2021 04:38:34 Task [ 0] updates[ 13500] train loss[0.12076] remaining[0:29:55]
01/07/2021 04:39:51 Task [ 0] updates[ 14000] train loss[0.12051] remaining[0:28:30]
01/07/2021 04:41:14 Task [ 0] updates[ 14500] train loss[0.11989] remaining[0:27:10]
01/07/2021 04:42:38 Task [ 0] updates[ 15000] train loss[0.11935] remaining[0:25:51]
01/07/2021 04:44:01 Task [ 0] updates[ 15500] train loss[0.11884] remaining[0:24:30]
01/07/2021 04:45:30 Task [ 0] updates[ 16000] train loss[0.11863] remaining[0:23:14]
01/07/2021 04:46:49 Task [ 0] updates[ 16500] train loss[0.11826] remaining[0:21:51]
01/07/2021 04:48:06 Task [ 0] updates[ 17000] train loss[0.11737] remaining[0:20:27]
01/07/2021 04:49:26 Task [ 0] updates[ 17500] train loss[0.11701] remaining[0:19:05]
01/07/2021 04:50:49 Task [ 0] updates[ 18000] train loss[0.11656] remaining[0:17:44]
01/07/2021 04:52:06 Task [ 0] updates[ 18500] train loss[0.11599] remaining[0:16:21]
01/07/2021 04:53:27 Task [ 0] updates[ 19000] train loss[0.11559] remaining[0:15:00]
01/07/2021 04:54:50 Task [ 0] updates[ 19500] train loss[0.11527] remaining[0:13:40]
01/07/2021 04:56:06 Task [ 0] updates[ 20000] train loss[0.11494] remaining[0:12:17]
01/07/2021 04:57:33 Task [ 0] updates[ 20500] train loss[0.11466] remaining[0:10:57]
01/07/2021 04:58:56 Task [ 0] updates[ 21000] train loss[0.11419] remaining[0:09:36]
01/07/2021 05:00:13 Task [ 0] updates[ 21500] train loss[0.11367] remaining[0:08:14]
01/07/2021 05:01:35 Task [ 0] updates[ 22000] train loss[0.11331] remaining[0:06:53]
01/07/2021 05:02:55 Task [ 0] updates[ 22500] train loss[0.11292] remaining[0:05:32]
01/07/2021 05:04:03 Task [ 0] updates[ 23000] train loss[0.11223] remaining[0:04:09]
01/07/2021 05:05:20 Task [ 0] updates[ 23500] train loss[0.11183] remaining[0:02:48]
01/07/2021 05:06:37 Task [ 0] updates[ 24000] train loss[0.11135] remaining[0:01:27]
01/07/2021 05:07:55 Task [ 0] updates[ 24500] train loss[0.11079] remaining[0:00:07]
01/07/2021 05:08:26 Task mnli_matched -- epoch 0 -- Dev ACC: 84.534
01/07/2021 05:08:50 [new test scores saved.]
01/07/2021 05:09:15 Task mnli_mismatched -- epoch 0 -- Dev ACC: 84.408
01/07/2021 05:09:39 [new test scores saved.]
01/07/2021 05:09:43 At epoch 1
01/07/2021 05:10:54 Task [ 0] updates[ 25000] train loss[0.11042] remaining[1:02:09]
01/07/2021 05:12:05 Task [ 0] updates[ 25500] train loss[0.10998] remaining[0:58:20]
01/07/2021 05:13:23 Task [ 0] updates[ 26000] train loss[0.10956] remaining[0:58:01]
01/07/2021 05:14:40 Task [ 0] updates[ 26500] train loss[0.10949] remaining[0:57:11]
01/07/2021 05:15:59 Task [ 0] updates[ 27000] train loss[0.10903] remaining[0:56:19]
01/07/2021 05:17:21 Task [ 0] updates[ 27500] train loss[0.10875] remaining[0:55:42]
01/07/2021 05:18:44 Task [ 0] updates[ 28000] train loss[0.10856] remaining[0:54:55]
01/07/2021 05:20:00 Task [ 0] updates[ 28500] train loss[0.10830] remaining[0:53:26]
01/07/2021 05:21:28 Task [ 0] updates[ 29000] train loss[0.10806] remaining[0:52:55]
01/07/2021 05:22:51 Task [ 0] updates[ 29500] train loss[0.10770] remaining[0:51:53]
01/07/2021 05:24:11 Task [ 0] updates[ 30000] train loss[0.10717] remaining[0:50:36]
01/07/2021 05:25:29 Task [ 0] updates[ 30500] train loss[0.10703] remaining[0:49:10]
01/07/2021 05:26:49 Task [ 0] updates[ 31000] train loss[0.10655] remaining[0:47:53]
01/07/2021 05:27:59 Task [ 0] updates[ 31500] train loss[0.10620] remaining[0:46:10]
01/07/2021 05:28:54 Task [ 0] updates[ 32000] train loss[0.10581] remaining[0:43:57]
01/07/2021 05:29:48 Task [ 0] updates[ 32500] train loss[0.10552] remaining[0:41:52]
01/07/2021 05:30:46 Task [ 0] updates[ 33000] train loss[0.10512] remaining[0:40:02]
01/07/2021 05:31:44 Task [ 0] updates[ 33500] train loss[0.10482] remaining[0:38:18]
01/07/2021 05:32:41 Task [ 0] updates[ 34000] train loss[0.10444] remaining[0:36:37]
01/07/2021 05:33:37 Task [ 0] updates[ 34500] train loss[0.10416] remaining[0:35:00]
01/07/2021 05:34:32 Task [ 0] updates[ 35000] train loss[0.10388] remaining[0:33:26]
01/07/2021 05:35:29 Task [ 0] updates[ 35500] train loss[0.10350] remaining[0:31:56]
01/07/2021 05:36:25 Task [ 0] updates[ 36000] train loss[0.10304] remaining[0:30:29]
01/07/2021 05:37:21 Task [ 0] updates[ 36500] train loss[0.10266] remaining[0:29:04]
01/07/2021 05:38:16 Task [ 0] updates[ 37000] train loss[0.10217] remaining[0:27:42]
01/07/2021 05:39:11 Task [ 0] updates[ 37500] train loss[0.10171] remaining[0:26:21]
01/07/2021 05:40:06 Task [ 0] updates[ 38000] train loss[0.10136] remaining[0:25:01]
01/07/2021 05:41:03 Task [ 0] updates[ 38500] train loss[0.10099] remaining[0:23:45]
01/07/2021 05:41:56 Task [ 0] updates[ 39000] train loss[0.10063] remaining[0:22:28]
01/07/2021 05:42:46 Task [ 0] updates[ 39500] train loss[0.10029] remaining[0:21:10]
01/07/2021 05:43:35 Task [ 0] updates[ 40000] train loss[0.09998] remaining[0:19:54]
01/07/2021 05:44:25 Task [ 0] updates[ 40500] train loss[0.09956] remaining[0:18:40]
01/07/2021 05:45:16 Task [ 0] updates[ 41000] train loss[0.09920] remaining[0:17:28]
01/07/2021 05:46:11 Task [ 0] updates[ 41500] train loss[0.09866] remaining[0:16:19]
01/07/2021 05:47:07 Task [ 0] updates[ 42000] train loss[0.09830] remaining[0:15:10]
01/07/2021 05:48:02 Task [ 0] updates[ 42500] train loss[0.09788] remaining[0:14:03]
01/07/2021 05:48:57 Task [ 0] updates[ 43000] train loss[0.09750] remaining[0:12:56]
01/07/2021 05:49:53 Task [ 0] updates[ 43500] train loss[0.09723] remaining[0:11:50]
01/07/2021 05:50:53 Task [ 0] updates[ 44000] train loss[0.09684] remaining[0:10:45]
01/07/2021 05:51:54 Task [ 0] updates[ 44500] train loss[0.09636] remaining[0:09:41]
01/07/2021 05:52:49 Task [ 0] updates[ 45000] train loss[0.09606] remaining[0:08:36]
01/07/2021 05:53:46 Task [ 0] updates[ 45500] train loss[0.09571] remaining[0:07:32]
01/07/2021 05:54:45 Task [ 0] updates[ 46000] train loss[0.09531] remaining[0:06:28]
01/07/2021 05:55:42 Task [ 0] updates[ 46500] train loss[0.09490] remaining[0:05:25]
01/07/2021 05:56:38 Task [ 0] updates[ 47000] train loss[0.09455] remaining[0:04:21]
01/07/2021 05:57:34 Task [ 0] updates[ 47500] train loss[0.09408] remaining[0:03:18]
01/07/2021 05:58:35 Task [ 0] updates[ 48000] train loss[0.09368] remaining[0:02:15]
01/07/2021 05:59:31 Task [ 0] updates[ 48500] train loss[0.09321] remaining[0:01:13]
01/07/2021 06:00:28 Task [ 0] updates[ 49000] train loss[0.09282] remaining[0:00:10]
01/07/2021 06:00:56 Task mnli_matched -- epoch 1 -- Dev ACC: 84.330
01/07/2021 06:01:13 [new test scores saved.]
01/07/2021 06:01:29 Task mnli_mismatched -- epoch 1 -- Dev ACC: 83.991
01/07/2021 06:01:46 [new test scores saved.]
01/07/2021 06:01:50 At epoch 2
01/07/2021 06:02:40 Task [ 0] updates[ 49500] train loss[0.09246] remaining[0:49:21]
01/07/2021 06:03:44 Task [ 0] updates[ 50000] train loss[0.09209] remaining[0:49:10]
01/07/2021 06:04:35 Task [ 0] updates[ 50500] train loss[0.09173] remaining[0:45:01]
01/07/2021 06:05:26 Task [ 0] updates[ 51000] train loss[0.09152] remaining[0:42:40]
01/07/2021 06:06:18 Task [ 0] updates[ 51500] train loss[0.09117] remaining[0:40:59]
01/07/2021 06:07:09 Task [ 0] updates[ 52000] train loss[0.09084] remaining[0:39:29]
01/07/2021 06:07:59 Task [ 0] updates[ 52500] train loss[0.09061] remaining[0:38:05]
01/07/2021 06:08:52 Task [ 0] updates[ 53000] train loss[0.09021] remaining[0:37:08]
01/07/2021 06:09:48 Task [ 0] updates[ 53500] train loss[0.08992] remaining[0:36:21]
01/07/2021 06:10:43 Task [ 0] updates[ 54000] train loss[0.08964] remaining[0:35:32]
01/07/2021 06:11:40 Task [ 0] updates[ 54500] train loss[0.08925] remaining[0:34:45]
01/07/2021 06:12:35 Task [ 0] updates[ 55000] train loss[0.08912] remaining[0:33:54]
01/07/2021 06:13:31 Task [ 0] updates[ 55500] train loss[0.08881] remaining[0:33:03]
01/07/2021 06:14:27 Task [ 0] updates[ 56000] train loss[0.08859] remaining[0:32:11]
01/07/2021 06:15:23 Task [ 0] updates[ 56500] train loss[0.08837] remaining[0:31:19]
01/07/2021 06:16:19 Task [ 0] updates[ 57000] train loss[0.08800] remaining[0:30:26]
01/07/2021 06:17:17 Task [ 0] updates[ 57500] train loss[0.08771] remaining[0:29:38]
01/07/2021 06:18:16 Task [ 0] updates[ 58000] train loss[0.08742] remaining[0:28:49]
01/07/2021 06:19:13 Task [ 0] updates[ 58500] train loss[0.08710] remaining[0:27:56]
01/07/2021 06:20:08 Task [ 0] updates[ 59000] train loss[0.08678] remaining[0:27:00]
01/07/2021 06:21:03 Task [ 0] updates[ 59500] train loss[0.08651] remaining[0:26:05]
01/07/2021 06:21:59 Task [ 0] updates[ 60000] train loss[0.08624] remaining[0:25:10]
01/07/2021 06:22:53 Task [ 0] updates[ 60500] train loss[0.08593] remaining[0:24:14]
01/07/2021 06:23:48 Task [ 0] updates[ 61000] train loss[0.08567] remaining[0:23:18]
01/07/2021 06:24:44 Task [ 0] updates[ 61500] train loss[0.08527] remaining[0:22:22]
01/07/2021 06:25:39 Task [ 0] updates[ 62000] train loss[0.08497] remaining[0:21:27]
01/07/2021 06:26:34 Task [ 0] updates[ 62500] train loss[0.08468] remaining[0:20:31]
01/07/2021 06:27:28 Task [ 0] updates[ 63000] train loss[0.08444] remaining[0:19:35]
01/07/2021 06:28:23 Task [ 0] updates[ 63500] train loss[0.08414] remaining[0:18:39]
01/07/2021 06:29:17 Task [ 0] updates[ 64000] train loss[0.08389] remaining[0:17:44]
01/07/2021 06:30:13 Task [ 0] updates[ 64500] train loss[0.08370] remaining[0:16:49]
01/07/2021 06:31:09 Task [ 0] updates[ 65000] train loss[0.08340] remaining[0:15:54]
01/07/2021 06:32:03 Task [ 0] updates[ 65500] train loss[0.08314] remaining[0:14:58]
01/07/2021 06:32:57 Task [ 0] updates[ 66000] train loss[0.08288] remaining[0:14:02]
01/07/2021 06:33:53 Task [ 0] updates[ 66500] train loss[0.08266] remaining[0:13:07]
01/07/2021 06:34:49 Task [ 0] updates[ 67000] train loss[0.08237] remaining[0:12:12]
01/07/2021 06:35:44 Task [ 0] updates[ 67500] train loss[0.08208] remaining[0:11:17]
01/07/2021 06:36:40 Task [ 0] updates[ 68000] train loss[0.08186] remaining[0:10:22]
01/07/2021 06:37:36 Task [ 0] updates[ 68500] train loss[0.08165] remaining[0:09:27]
01/07/2021 06:38:32 Task [ 0] updates[ 69000] train loss[0.08143] remaining[0:08:32]
01/07/2021 06:39:28 Task [ 0] updates[ 69500] train loss[0.08124] remaining[0:07:37]
01/07/2021 06:40:24 Task [ 0] updates[ 70000] train loss[0.08103] remaining[0:06:41]
01/07/2021 06:41:20 Task [ 0] updates[ 70500] train loss[0.08074] remaining[0:05:46]
01/07/2021 06:42:17 Task [ 0] updates[ 71000] train loss[0.08051] remaining[0:04:51]
01/07/2021 06:43:16 Task [ 0] updates[ 71500] train loss[0.08024] remaining[0:03:56]
01/07/2021 06:44:16 Task [ 0] updates[ 72000] train loss[0.07993] remaining[0:03:01]
01/07/2021 06:45:13 Task [ 0] updates[ 72500] train loss[0.07966] remaining[0:02:05]
01/07/2021 06:46:08 Task [ 0] updates[ 73000] train loss[0.07939] remaining[0:01:10]
01/07/2021 06:47:07 Task [ 0] updates[ 73500] train loss[0.07926] remaining[0:00:14]
01/07/2021 06:47:39 Task mnli_matched -- epoch 2 -- Dev ACC: 84.493
01/07/2021 06:47:55 [new test scores saved.]
01/07/2021 06:48:12 Task mnli_mismatched -- epoch 2 -- Dev ACC: 84.194
01/07/2021 06:48:29 [new test scores saved.]
01/07/2021 06:48:33 At epoch 3
01/07/2021 06:49:15 Task [ 0] updates[ 74000] train loss[0.07904] remaining[0:46:06]
01/07/2021 06:50:12 Task [ 0] updates[ 74500] train loss[0.07881] remaining[0:45:10]
01/07/2021 06:51:08 Task [ 0] updates[ 75000] train loss[0.07862] remaining[0:43:44]
01/07/2021 06:52:03 Task [ 0] updates[ 75500] train loss[0.07849] remaining[0:42:33]
01/07/2021 06:52:59 Task [ 0] updates[ 76000] train loss[0.07825] remaining[0:41:32]
01/07/2021 06:53:55 Task [ 0] updates[ 76500] train loss[0.07804] remaining[0:40:36]
01/07/2021 06:54:51 Task [ 0] updates[ 77000] train loss[0.07782] remaining[0:39:38]
01/07/2021 06:55:48 Task [ 0] updates[ 77500] train loss[0.07758] remaining[0:38:44]
01/07/2021 06:56:42 Task [ 0] updates[ 78000] train loss[0.07739] remaining[0:37:39]
01/07/2021 06:57:39 Task [ 0] updates[ 78500] train loss[0.07717] remaining[0:36:46]
01/07/2021 06:58:35 Task [ 0] updates[ 79000] train loss[0.07696] remaining[0:35:50]
01/07/2021 06:59:30 Task [ 0] updates[ 79500] train loss[0.07687] remaining[0:34:50]
01/07/2021 07:00:24 Task [ 0] updates[ 80000] train loss[0.07664] remaining[0:33:51]
01/07/2021 07:01:24 Task [ 0] updates[ 80500] train loss[0.07647] remaining[0:33:04]
01/07/2021 07:02:33 Task [ 0] updates[ 81000] train loss[0.07627] remaining[0:32:39]
01/07/2021 07:03:29 Task [ 0] updates[ 81500] train loss[0.07612] remaining[0:31:39]
01/07/2021 07:04:22 Task [ 0] updates[ 82000] train loss[0.07589] remaining[0:30:35]
01/07/2021 07:05:18 Task [ 0] updates[ 82500] train loss[0.07575] remaining[0:29:37]
01/07/2021 07:06:14 Task [ 0] updates[ 83000] train loss[0.07555] remaining[0:28:39]
01/07/2021 07:07:10 Task [ 0] updates[ 83500] train loss[0.07538] remaining[0:27:41]
01/07/2021 07:08:05 Task [ 0] updates[ 84000] train loss[0.07518] remaining[0:26:43]
01/07/2021 07:09:03 Task [ 0] updates[ 84500] train loss[0.07502] remaining[0:25:48]
01/07/2021 07:09:59 Task [ 0] updates[ 85000] train loss[0.07484] remaining[0:24:51]
01/07/2021 07:10:55 Task [ 0] updates[ 85500] train loss[0.07466] remaining[0:23:54]
01/07/2021 07:11:51 Task [ 0] updates[ 86000] train loss[0.07448] remaining[0:22:56]
01/07/2021 07:12:45 Task [ 0] updates[ 86500] train loss[0.07430] remaining[0:21:57]
01/07/2021 07:13:43 Task [ 0] updates[ 87000] train loss[0.07410] remaining[0:21:03]
01/07/2021 07:14:41 Task [ 0] updates[ 87500] train loss[0.07393] remaining[0:20:06]
01/07/2021 07:15:37 Task [ 0] updates[ 88000] train loss[0.07376] remaining[0:19:10]
01/07/2021 07:16:32 Task [ 0] updates[ 88500] train loss[0.07359] remaining[0:18:12]
01/07/2021 07:17:34 Task [ 0] updates[ 89000] train loss[0.07339] remaining[0:17:19]
01/07/2021 07:18:30 Task [ 0] updates[ 89500] train loss[0.07316] remaining[0:16:22]
01/07/2021 07:19:25 Task [ 0] updates[ 90000] train loss[0.07297] remaining[0:15:25]
01/07/2021 07:20:21 Task [ 0] updates[ 90500] train loss[0.07280] remaining[0:14:28]
01/07/2021 07:21:16 Task [ 0] updates[ 91000] train loss[0.07261] remaining[0:13:31]
01/07/2021 07:22:11 Task [ 0] updates[ 91500] train loss[0.07243] remaining[0:12:33]
01/07/2021 07:23:10 Task [ 0] updates[ 92000] train loss[0.07228] remaining[0:11:38]
01/07/2021 07:24:06 Task [ 0] updates[ 92500] train loss[0.07210] remaining[0:10:41]
01/07/2021 07:25:02 Task [ 0] updates[ 93000] train loss[0.07198] remaining[0:09:45]
01/07/2021 07:26:03 Task [ 0] updates[ 93500] train loss[0.07180] remaining[0:08:49]
01/07/2021 07:26:59 Task [ 0] updates[ 94000] train loss[0.07165] remaining[0:07:52]
01/07/2021 07:27:55 Task [ 0] updates[ 94500] train loss[0.07149] remaining[0:06:56]
01/07/2021 07:28:51 Task [ 0] updates[ 95000] train loss[0.07130] remaining[0:05:59]
01/07/2021 07:29:46 Task [ 0] updates[ 95500] train loss[0.07118] remaining[0:05:02]
01/07/2021 07:30:41 Task [ 0] updates[ 96000] train loss[0.07102] remaining[0:04:05]
01/07/2021 07:31:39 Task [ 0] updates[ 96500] train loss[0.07088] remaining[0:03:09]
01/07/2021 07:32:35 Task [ 0] updates[ 97000] train loss[0.07070] remaining[0:02:12]
01/07/2021 07:33:29 Task [ 0] updates[ 97500] train loss[0.07051] remaining[0:01:16]
01/07/2021 07:34:24 Task [ 0] updates[ 98000] train loss[0.07037] remaining[0:00:19]
01/07/2021 07:35:00 Task mnli_matched -- epoch 3 -- Dev ACC: 84.442
01/07/2021 07:35:16 [new test scores saved.]
01/07/2021 07:35:33 Task mnli_mismatched -- epoch 3 -- Dev ACC: 84.306
01/07/2021 07:35:50 [new test scores saved.]
01/07/2021 07:35:54 At epoch 4
01/07/2021 07:36:29 Task [ 0] updates[ 98500] train loss[0.07023] remaining[0:43:48]
01/07/2021 07:37:24 Task [ 0] updates[ 99000] train loss[0.07004] remaining[0:43:17]
01/07/2021 07:38:19 Task [ 0] updates[ 99500] train loss[0.06987] remaining[0:42:30]
01/07/2021 07:39:14 Task [ 0] updates[100000] train loss[0.06978] remaining[0:41:32]
01/07/2021 07:40:09 Task [ 0] updates[100500] train loss[0.06958] remaining[0:40:40]
01/07/2021 07:41:05 Task [ 0] updates[101000] train loss[0.06944] remaining[0:39:50]
01/07/2021 07:42:01 Task [ 0] updates[101500] train loss[0.06931] remaining[0:39:01]
01/07/2021 07:42:58 Task [ 0] updates[102000] train loss[0.06917] remaining[0:38:19]
01/07/2021 07:43:55 Task [ 0] updates[102500] train loss[0.06905] remaining[0:37:28]
01/07/2021 07:44:51 Task [ 0] updates[103000] train loss[0.06891] remaining[0:36:34]
01/07/2021 07:45:46 Task [ 0] updates[103500] train loss[0.06876] remaining[0:35:38]
01/07/2021 07:46:41 Task [ 0] updates[104000] train loss[0.06863] remaining[0:34:41]
01/07/2021 07:47:40 Task [ 0] updates[104500] train loss[0.06847] remaining[0:33:55]
01/07/2021 07:48:36 Task [ 0] updates[105000] train loss[0.06831] remaining[0:32:57]
01/07/2021 07:49:30 Task [ 0] updates[105500] train loss[0.06816] remaining[0:31:59]
01/07/2021 07:50:26 Task [ 0] updates[106000] train loss[0.06802] remaining[0:31:04]
01/07/2021 07:51:21 Task [ 0] updates[106500] train loss[0.06788] remaining[0:30:07]
01/07/2021 07:52:16 Task [ 0] updates[107000] train loss[0.06776] remaining[0:29:09]
01/07/2021 07:53:10 Task [ 0] updates[107500] train loss[0.06761] remaining[0:28:11]
01/07/2021 07:54:09 Task [ 0] updates[108000] train loss[0.06748] remaining[0:27:20]
01/07/2021 07:55:05 Task [ 0] updates[108500] train loss[0.06734] remaining[0:26:25]
01/07/2021 07:56:01 Task [ 0] updates[109000] train loss[0.06720] remaining[0:25:30]
01/07/2021 07:56:56 Task [ 0] updates[109500] train loss[0.06707] remaining[0:24:33]
01/07/2021 07:57:50 Task [ 0] updates[110000] train loss[0.06692] remaining[0:23:35]
01/07/2021 07:58:44 Task [ 0] updates[110500] train loss[0.06676] remaining[0:22:38]
01/07/2021 07:59:39 Task [ 0] updates[111000] train loss[0.06663] remaining[0:21:42]
01/07/2021 08:00:33 Task [ 0] updates[111500] train loss[0.06652] remaining[0:20:45]
01/07/2021 08:01:29 Task [ 0] updates[112000] train loss[0.06637] remaining[0:19:50]
01/07/2021 08:02:25 Task [ 0] updates[112500] train loss[0.06627] remaining[0:18:55]
01/07/2021 08:03:20 Task [ 0] updates[113000] train loss[0.06616] remaining[0:17:59]
01/07/2021 08:04:15 Task [ 0] updates[113500] train loss[0.06604] remaining[0:17:03]
01/07/2021 08:05:12 Task [ 0] updates[114000] train loss[0.06589] remaining[0:16:09]
01/07/2021 08:06:08 Task [ 0] updates[114500] train loss[0.06573] remaining[0:15:13]
01/07/2021 08:07:02 Task [ 0] updates[115000] train loss[0.06560] remaining[0:14:17]
01/07/2021 08:07:56 Task [ 0] updates[115500] train loss[0.06547] remaining[0:13:21]
01/07/2021 08:08:52 Task [ 0] updates[116000] train loss[0.06533] remaining[0:12:25]
01/07/2021 08:09:44 Task [ 0] updates[116500] train loss[0.06520] remaining[0:11:29]
01/07/2021 08:10:35 Task [ 0] updates[117000] train loss[0.06509] remaining[0:10:32]
01/07/2021 08:11:28 Task [ 0] updates[117500] train loss[0.06497] remaining[0:09:36]
01/07/2021 08:12:25 Task [ 0] updates[118000] train loss[0.06486] remaining[0:08:41]
01/07/2021 08:13:22 Task [ 0] updates[118500] train loss[0.06474] remaining[0:07:46]
01/07/2021 08:14:20 Task [ 0] updates[119000] train loss[0.06467] remaining[0:06:51]
01/07/2021 08:15:17 Task [ 0] updates[119500] train loss[0.06453] remaining[0:05:56]
01/07/2021 08:16:12 Task [ 0] updates[120000] train loss[0.06441] remaining[0:05:01]
01/07/2021 08:17:07 Task [ 0] updates[120500] train loss[0.06428] remaining[0:04:05]
01/07/2021 08:18:01 Task [ 0] updates[121000] train loss[0.06418] remaining[0:03:10]
01/07/2021 08:18:55 Task [ 0] updates[121500] train loss[0.06407] remaining[0:02:15]
01/07/2021 08:19:50 Task [ 0] updates[122000] train loss[0.06393] remaining[0:01:19]
01/07/2021 08:20:46 Task [ 0] updates[122500] train loss[0.06384] remaining[0:00:24]
01/07/2021 08:21:27 Task mnli_matched -- epoch 4 -- Dev ACC: 84.187
01/07/2021 08:21:43 [new test scores saved.]
01/07/2021 08:22:00 Task mnli_mismatched -- epoch 4 -- Dev ACC: 84.357
01/07/2021 08:22:18 [new test scores saved.]
01/07/2021 08:22:22 At epoch 5
01/07/2021 08:22:55 Task [ 0] updates[123000] train loss[0.06372] remaining[0:47:23]
01/07/2021 08:23:57 Task [ 0] updates[123500] train loss[0.06357] remaining[0:47:55]
01/07/2021 08:24:58 Task [ 0] updates[124000] train loss[0.06345] remaining[0:47:13]
01/07/2021 08:25:59 Task [ 0] updates[124500] train loss[0.06335] remaining[0:46:16]
01/07/2021 08:26:58 Task [ 0] updates[125000] train loss[0.06317] remaining[0:44:53]
01/07/2021 08:27:57 Task [ 0] updates[125500] train loss[0.06306] remaining[0:43:41]
01/07/2021 08:28:54 Task [ 0] updates[126000] train loss[0.06297] remaining[0:42:17]
01/07/2021 08:29:52 Task [ 0] updates[126500] train loss[0.06286] remaining[0:41:11]
01/07/2021 08:30:51 Task [ 0] updates[127000] train loss[0.06277] remaining[0:40:09]
01/07/2021 08:31:50 Task [ 0] updates[127500] train loss[0.06265] remaining[0:39:07]
01/07/2021 08:32:45 Task [ 0] updates[128000] train loss[0.06257] remaining[0:37:53]
01/07/2021 08:33:44 Task [ 0] updates[128500] train loss[0.06247] remaining[0:36:51]
01/07/2021 08:34:41 Task [ 0] updates[129000] train loss[0.06239] remaining[0:35:49]
01/07/2021 08:35:40 Task [ 0] updates[129500] train loss[0.06228] remaining[0:34:49]
01/07/2021 08:36:39 Task [ 0] updates[130000] train loss[0.06217] remaining[0:33:50]
01/07/2021 08:37:37 Task [ 0] updates[130500] train loss[0.06206] remaining[0:32:49]
01/07/2021 08:38:35 Task [ 0] updates[131000] train loss[0.06196] remaining[0:31:51]
01/07/2021 08:39:34 Task [ 0] updates[131500] train loss[0.06187] remaining[0:30:52]
01/07/2021 08:40:31 Task [ 0] updates[132000] train loss[0.06174] remaining[0:29:50]
01/07/2021 08:41:29 Task [ 0] updates[132500] train loss[0.06161] remaining[0:28:51]
01/07/2021 08:42:29 Task [ 0] updates[133000] train loss[0.06150] remaining[0:27:54]
01/07/2021 08:43:27 Task [ 0] updates[133500] train loss[0.06140] remaining[0:26:55]
01/07/2021 08:44:19 Task [ 0] updates[134000] train loss[0.06128] remaining[0:25:48]
01/07/2021 08:45:08 Task [ 0] updates[134500] train loss[0.06118] remaining[0:24:40]
01/07/2021 08:45:59 Task [ 0] updates[135000] train loss[0.06105] remaining[0:23:34]
01/07/2021 08:46:49 Task [ 0] updates[135500] train loss[0.06094] remaining[0:22:29]
01/07/2021 08:47:38 Task [ 0] updates[136000] train loss[0.06082] remaining[0:21:25]
01/07/2021 08:48:27 Task [ 0] updates[136500] train loss[0.06073] remaining[0:20:22]
01/07/2021 08:49:17 Task [ 0] updates[137000] train loss[0.06062] remaining[0:19:20]
01/07/2021 08:50:06 Task [ 0] updates[137500] train loss[0.06055] remaining[0:18:19]
01/07/2021 08:50:58 Task [ 0] updates[138000] train loss[0.06044] remaining[0:17:20]
01/07/2021 08:52:02 Task [ 0] updates[138500] train loss[0.06034] remaining[0:16:28]
01/07/2021 08:52:57 Task [ 0] updates[139000] train loss[0.06023] remaining[0:15:31]
01/07/2021 08:53:52 Task [ 0] updates[139500] train loss[0.06013] remaining[0:14:34]
01/07/2021 08:54:47 Task [ 0] updates[140000] train loss[0.06003] remaining[0:13:37]
01/07/2021 08:55:43 Task [ 0] updates[140500] train loss[0.05990] remaining[0:12:41]
01/07/2021 08:56:38 Task [ 0] updates[141000] train loss[0.05981] remaining[0:11:44]
01/07/2021 08:57:33 Task [ 0] updates[141500] train loss[0.05971] remaining[0:10:47]
01/07/2021 08:58:29 Task [ 0] updates[142000] train loss[0.05964] remaining[0:09:51]
01/07/2021 08:59:24 Task [ 0] updates[142500] train loss[0.05952] remaining[0:08:55]
01/07/2021 09:00:19 Task [ 0] updates[143000] train loss[0.05942] remaining[0:07:58]
01/07/2021 09:01:17 Task [ 0] updates[143500] train loss[0.05933] remaining[0:07:02]
01/07/2021 09:02:13 Task [ 0] updates[144000] train loss[0.05923] remaining[0:06:06]
01/07/2021 09:03:10 Task [ 0] updates[144500] train loss[0.05913] remaining[0:05:10]
01/07/2021 09:04:06 Task [ 0] updates[145000] train loss[0.05903] remaining[0:04:14]
01/07/2021 09:05:02 Task [ 0] updates[145500] train loss[0.05893] remaining[0:03:18]
01/07/2021 09:05:57 Task [ 0] updates[146000] train loss[0.05883] remaining[0:02:21]
01/07/2021 09:06:53 Task [ 0] updates[146500] train loss[0.05873] remaining[0:01:25]
01/07/2021 09:07:50 Task [ 0] updates[147000] train loss[0.05863] remaining[0:00:29]
01/07/2021 09:08:37 Task mnli_matched -- epoch 5 -- Dev ACC: 84.126
01/07/2021 09:08:54 [new test scores saved.]
01/07/2021 09:09:11 Task mnli_mismatched -- epoch 5 -- Dev ACC: 84.154
01/07/2021 09:09:28 [new test scores saved.]
01/07/2021 09:09:32 At epoch 6
01/07/2021 09:09:58 Task [ 0] updates[147500] train loss[0.05856] remaining[0:45:14]
01/07/2021 09:10:55 Task [ 0] updates[148000] train loss[0.05844] remaining[0:44:44]
01/07/2021 09:11:51 Task [ 0] updates[148500] train loss[0.05837] remaining[0:43:42]
01/07/2021 09:12:46 Task [ 0] updates[149000] train loss[0.05830] remaining[0:42:27]
01/07/2021 09:13:41 Task [ 0] updates[149500] train loss[0.05818] remaining[0:41:23]
01/07/2021 09:14:37 Task [ 0] updates[150000] train loss[0.05810] remaining[0:40:30]
01/07/2021 09:15:32 Task [ 0] updates[150500] train loss[0.05801] remaining[0:39:33]
01/07/2021 09:16:29 Task [ 0] updates[151000] train loss[0.05793] remaining[0:38:42]
01/07/2021 09:17:26 Task [ 0] updates[151500] train loss[0.05784] remaining[0:37:52]
01/07/2021 09:18:21 Task [ 0] updates[152000] train loss[0.05776] remaining[0:36:53]
01/07/2021 09:19:20 Task [ 0] updates[152500] train loss[0.05768] remaining[0:36:08]
01/07/2021 09:20:20 Task [ 0] updates[153000] train loss[0.05759] remaining[0:35:23]
01/07/2021 09:21:10 Task [ 0] updates[153500] train loss[0.05752] remaining[0:34:09]
01/07/2021 09:22:01 Task [ 0] updates[154000] train loss[0.05743] remaining[0:32:59]
01/07/2021 09:22:51 Task [ 0] updates[154500] train loss[0.05734] remaining[0:31:51]
01/07/2021 09:23:42 Task [ 0] updates[155000] train loss[0.05727] remaining[0:30:46]
01/07/2021 09:24:32 Task [ 0] updates[155500] train loss[0.05717] remaining[0:29:42]
01/07/2021 09:25:23 Task [ 0] updates[156000] train loss[0.05707] remaining[0:28:40]
01/07/2021 09:26:15 Task [ 0] updates[156500] train loss[0.05696] remaining[0:27:41]
01/07/2021 09:27:14 Task [ 0] updates[157000] train loss[0.05686] remaining[0:26:54]
01/07/2021 09:28:04 Task [ 0] updates[157500] train loss[0.05678] remaining[0:25:54]
01/07/2021 09:28:57 Task [ 0] updates[158000] train loss[0.05672] remaining[0:24:58]
01/07/2021 09:29:59 Task [ 0] updates[158500] train loss[0.05661] remaining[0:24:13]
01/07/2021 09:30:57 Task [ 0] updates[159000] train loss[0.05654] remaining[0:23:22]
01/07/2021 09:31:53 Task [ 0] updates[159500] train loss[0.05644] remaining[0:22:28]
01/07/2021 09:32:48 Task [ 0] updates[160000] train loss[0.05633] remaining[0:21:34]
01/07/2021 09:33:39 Task [ 0] updates[160500] train loss[0.05625] remaining[0:20:35]
01/07/2021 09:34:29 Task [ 0] updates[161000] train loss[0.05614] remaining[0:19:38]
01/07/2021 09:35:24 Task [ 0] updates[161500] train loss[0.05605] remaining[0:18:43]
01/07/2021 09:36:22 Task [ 0] updates[162000] train loss[0.05597] remaining[0:17:51]
01/07/2021 09:37:23 Task [ 0] updates[162500] train loss[0.05589] remaining[0:17:00]
01/07/2021 09:38:22 Task [ 0] updates[163000] train loss[0.05580] remaining[0:16:08]
01/07/2021 09:39:19 Task [ 0] updates[163500] train loss[0.05572] remaining[0:15:14]
01/07/2021 09:40:14 Task [ 0] updates[164000] train loss[0.05562] remaining[0:14:19]
01/07/2021 09:41:10 Task [ 0] updates[164500] train loss[0.05552] remaining[0:13:24]
01/07/2021 09:42:06 Task [ 0] updates[165000] train loss[0.05542] remaining[0:12:30]
01/07/2021 09:43:02 Task [ 0] updates[165500] train loss[0.05532] remaining[0:11:35]
01/07/2021 09:43:57 Task [ 0] updates[166000] train loss[0.05522] remaining[0:10:40]
01/07/2021 09:44:53 Task [ 0] updates[166500] train loss[0.05514] remaining[0:09:45]
01/07/2021 09:45:49 Task [ 0] updates[167000] train loss[0.05504] remaining[0:08:50]
01/07/2021 09:46:46 Task [ 0] updates[167500] train loss[0.05495] remaining[0:07:55]
01/07/2021 09:47:42 Task [ 0] updates[168000] train loss[0.05487] remaining[0:07:00]
01/07/2021 09:48:39 Task [ 0] updates[168500] train loss[0.05477] remaining[0:06:05]
01/07/2021 09:49:36 Task [ 0] updates[169000] train loss[0.05467] remaining[0:05:10]
01/07/2021 09:50:33 Task [ 0] updates[169500] train loss[0.05457] remaining[0:04:15]
01/07/2021 09:51:30 Task [ 0] updates[170000] train loss[0.05449] remaining[0:03:20]
01/07/2021 09:52:26 Task [ 0] updates[170500] train loss[0.05440] remaining[0:02:24]
01/07/2021 09:53:21 Task [ 0] updates[171000] train loss[0.05434] remaining[0:01:29]
01/07/2021 09:54:18 Task [ 0] updates[171500] train loss[0.05425] remaining[0:00:34]
01/07/2021 09:55:12 Task mnli_matched -- epoch 6 -- Dev ACC: 84.605
01/07/2021 09:55:29 [new test scores saved.]
01/07/2021 09:55:46 Task mnli_mismatched -- epoch 6 -- Dev ACC: 84.398
01/07/2021 09:56:03 [new test scores saved.]
01/07/2021 09:56:07 At epoch 7
01/07/2021 09:56:28 Task [ 0] updates[172000] train loss[0.05414] remaining[0:44:08]
01/07/2021 09:57:22 Task [ 0] updates[172500] train loss[0.05404] remaining[0:43:12]
01/07/2021 09:58:17 Task [ 0] updates[173000] train loss[0.05394] remaining[0:42:28]
01/07/2021 09:59:12 Task [ 0] updates[173500] train loss[0.05388] remaining[0:41:42]
01/07/2021 10:00:08 Task [ 0] updates[174000] train loss[0.05376] remaining[0:41:00]
01/07/2021 10:01:04 Task [ 0] updates[174500] train loss[0.05368] remaining[0:40:10]
01/07/2021 10:01:59 Task [ 0] updates[175000] train loss[0.05360] remaining[0:39:12]
01/07/2021 10:02:55 Task [ 0] updates[175500] train loss[0.05351] remaining[0:38:22]
01/07/2021 10:03:51 Task [ 0] updates[176000] train loss[0.05341] remaining[0:37:30]
01/07/2021 10:04:47 Task [ 0] updates[176500] train loss[0.05334] remaining[0:36:38]
01/07/2021 10:05:42 Task [ 0] updates[177000] train loss[0.05328] remaining[0:35:42]
01/07/2021 10:06:37 Task [ 0] updates[177500] train loss[0.05319] remaining[0:34:45]
01/07/2021 10:07:32 Task [ 0] updates[178000] train loss[0.05314] remaining[0:33:49]
01/07/2021 10:08:27 Task [ 0] updates[178500] train loss[0.05305] remaining[0:32:54]
01/07/2021 10:09:23 Task [ 0] updates[179000] train loss[0.05295] remaining[0:32:00]
01/07/2021 10:10:19 Task [ 0] updates[179500] train loss[0.05289] remaining[0:31:05]
01/07/2021 10:11:13 Task [ 0] updates[180000] train loss[0.05280] remaining[0:30:08]
01/07/2021 10:12:09 Task [ 0] updates[180500] train loss[0.05272] remaining[0:29:13]
01/07/2021 10:13:03 Task [ 0] updates[181000] train loss[0.05263] remaining[0:28:17]
01/07/2021 10:13:59 Task [ 0] updates[181500] train loss[0.05253] remaining[0:27:22]
01/07/2021 10:14:55 Task [ 0] updates[182000] train loss[0.05247] remaining[0:26:28]
01/07/2021 10:15:51 Task [ 0] updates[182500] train loss[0.05238] remaining[0:25:34]
01/07/2021 10:16:51 Task [ 0] updates[183000] train loss[0.05231] remaining[0:24:43]
01/07/2021 10:17:55 Task [ 0] updates[183500] train loss[0.05223] remaining[0:23:57]
01/07/2021 10:18:52 Task [ 0] updates[184000] train loss[0.05214] remaining[0:23:02]
01/07/2021 10:19:49 Task [ 0] updates[184500] train loss[0.05205] remaining[0:22:08]
01/07/2021 10:20:43 Task [ 0] updates[185000] train loss[0.05197] remaining[0:21:09]
01/07/2021 10:21:36 Task [ 0] updates[185500] train loss[0.05190] remaining[0:20:11]
01/07/2021 10:22:33 Task [ 0] updates[186000] train loss[0.05181] remaining[0:19:17]
01/07/2021 10:23:30 Task [ 0] updates[186500] train loss[0.05174] remaining[0:18:21]
01/07/2021 10:24:26 Task [ 0] updates[187000] train loss[0.05165] remaining[0:17:25]
01/07/2021 10:25:20 Task [ 0] updates[187500] train loss[0.05156] remaining[0:16:28]
01/07/2021 10:26:16 Task [ 0] updates[188000] train loss[0.05147] remaining[0:15:33]
01/07/2021 10:27:22 Task [ 0] updates[188500] train loss[0.05139] remaining[0:14:41]
01/07/2021 10:28:15 Task [ 0] updates[189000] train loss[0.05132] remaining[0:13:44]
01/07/2021 10:29:10 Task [ 0] updates[189500] train loss[0.05123] remaining[0:12:48]
01/07/2021 10:30:06 Task [ 0] updates[190000] train loss[0.05117] remaining[0:11:52]
01/07/2021 10:31:04 Task [ 0] updates[190500] train loss[0.05107] remaining[0:10:56]
01/07/2021 10:32:00 Task [ 0] updates[191000] train loss[0.05102] remaining[0:10:00]
01/07/2021 10:32:57 Task [ 0] updates[191500] train loss[0.05095] remaining[0:09:04]
01/07/2021 10:33:54 Task [ 0] updates[192000] train loss[0.05088] remaining[0:08:08]
01/07/2021 10:34:50 Task [ 0] updates[192500] train loss[0.05081] remaining[0:07:12]
01/07/2021 10:35:46 Task [ 0] updates[193000] train loss[0.05074] remaining[0:06:16]
01/07/2021 10:36:42 Task [ 0] updates[193500] train loss[0.05064] remaining[0:05:20]
01/07/2021 10:37:37 Task [ 0] updates[194000] train loss[0.05057] remaining[0:04:23]
01/07/2021 10:38:35 Task [ 0] updates[194500] train loss[0.05049] remaining[0:03:27]
01/07/2021 10:39:33 Task [ 0] updates[195000] train loss[0.05040] remaining[0:02:31]
01/07/2021 10:40:31 Task [ 0] updates[195500] train loss[0.05033] remaining[0:01:35]
01/07/2021 10:41:38 Task [ 0] updates[196000] train loss[0.05024] remaining[0:00:39]
01/07/2021 10:42:35 Task mnli_matched -- epoch 7 -- Dev ACC: 84.564
01/07/2021 10:42:52 [new test scores saved.]
01/07/2021 10:43:08 Task mnli_mismatched -- epoch 7 -- Dev ACC: 84.520
01/07/2021 10:43:28 [new test scores saved.]
01/07/2021 10:43:33 At epoch 8
01/07/2021 10:43:54 Task [ 0] updates[196500] train loss[0.05019] remaining[0:57:07]
01/07/2021 10:44:55 Task [ 0] updates[197000] train loss[0.05017] remaining[0:50:36]
01/07/2021 10:45:51 Task [ 0] updates[197500] train loss[0.05015] remaining[0:46:56]
01/07/2021 10:46:47 Task [ 0] updates[198000] train loss[0.05012] remaining[0:45:00]
01/07/2021 10:47:46 Task [ 0] updates[198500] train loss[0.05011] remaining[0:43:59]
01/07/2021 10:48:40 Task [ 0] updates[199000] train loss[0.05012] remaining[0:42:19]
01/07/2021 10:49:38 Task [ 0] updates[199500] train loss[0.05011] remaining[0:41:24]
01/07/2021 10:50:35 Task [ 0] updates[200000] train loss[0.05009] remaining[0:40:19]
01/07/2021 10:51:27 Task [ 0] updates[200500] train loss[0.05007] remaining[0:38:50]
01/07/2021 10:52:20 Task [ 0] updates[201000] train loss[0.05006] remaining[0:37:36]
01/07/2021 10:53:17 Task [ 0] updates[201500] train loss[0.05005] remaining[0:36:41]
01/07/2021 10:54:14 Task [ 0] updates[202000] train loss[0.05004] remaining[0:35:43]
01/07/2021 10:55:04 Task [ 0] updates[202500] train loss[0.05001] remaining[0:34:29]
01/07/2021 10:56:00 Task [ 0] updates[203000] train loss[0.05000] remaining[0:33:31]
01/07/2021 10:56:52 Task [ 0] updates[203500] train loss[0.04998] remaining[0:32:25]
01/07/2021 10:57:47 Task [ 0] updates[204000] train loss[0.04996] remaining[0:31:28]
01/07/2021 10:58:43 Task [ 0] updates[204500] train loss[0.04995] remaining[0:30:31]
01/07/2021 10:59:39 Task [ 0] updates[205000] train loss[0.04997] remaining[0:29:35]
01/07/2021 11:00:36 Task [ 0] updates[205500] train loss[0.04995] remaining[0:28:41]
01/07/2021 11:01:31 Task [ 0] updates[206000] train loss[0.04992] remaining[0:27:45]
01/07/2021 11:02:25 Task [ 0] updates[206500] train loss[0.04991] remaining[0:26:46]
01/07/2021 11:03:17 Task [ 0] updates[207000] train loss[0.04989] remaining[0:25:45]
01/07/2021 11:04:08 Task [ 0] updates[207500] train loss[0.04986] remaining[0:24:44]
01/07/2021 11:05:02 Task [ 0] updates[208000] train loss[0.04984] remaining[0:23:47]
01/07/2021 11:06:05 Task [ 0] updates[208500] train loss[0.04981] remaining[0:23:00]
01/07/2021 11:07:01 Task [ 0] updates[209000] train loss[0.04979] remaining[0:22:04]
01/07/2021 11:07:57 Task [ 0] updates[209500] train loss[0.04977] remaining[0:21:09]
01/07/2021 11:08:54 Task [ 0] updates[210000] train loss[0.04976] remaining[0:20:14]
01/07/2021 11:09:52 Task [ 0] updates[210500] train loss[0.04973] remaining[0:19:20]
01/07/2021 11:10:52 Task [ 0] updates[211000] train loss[0.04970] remaining[0:18:27]
01/07/2021 11:11:44 Task [ 0] updates[211500] train loss[0.04968] remaining[0:17:29]
01/07/2021 11:12:40 Task [ 0] updates[212000] train loss[0.04966] remaining[0:16:33]
01/07/2021 11:13:36 Task [ 0] updates[212500] train loss[0.04962] remaining[0:15:37]
01/07/2021 11:14:31 Task [ 0] updates[213000] train loss[0.04960] remaining[0:14:41]
01/07/2021 11:15:26 Task [ 0] updates[213500] train loss[0.04957] remaining[0:13:45]
01/07/2021 11:16:24 Task [ 0] updates[214000] train loss[0.04955] remaining[0:12:50]
01/07/2021 11:17:22 Task [ 0] updates[214500] train loss[0.04955] remaining[0:11:55]
01/07/2021 11:18:22 Task [ 0] updates[215000] train loss[0.04954] remaining[0:11:00]
01/07/2021 11:19:18 Task [ 0] updates[215500] train loss[0.04954] remaining[0:10:04]
01/07/2021 11:20:12 Task [ 0] updates[216000] train loss[0.04951] remaining[0:09:07]
01/07/2021 11:21:06 Task [ 0] updates[216500] train loss[0.04948] remaining[0:08:11]
01/07/2021 11:22:03 Task [ 0] updates[217000] train loss[0.04945] remaining[0:07:15]
01/07/2021 11:22:59 Task [ 0] updates[217500] train loss[0.04944] remaining[0:06:19]
01/07/2021 11:23:54 Task [ 0] updates[218000] train loss[0.04941] remaining[0:05:23]
01/07/2021 11:24:48 Task [ 0] updates[218500] train loss[0.04941] remaining[0:04:27]
01/07/2021 11:25:44 Task [ 0] updates[219000] train loss[0.04938] remaining[0:03:31]
01/07/2021 11:26:40 Task [ 0] updates[219500] train loss[0.04934] remaining[0:02:36]
01/07/2021 11:27:31 Task [ 0] updates[220000] train loss[0.04933] remaining[0:01:39]
01/07/2021 11:28:23 Task [ 0] updates[220500] train loss[0.04928] remaining[0:00:44]
01/07/2021 11:29:28 Task mnli_matched -- epoch 8 -- Dev ACC: 84.269
01/07/2021 11:29:55 [new test scores saved.]
01/07/2021 11:30:21 Task mnli_mismatched -- epoch 8 -- Dev ACC: 84.449
01/07/2021 11:30:47 [new test scores saved.]
01/07/2021 11:30:53 At epoch 9
01/07/2021 11:31:09 Task [ 0] updates[221000] train loss[0.04925] remaining[1:01:10]
01/07/2021 11:32:26 Task [ 0] updates[221500] train loss[0.04921] remaining[1:01:29]
01/07/2021 11:33:48 Task [ 0] updates[222000] train loss[0.04915] remaining[1:01:49]
01/07/2021 11:35:18 Task [ 0] updates[222500] train loss[0.04916] remaining[1:03:00]
01/07/2021 11:36:42 Task [ 0] updates[223000] train loss[0.04912] remaining[1:01:55]
01/07/2021 11:37:41 Task [ 0] updates[223500] train loss[0.04909] remaining[0:57:15]
01/07/2021 11:38:41 Task [ 0] updates[224000] train loss[0.04908] remaining[0:53:48]
01/07/2021 11:39:38 Task [ 0] updates[224500] train loss[0.04905] remaining[0:50:48]
01/07/2021 11:40:37 Task [ 0] updates[225000] train loss[0.04903] remaining[0:48:29]
01/07/2021 11:41:38 Task [ 0] updates[225500] train loss[0.04902] remaining[0:46:32]
01/07/2021 11:42:37 Task [ 0] updates[226000] train loss[0.04900] remaining[0:44:40]
01/07/2021 11:43:35 Task [ 0] updates[226500] train loss[0.04896] remaining[0:42:54]
01/07/2021 11:44:36 Task [ 0] updates[227000] train loss[0.04894] remaining[0:41:24]
01/07/2021 11:45:39 Task [ 0] updates[227500] train loss[0.04893] remaining[0:40:05]
01/07/2021 11:46:37 Task [ 0] updates[228000] train loss[0.04891] remaining[0:38:35]
01/07/2021 11:47:36 Task [ 0] updates[228500] train loss[0.04889] remaining[0:37:14]
01/07/2021 11:48:33 Task [ 0] updates[229000] train loss[0.04888] remaining[0:35:49]
01/07/2021 11:49:30 Task [ 0] updates[229500] train loss[0.04887] remaining[0:34:28]
01/07/2021 11:50:27 Task [ 0] updates[230000] train loss[0.04883] remaining[0:33:11]
01/07/2021 11:51:23 Task [ 0] updates[230500] train loss[0.04879] remaining[0:31:53]
01/07/2021 11:52:15 Task [ 0] updates[231000] train loss[0.04876] remaining[0:30:31]
01/07/2021 11:53:07 Task [ 0] updates[231500] train loss[0.04872] remaining[0:29:13]
01/07/2021 11:53:59 Task [ 0] updates[232000] train loss[0.04869] remaining[0:27:57]
01/07/2021 11:54:51 Task [ 0] updates[232500] train loss[0.04869] remaining[0:26:43]
01/07/2021 11:55:46 Task [ 0] updates[233000] train loss[0.04866] remaining[0:25:34]
01/07/2021 11:56:41 Task [ 0] updates[233500] train loss[0.04862] remaining[0:24:26]
01/07/2021 11:57:45 Task [ 0] updates[234000] train loss[0.04861] remaining[0:23:27]
01/07/2021 11:58:43 Task [ 0] updates[234500] train loss[0.04858] remaining[0:22:22]
01/07/2021 11:59:39 Task [ 0] updates[235000] train loss[0.04858] remaining[0:21:17]
01/07/2021 12:00:36 Task [ 0] updates[235500] train loss[0.04854] remaining[0:20:13]
01/07/2021 12:01:31 Task [ 0] updates[236000] train loss[0.04850] remaining[0:19:08]
01/07/2021 12:02:27 Task [ 0] updates[236500] train loss[0.04847] remaining[0:18:05]
01/07/2021 12:03:23 Task [ 0] updates[237000] train loss[0.04843] remaining[0:17:01]
01/07/2021 12:04:18 Task [ 0] updates[237500] train loss[0.04841] remaining[0:15:58]
01/07/2021 12:05:13 Task [ 0] updates[238000] train loss[0.04839] remaining[0:14:56]
01/07/2021 12:06:09 Task [ 0] updates[238500] train loss[0.04837] remaining[0:13:54]
01/07/2021 12:07:05 Task [ 0] updates[239000] train loss[0.04835] remaining[0:12:52]
01/07/2021 12:08:02 Task [ 0] updates[239500] train loss[0.04832] remaining[0:11:51]
01/07/2021 12:08:57 Task [ 0] updates[240000] train loss[0.04829] remaining[0:10:50]
01/07/2021 12:09:50 Task [ 0] updates[240500] train loss[0.04828] remaining[0:09:48]
01/07/2021 12:10:51 Task [ 0] updates[241000] train loss[0.04825] remaining[0:08:49]
01/07/2021 12:11:58 Task [ 0] updates[241500] train loss[0.04823] remaining[0:07:51]
01/07/2021 12:13:06 Task [ 0] updates[242000] train loss[0.04819] remaining[0:06:52]
01/07/2021 12:14:11 Task [ 0] updates[242500] train loss[0.04815] remaining[0:05:53]
01/07/2021 12:15:12 Task [ 0] updates[243000] train loss[0.04814] remaining[0:04:53]
01/07/2021 12:16:13 Task [ 0] updates[243500] train loss[0.04812] remaining[0:03:53]
01/07/2021 12:17:13 Task [ 0] updates[244000] train loss[0.04809] remaining[0:02:53]
01/07/2021 12:18:10 Task [ 0] updates[244500] train loss[0.04805] remaining[0:01:52]
01/07/2021 12:19:10 Task [ 0] updates[245000] train loss[0.04801] remaining[0:00:52]
01/07/2021 12:20:17 Task mnli_matched -- epoch 9 -- Dev ACC: 84.534
01/07/2021 12:20:34 [new test scores saved.]
01/07/2021 12:20:51 Task mnli_mismatched -- epoch 9 -- Dev ACC: 84.601
01/07/2021 12:21:08 [new test scores saved.]
01/07/2021 12:21:12 At epoch 10
01/07/2021 12:21:20 Task [ 0] updates[245500] train loss[0.04799] remaining[0:47:48]
01/07/2021 12:22:21 Task [ 0] updates[246000] train loss[0.04795] remaining[0:48:55]
01/07/2021 12:23:26 Task [ 0] updates[246500] train loss[0.04793] remaining[0:49:17]
01/07/2021 12:24:26 Task [ 0] updates[247000] train loss[0.04791] remaining[0:47:36]
01/07/2021 12:25:23 Task [ 0] updates[247500] train loss[0.04788] remaining[0:45:35]
01/07/2021 12:26:19 Task [ 0] updates[248000] train loss[0.04784] remaining[0:43:53]
01/07/2021 12:27:17 Task [ 0] updates[248500] train loss[0.04782] remaining[0:42:40]
01/07/2021 12:28:17 Task [ 0] updates[249000] train loss[0.04779] remaining[0:41:40]
01/07/2021 12:29:15 Task [ 0] updates[249500] train loss[0.04776] remaining[0:40:33]
01/07/2021 12:30:14 Task [ 0] updates[250000] train loss[0.04773] remaining[0:39:35]
01/07/2021 12:31:06 Task [ 0] updates[250500] train loss[0.04771] remaining[0:38:05]
01/07/2021 12:32:03 Task [ 0] updates[251000] train loss[0.04768] remaining[0:37:00]
01/07/2021 12:32:59 Task [ 0] updates[251500] train loss[0.04766] remaining[0:35:54]
01/07/2021 12:34:03 Task [ 0] updates[252000] train loss[0.04763] remaining[0:35:13]
01/07/2021 12:35:01 Task [ 0] updates[252500] train loss[0.04760] remaining[0:34:11]
01/07/2021 12:35:57 Task [ 0] updates[253000] train loss[0.04757] remaining[0:33:07]
01/07/2021 12:36:53 Task [ 0] updates[253500] train loss[0.04755] remaining[0:32:02]
01/07/2021 12:37:50 Task [ 0] updates[254000] train loss[0.04755] remaining[0:31:02]
01/07/2021 12:38:48 Task [ 0] updates[254500] train loss[0.04753] remaining[0:30:03]
01/07/2021 12:39:46 Task [ 0] updates[255000] train loss[0.04751] remaining[0:29:05]
01/07/2021 12:40:39 Task [ 0] updates[255500] train loss[0.04749] remaining[0:27:59]
01/07/2021 12:41:41 Task [ 0] updates[256000] train loss[0.04747] remaining[0:27:07]
01/07/2021 12:42:40 Task [ 0] updates[256500] train loss[0.04744] remaining[0:26:09]
01/07/2021 12:43:36 Task [ 0] updates[257000] train loss[0.04740] remaining[0:25:08]
01/07/2021 12:44:36 Task [ 0] updates[257500] train loss[0.04737] remaining[0:24:12]
01/07/2021 12:45:31 Task [ 0] updates[258000] train loss[0.04736] remaining[0:23:11]
01/07/2021 12:46:27 Task [ 0] updates[258500] train loss[0.04732] remaining[0:22:11]
01/07/2021 12:47:22 Task [ 0] updates[259000] train loss[0.04729] remaining[0:21:11]
01/07/2021 12:48:17 Task [ 0] updates[259500] train loss[0.04723] remaining[0:20:11]
01/07/2021 12:49:17 Task [ 0] updates[260000] train loss[0.04721] remaining[0:19:14]
01/07/2021 12:50:13 Task [ 0] updates[260500] train loss[0.04718] remaining[0:18:15]
01/07/2021 12:51:10 Task [ 0] updates[261000] train loss[0.04716] remaining[0:17:17]
01/07/2021 12:52:07 Task [ 0] updates[261500] train loss[0.04715] remaining[0:16:19]
01/07/2021 12:53:03 Task [ 0] updates[262000] train loss[0.04711] remaining[0:15:21]
01/07/2021 12:54:10 Task [ 0] updates[262500] train loss[0.04709] remaining[0:14:27]
01/07/2021 12:55:10 Task [ 0] updates[263000] train loss[0.04705] remaining[0:13:30]
01/07/2021 12:56:06 Task [ 0] updates[263500] train loss[0.04703] remaining[0:12:31]
01/07/2021 12:57:07 Task [ 0] updates[264000] train loss[0.04699] remaining[0:11:34]
01/07/2021 12:57:59 Task [ 0] updates[264500] train loss[0.04697] remaining[0:10:34]
01/07/2021 12:58:50 Task [ 0] updates[265000] train loss[0.04694] remaining[0:09:35]
01/07/2021 12:59:46 Task [ 0] updates[265500] train loss[0.04691] remaining[0:08:37]
01/07/2021 01:00:43 Task [ 0] updates[266000] train loss[0.04687] remaining[0:07:39]
01/07/2021 01:01:37 Task [ 0] updates[266500] train loss[0.04684] remaining[0:06:41]
01/07/2021 01:02:31 Task [ 0] updates[267000] train loss[0.04681] remaining[0:05:43]
01/07/2021 01:03:25 Task [ 0] updates[267500] train loss[0.04678] remaining[0:04:45]
01/07/2021 01:04:21 Task [ 0] updates[268000] train loss[0.04675] remaining[0:03:47]
01/07/2021 01:05:13 Task [ 0] updates[268500] train loss[0.04671] remaining[0:02:49]
01/07/2021 01:06:04 Task [ 0] updates[269000] train loss[0.04668] remaining[0:01:52]
01/07/2021 01:06:54 Task [ 0] updates[269500] train loss[0.04663] remaining[0:00:55]
01/07/2021 01:08:00 Task mnli_matched -- epoch 10 -- Dev ACC: 84.269
01/07/2021 01:08:17 [new test scores saved.]
01/07/2021 01:08:34 Task mnli_mismatched -- epoch 10 -- Dev ACC: 84.296
01/07/2021 01:08:52 [new test scores saved.]
01/07/2021 01:08:56 At epoch 11
01/07/2021 01:08:58 Task [ 0] updates[270000] train loss[0.04661] remaining[0:43:42]
01/07/2021 01:09:49 Task [ 0] updates[270500] train loss[0.04658] remaining[0:40:50]
01/07/2021 01:10:42 Task [ 0] updates[271000] train loss[0.04654] remaining[0:41:00]
01/07/2021 01:11:33 Task [ 0] updates[271500] train loss[0.04650] remaining[0:39:46]
01/07/2021 01:12:26 Task [ 0] updates[272000] train loss[0.04648] remaining[0:39:04]
01/07/2021 01:13:28 Task [ 0] updates[272500] train loss[0.04643] remaining[0:39:43]
01/07/2021 01:14:24 Task [ 0] updates[273000] train loss[0.04640] remaining[0:39:01]
01/07/2021 01:15:20 Task [ 0] updates[273500] train loss[0.04638] remaining[0:38:17]
01/07/2021 01:16:16 Task [ 0] updates[274000] train loss[0.04635] remaining[0:37:28]
01/07/2021 01:17:11 Task [ 0] updates[274500] train loss[0.04631] remaining[0:36:36]
01/07/2021 01:18:08 Task [ 0] updates[275000] train loss[0.04629] remaining[0:35:50]
01/07/2021 01:19:14 Task [ 0] updates[275500] train loss[0.04626] remaining[0:35:32]
01/07/2021 01:20:14 Task [ 0] updates[276000] train loss[0.04622] remaining[0:34:49]
01/07/2021 01:21:11 Task [ 0] updates[276500] train loss[0.04620] remaining[0:33:52]
01/07/2021 01:22:06 Task [ 0] updates[277000] train loss[0.04614] remaining[0:32:53]
01/07/2021 01:23:02 Task [ 0] updates[277500] train loss[0.04611] remaining[0:31:57]
01/07/2021 01:23:59 Task [ 0] updates[278000] train loss[0.04608] remaining[0:31:01]
01/07/2021 01:24:56 Task [ 0] updates[278500] train loss[0.04606] remaining[0:30:05]
01/07/2021 01:25:52 Task [ 0] updates[279000] train loss[0.04601] remaining[0:29:10]
01/07/2021 01:26:49 Task [ 0] updates[279500] train loss[0.04597] remaining[0:28:14]
01/07/2021 01:27:44 Task [ 0] updates[280000] train loss[0.04594] remaining[0:27:15]
01/07/2021 01:28:37 Task [ 0] updates[280500] train loss[0.04590] remaining[0:26:15]
01/07/2021 01:29:29 Task [ 0] updates[281000] train loss[0.04588] remaining[0:25:13]
01/07/2021 01:30:20 Task [ 0] updates[281500] train loss[0.04584] remaining[0:24:12]
01/07/2021 01:31:17 Task [ 0] updates[282000] train loss[0.04580] remaining[0:23:17]
01/07/2021 01:32:15 Task [ 0] updates[282500] train loss[0.04576] remaining[0:22:24]
01/07/2021 01:33:16 Task [ 0] updates[283000] train loss[0.04572] remaining[0:21:33]
01/07/2021 01:34:12 Task [ 0] updates[283500] train loss[0.04569] remaining[0:20:37]
01/07/2021 01:35:09 Task [ 0] updates[284000] train loss[0.04567] remaining[0:19:41]
01/07/2021 01:36:04 Task [ 0] updates[284500] train loss[0.04564] remaining[0:18:44]
01/07/2021 01:36:59 Task [ 0] updates[285000] train loss[0.04561] remaining[0:17:47]
01/07/2021 01:37:54 Task [ 0] updates[285500] train loss[0.04558] remaining[0:16:51]
01/07/2021 01:38:47 Task [ 0] updates[286000] train loss[0.04555] remaining[0:15:53]
01/07/2021 01:39:37 Task [ 0] updates[286500] train loss[0.04553] remaining[0:14:54]
01/07/2021 01:40:28 Task [ 0] updates[287000] train loss[0.04549] remaining[0:13:57]
01/07/2021 01:41:20 Task [ 0] updates[287500] train loss[0.04546] remaining[0:13:00]
01/07/2021 01:42:12 Task [ 0] updates[288000] train loss[0.04542] remaining[0:12:03]
01/07/2021 01:43:06 Task [ 0] updates[288500] train loss[0.04538] remaining[0:11:07]
01/07/2021 01:44:03 Task [ 0] updates[289000] train loss[0.04535] remaining[0:10:12]
01/07/2021 01:45:00 Task [ 0] updates[289500] train loss[0.04532] remaining[0:09:17]
01/07/2021 01:45:56 Task [ 0] updates[290000] train loss[0.04529] remaining[0:08:22]
01/07/2021 01:46:53 Task [ 0] updates[290500] train loss[0.04527] remaining[0:07:27]
01/07/2021 01:47:50 Task [ 0] updates[291000] train loss[0.04525] remaining[0:06:31]
01/07/2021 01:48:46 Task [ 0] updates[291500] train loss[0.04521] remaining[0:05:36]
01/07/2021 01:49:42 Task [ 0] updates[292000] train loss[0.04518] remaining[0:04:40]
01/07/2021 01:50:36 Task [ 0] updates[292500] train loss[0.04514] remaining[0:03:45]
01/07/2021 01:51:33 Task [ 0] updates[293000] train loss[0.04512] remaining[0:02:49]
01/07/2021 01:52:35 Task [ 0] updates[293500] train loss[0.04510] remaining[0:01:54]
01/07/2021 01:53:39 Task [ 0] updates[294000] train loss[0.04507] remaining[0:00:58]
01/07/2021 01:54:37 Task [ 0] updates[294500] train loss[0.04503] remaining[0:00:03]
01/07/2021 01:54:57 Task mnli_matched -- epoch 11 -- Dev ACC: 84.615
01/07/2021 01:55:14 [new test scores saved.]
01/07/2021 01:55:31 Task mnli_mismatched -- epoch 11 -- Dev ACC: 84.500
01/07/2021 01:55:48 [new test scores saved.]
01/07/2021 01:55:52 At epoch 12
01/07/2021 01:56:46 Task [ 0] updates[295000] train loss[0.04500] remaining[0:45:10]
01/07/2021 01:57:40 Task [ 0] updates[295500] train loss[0.04497] remaining[0:43:28]
01/07/2021 01:58:45 Task [ 0] updates[296000] train loss[0.04494] remaining[0:45:02]
01/07/2021 01:59:44 Task [ 0] updates[296500] train loss[0.04493] remaining[0:44:15]
01/07/2021 02:00:41 Task [ 0] updates[297000] train loss[0.04488] remaining[0:42:59]
01/07/2021 02:01:38 Task [ 0] updates[297500] train loss[0.04487] remaining[0:41:49]
01/07/2021 02:02:35 Task [ 0] updates[298000] train loss[0.04485] remaining[0:40:45]
01/07/2021 02:03:30 Task [ 0] updates[298500] train loss[0.04482] remaining[0:39:31]
01/07/2021 02:04:25 Task [ 0] updates[299000] train loss[0.04479] remaining[0:38:19]
01/07/2021 02:05:18 Task [ 0] updates[299500] train loss[0.04477] remaining[0:37:05]
01/07/2021 02:06:11 Task [ 0] updates[300000] train loss[0.04474] remaining[0:35:55]
01/07/2021 02:07:04 Task [ 0] updates[300500] train loss[0.04470] remaining[0:34:48]
01/07/2021 02:07:57 Task [ 0] updates[301000] train loss[0.04468] remaining[0:33:43]
01/07/2021 02:08:49 Task [ 0] updates[301500] train loss[0.04466] remaining[0:32:38]
01/07/2021 02:09:43 Task [ 0] updates[302000] train loss[0.04463] remaining[0:31:37]
01/07/2021 02:10:35 Task [ 0] updates[302500] train loss[0.04462] remaining[0:30:35]
01/07/2021 02:11:28 Task [ 0] updates[303000] train loss[0.04462] remaining[0:29:35]
01/07/2021 02:12:22 Task [ 0] updates[303500] train loss[0.04464] remaining[0:28:37]
01/07/2021 02:13:16 Task [ 0] updates[304000] train loss[0.04496] remaining[0:27:40]
01/07/2021 02:14:11 Task [ 0] updates[304500] train loss[0.04667] remaining[0:26:45]
01/07/2021 02:15:06 Task [ 0] updates[305000] train loss[0.05121] remaining[0:25:50]
01/07/2021 02:16:01 Task [ 0] updates[305500] train loss[0.05817] remaining[0:24:55]
01/07/2021 02:16:56 Task [ 0] updates[306000] train loss[0.07073] remaining[0:24:00]
01/07/2021 02:17:52 Task [ 0] updates[306500] train loss[0.08542] remaining[0:23:05]
01/07/2021 02:18:46 Task [ 0] updates[307000] train loss[0.10101] remaining[0:22:09]
01/07/2021 02:19:40 Task [ 0] updates[307500] train loss[0.11750] remaining[0:21:13]
01/07/2021 02:20:36 Task [ 0] updates[308000] train loss[0.13546] remaining[0:20:19]
01/07/2021 02:21:31 Task [ 0] updates[308500] train loss[0.15400] remaining[0:19:24]
01/07/2021 02:22:26 Task [ 0] updates[309000] train loss[0.17368] remaining[0:18:29]
01/07/2021 02:23:22 Task [ 0] updates[309500] train loss[0.19428] remaining[0:17:34]
01/07/2021 02:24:26 Task [ 0] updates[310000] train loss[0.21594] remaining[0:16:44]
01/07/2021 02:25:22 Task [ 0] updates[310500] train loss[0.23808] remaining[0:15:49]
01/07/2021 02:26:17 Task [ 0] updates[311000] train loss[0.26118] remaining[0:14:54]
01/07/2021 02:27:11 Task [ 0] updates[311500] train loss[0.28619] remaining[0:13:58]
01/07/2021 02:28:09 Task [ 0] updates[312000] train loss[0.31179] remaining[0:13:03]
01/07/2021 02:29:07 Task [ 0] updates[312500] train loss[0.33824] remaining[0:12:09]
01/07/2021 02:30:04 Task [ 0] updates[313000] train loss[0.36537] remaining[0:11:14]
01/07/2021 02:31:01 Task [ 0] updates[313500] train loss[0.39413] remaining[0:10:19]
01/07/2021 02:31:57 Task [ 0] updates[314000] train loss[0.42368] remaining[0:09:23]
01/07/2021 02:32:53 Task [ 0] updates[314500] train loss[0.45430] remaining[0:08:28]
01/07/2021 02:33:50 Task [ 0] updates[315000] train loss[0.48554] remaining[0:07:33]
01/07/2021 02:34:47 Task [ 0] updates[315500] train loss[0.51843] remaining[0:06:37]
01/07/2021 02:35:45 Task [ 0] updates[316000] train loss[0.55238] remaining[0:05:42]
01/07/2021 02:36:44 Task [ 0] updates[316500] train loss[0.58775] remaining[0:04:46]
01/07/2021 02:37:40 Task [ 0] updates[317000] train loss[0.62429] remaining[0:03:51]
01/07/2021 02:38:36 Task [ 0] updates[317500] train loss[0.66149] remaining[0:02:55]
01/07/2021 02:39:33 Task [ 0] updates[318000] train loss[0.69967] remaining[0:01:59]
01/07/2021 02:40:30 Task [ 0] updates[318500] train loss[0.73961] remaining[0:01:03]
01/07/2021 02:41:27 Task [ 0] updates[319000] train loss[0.78079] remaining[0:00:08]
01/07/2021 02:41:51 Task mnli_matched -- epoch 12 -- Dev ACC: 32.736
01/07/2021 02:42:08 [new test scores saved.]
01/07/2021 02:42:25 Task mnli_mismatched -- epoch 12 -- Dev ACC: 32.954
01/07/2021 02:42:43 [new test scores saved.]
01/07/2021 02:42:47 At epoch 13
01/07/2021 02:43:33 Task [ 0] updates[319500] train loss[0.82350] remaining[0:43:25]
01/07/2021 02:44:33 Task [ 0] updates[320000] train loss[0.86753] remaining[0:44:56]
01/07/2021 02:45:28 Task [ 0] updates[320500] train loss[0.91223] remaining[0:43:31]
01/07/2021 02:46:26 Task [ 0] updates[321000] train loss[0.95837] remaining[0:42:53]
01/07/2021 02:47:25 Task [ 0] updates[321500] train loss[1.00651] remaining[0:42:16]
01/07/2021 02:48:24 Task [ 0] updates[322000] train loss[1.05504] remaining[0:41:25]
01/07/2021 02:49:22 Task [ 0] updates[322500] train loss[1.10541] remaining[0:40:32]
01/07/2021 02:50:21 Task [ 0] updates[323000] train loss[1.15675] remaining[0:39:45]
01/07/2021 02:51:20 Task [ 0] updates[323500] train loss[1.20883] remaining[0:38:49]
01/07/2021 02:52:12 Task [ 0] updates[324000] train loss[1.26293] remaining[0:37:27]
01/07/2021 02:53:13 Task [ 0] updates[324500] train loss[1.31926] remaining[0:36:44]
01/07/2021 02:54:15 Task [ 0] updates[325000] train loss[1.37716] remaining[0:35:59]
01/07/2021 02:55:12 Task [ 0] updates[325500] train loss[1.43628] remaining[0:35:01]
01/07/2021 02:56:10 Task [ 0] updates[326000] train loss[1.49661] remaining[0:34:00]
01/07/2021 02:57:07 Task [ 0] updates[326500] train loss[1.55741] remaining[0:33:02]
01/07/2021 02:58:04 Task [ 0] updates[327000] train loss[1.62024] remaining[0:32:00]
01/07/2021 02:59:01 Task [ 0] updates[327500] train loss[1.68469] remaining[0:31:01]
01/07/2021 02:59:58 Task [ 0] updates[328000] train loss[1.75148] remaining[0:30:03]
01/07/2021 03:00:57 Task [ 0] updates[328500] train loss[1.81835] remaining[0:29:08]
01/07/2021 03:01:59 Task [ 0] updates[329000] train loss[1.88889] remaining[0:28:15]
01/07/2021 03:02:59 Task [ 0] updates[329500] train loss[1.96090] remaining[0:27:20]
01/07/2021 03:03:59 Task [ 0] updates[330000] train loss[2.03396] remaining[0:26:25]
01/07/2021 03:04:58 Task [ 0] updates[330500] train loss[2.10732] remaining[0:25:27]
01/07/2021 03:05:53 Task [ 0] updates[331000] train loss[2.18380] remaining[0:24:25]
01/07/2021 03:06:45 Task [ 0] updates[331500] train loss[2.26058] remaining[0:23:21]
01/07/2021 03:07:43 Task [ 0] updates[332000] train loss[2.33909] remaining[0:22:23]
01/07/2021 03:08:41 Task [ 0] updates[332500] train loss[2.42131] remaining[0:21:26]
01/07/2021 03:09:38 Task [ 0] updates[333000] train loss[2.50360] remaining[0:20:28]
01/07/2021 03:10:37 Task [ 0] updates[333500] train loss[2.58839] remaining[0:19:30]
01/07/2021 03:11:34 Task [ 0] updates[334000] train loss[2.67382] remaining[0:18:32]
01/07/2021 03:12:30 Task [ 0] updates[334500] train loss[2.76276] remaining[0:17:33]
01/07/2021 03:13:26 Task [ 0] updates[335000] train loss[2.85095] remaining[0:16:34]
01/07/2021 03:14:23 Task [ 0] updates[335500] train loss[2.94118] remaining[0:15:36]
01/07/2021 03:15:21 Task [ 0] updates[336000] train loss[3.03628] remaining[0:14:39]
01/07/2021 03:16:19 Task [ 0] updates[336500] train loss[3.13212] remaining[0:13:41]
01/07/2021 03:17:16 Task [ 0] updates[337000] train loss[3.22938] remaining[0:12:43]
01/07/2021 03:18:13 Task [ 0] updates[337500] train loss[3.32727] remaining[0:11:45]
01/07/2021 03:19:11 Task [ 0] updates[338000] train loss[3.42919] remaining[0:10:48]
01/07/2021 03:20:10 Task [ 0] updates[338500] train loss[3.53158] remaining[0:09:50]
01/07/2021 03:21:09 Task [ 0] updates[339000] train loss[3.63587] remaining[0:08:53]
01/07/2021 03:22:07 Task [ 0] updates[339500] train loss[3.74097] remaining[0:07:55]
01/07/2021 03:23:05 Task [ 0] updates[340000] train loss[3.84906] remaining[0:06:57]
01/07/2021 03:24:02 Task [ 0] updates[340500] train loss[3.96030] remaining[0:05:59]
01/07/2021 03:25:03 Task [ 0] updates[341000] train loss[4.07260] remaining[0:05:02]
01/07/2021 03:26:02 Task [ 0] updates[341500] train loss[4.18807] remaining[0:04:04]
01/07/2021 03:27:00 Task [ 0] updates[342000] train loss[4.30407] remaining[0:03:06]
01/07/2021 03:28:01 Task [ 0] updates[342500] train loss[4.42067] remaining[0:02:09]
01/07/2021 03:29:05 Task [ 0] updates[343000] train loss[4.54154] remaining[0:01:11]
01/07/2021 03:30:06 Task [ 0] updates[343500] train loss[4.66435] remaining[0:00:13]
01/07/2021 03:30:37 Task mnli_matched -- epoch 13 -- Dev ACC: 32.736
01/07/2021 03:30:54 [new test scores saved.]
01/07/2021 03:31:11 Task mnli_mismatched -- epoch 13 -- Dev ACC: 32.954
01/07/2021 03:31:28 [new test scores saved.]
01/07/2021 03:31:32 At epoch 14
01/07/2021 03:32:15 Task [ 0] updates[344000] train loss[4.78988] remaining[0:44:12]
01/07/2021 03:33:08 Task [ 0] updates[344500] train loss[4.91787] remaining[0:42:35]
01/07/2021 03:34:06 Task [ 0] updates[345000] train loss[5.04593] remaining[0:42:42]
01/07/2021 03:35:02 Task [ 0] updates[345500] train loss[5.17668] remaining[0:42:06]
01/07/2021 03:35:56 Task [ 0] updates[346000] train loss[5.31088] remaining[0:40:50]
01/07/2021 03:36:48 Task [ 0] updates[346500] train loss[5.44663] remaining[0:39:33]
01/07/2021 03:37:43 Task [ 0] updates[347000] train loss[5.58378] remaining[0:38:36]
01/07/2021 03:38:36 Task [ 0] updates[347500] train loss[5.72301] remaining[0:37:33]
01/07/2021 03:39:36 Task [ 0] updates[348000] train loss[5.86283] remaining[0:37:04]
01/07/2021 03:40:36 Task [ 0] updates[348500] train loss[6.00526] remaining[0:36:28]
01/07/2021 03:41:37 Task [ 0] updates[349000] train loss[6.15361] remaining[0:35:51]
01/07/2021 03:42:39 Task [ 0] updates[349500] train loss[6.30399] remaining[0:35:14]
01/07/2021 03:43:48 Task [ 0] updates[350000] train loss[6.45645] remaining[0:34:52]
01/07/2021 03:44:52 Task [ 0] updates[350500] train loss[6.61004] remaining[0:34:11]
01/07/2021 03:45:55 Task [ 0] updates[351000] train loss[6.76365] remaining[0:33:23]
01/07/2021 03:47:00 Task [ 0] updates[351500] train loss[6.92115] remaining[0:32:39]
01/07/2021 03:48:14 Task [ 0] updates[352000] train loss[7.08019] remaining[0:32:10]
01/07/2021 03:49:30 Task [ 0] updates[352500] train loss[7.24403] remaining[0:31:40]
01/07/2021 03:50:43 Task [ 0] updates[353000] train loss[7.40700] remaining[0:30:58]
01/07/2021 03:51:43 Task [ 0] updates[353500] train loss[7.57659] remaining[0:29:55]
01/07/2021 03:52:43 Task [ 0] updates[354000] train loss[7.74952] remaining[0:28:52]
01/07/2021 03:53:40 Task [ 0] updates[354500] train loss[7.92284] remaining[0:27:46]
01/07/2021 03:54:38 Task [ 0] updates[355000] train loss[8.09575] remaining[0:26:41]
01/07/2021 03:55:40 Task [ 0] updates[355500] train loss[8.27367] remaining[0:25:42]
01/07/2021 03:56:48 Task [ 0] updates[356000] train loss[8.45215] remaining[0:24:48]
01/07/2021 03:57:58 Task [ 0] updates[356500] train loss[8.63321] remaining[0:23:55]
01/07/2021 03:59:07 Task [ 0] updates[357000] train loss[8.81865] remaining[0:22:59]
01/07/2021 04:00:16 Task [ 0] updates[357500] train loss[9.00588] remaining[0:22:03]
01/07/2021 04:01:27 Task [ 0] updates[358000] train loss[9.19721] remaining[0:21:07]
01/07/2021 04:02:37 Task [ 0] updates[358500] train loss[9.38866] remaining[0:20:09]
01/07/2021 04:03:45 Task [ 0] updates[359000] train loss[9.58447] remaining[0:19:10]
01/07/2021 04:04:55 Task [ 0] updates[359500] train loss[9.77901] remaining[0:18:11]
01/07/2021 04:05:55 Task [ 0] updates[360000] train loss[9.97724] remaining[0:17:07]
01/07/2021 04:07:00 Task [ 0] updates[360500] train loss[10.18306] remaining[0:16:05]
01/07/2021 04:08:06 Task [ 0] updates[361000] train loss[10.39051] remaining[0:15:03]
01/07/2021 04:09:14 Task [ 0] updates[361500] train loss[10.59883] remaining[0:14:02]
01/07/2021 04:10:20 Task [ 0] updates[362000] train loss[10.80805] remaining[0:12:59]
01/07/2021 04:11:28 Task [ 0] updates[362500] train loss[11.02327] remaining[0:11:58]
01/07/2021 04:12:37 Task [ 0] updates[363000] train loss[11.23922] remaining[0:10:56]
01/07/2021 04:13:44 Task [ 0] updates[363500] train loss[11.45678] remaining[0:09:53]
01/07/2021 04:14:48 Task [ 0] updates[364000] train loss[11.67594] remaining[0:08:49]
01/07/2021 04:15:53 Task [ 0] updates[364500] train loss[11.89847] remaining[0:07:46]
01/07/2021 04:16:57 Task [ 0] updates[365000] train loss[12.12694] remaining[0:06:42]
01/07/2021 04:18:02 Task [ 0] updates[365500] train loss[12.35598] remaining[0:05:39]
01/07/2021 04:19:05 Task [ 0] updates[366000] train loss[12.59082] remaining[0:04:35]
01/07/2021 04:20:12 Task [ 0] updates[366500] train loss[12.82323] remaining[0:03:31]
01/07/2021 04:21:18 Task [ 0] updates[367000] train loss[13.05835] remaining[0:02:28]
01/07/2021 04:22:28 Task [ 0] updates[367500] train loss[13.29918] remaining[0:01:24]
01/07/2021 04:23:36 Task [ 0] updates[368000] train loss[13.54337] remaining[0:00:20]
01/07/2021 04:24:23 Task mnli_matched -- epoch 14 -- Dev ACC: 32.736
01/07/2021 04:24:45 [new test scores saved.]
01/07/2021 04:25:08 Task mnli_mismatched -- epoch 14 -- Dev ACC: 32.954
01/07/2021 04:25:29 [new test scores saved.]
01/07/2021 04:25:34 At epoch 15
01/07/2021 04:26:20 Task [ 0] updates[368500] train loss[13.79227] remaining[0:54:55]
